Starting job 18226546 on c5-60 on Saga at Wed Jun 3 14:49:15 CEST 2026

Started: Wed Jun  3 14:49:15 CEST 2026
Job: 18226546; task: 28
Host: c5-60
Trait: PASS.Cancer_Lung.McKay2017
Sumstats: /cluster/projects/nn9114k/datngu/database/alkes_group_data/sumstats_107/PASS.Cancer_Lung.McKay2017.sumstats.gz
*********************************************************************
* LD Score Regression (LDSC)
* Version 1.0.1
* (C) 2014-2019 Brendan Bulik-Sullivan and Hilary Finucane
* Broad Institute of MIT and Harvard / MIT Department of Mathematics
* GNU General Public License v3
*********************************************************************
Call: 
./ldsc.py \
--out /cluster/projects/nn9114k/datngu/projects/ofrei_ldsc/results/sldsc_sumstats_107/PASS.Cancer_Lung.McKay2017.sldsc_sv \
--h2 /cluster/projects/nn9114k/datngu/database/alkes_group_data/sumstats_107/PASS.Cancer_Lung.McKay2017.sumstats.gz \
--ref-ld-chr /cluster/projects/nn9114k/datngu/projects/ofrei_ldsc/ldsc_mixer_sv_reference/ldscore/chr \
--w-ld-chr /cluster/projects/nn9114k/datngu/projects/ofrei_ldsc/ldsc_mixer_sv_reference/weights/chr 

Beginning analysis at Wed Jun  3 14:49:24 2026
Reading summary statistics from /cluster/projects/nn9114k/datngu/database/alkes_group_data/sumstats_107/PASS.Cancer_Lung.McKay2017.sumstats.gz ...
Read summary statistics for 1108816 SNPs.
Reading reference panel LD Score from /cluster/projects/nn9114k/datngu/projects/ofrei_ldsc/ldsc_mixer_sv_reference/ldscore/chr[1-22] ... (ldscore_fromlist)
Read reference panel LD Scores for 9299279 SNPs.
Removing partitioned LD Scores with zero variance.
Reading regression weight LD Score from /cluster/projects/nn9114k/datngu/projects/ofrei_ldsc/ldsc_mixer_sv_reference/weights/chr[1-22] ... (ldscore_fromlist)
Read regression weight LD Scores for 9299279 SNPs.
After merging with reference panel LD, 1099218 SNPs remain.
After merging with regression SNP LD, 1099218 SNPs remain.
Removed 75 SNPs with chi^2 > 85.71600000000001 (1099143 SNPs remain)
Total Observed scale h2: 0.0767 (0.0091)
Categories: outside_regionL2_0 within_regionL2_0
Observed scale h2: 0.0668 0.0099
Observed scale h2 SE: 0.0102 0.0068
Proportion of SNPs: 0.9947 0.0053
Proportion of h2g: 0.8709 0.1291
Enrichment: 0.8756 24.4786
Coefficients: 1.1013e-08 3.0789e-07
Coefficient SE: 1.6765e-09 2.1157e-07
Lambda GC: 1.152
Mean Chi^2: 1.1699
Intercept: 1.0741 (0.0079)
Ratio: 0.436 (0.0464)
Analysis finished at Wed Jun  3 14:50:42 2026
Total time elapsed: 1.0m:18.569999999999993s
Finished: Wed Jun  3 14:50:42 CEST 2026
LDSC log: /cluster/projects/nn9114k/datngu/projects/ofrei_ldsc/results/sldsc_sumstats_107/PASS.Cancer_Lung.McKay2017.sldsc_sv.log

Job 18226546 consumed 0.1 billing hours from project nn9114k.

Submitted 2026-06-03T14:47:31; waited 1.7 minutes in the queue after becoming eligible to run.

Requested wallclock time: 6.0 hours
Elapsed wallclock time:   1.4 minutes

Job exited normally.

Task and CPU statistics:
ID              CPUs  Tasks  CPU util                Start  Elapsed  Exit status
18226546           1            0.0 %  2026-06-03T14:49:15   87.0 s  0
18226546.batch     1      1    93.3 %  2026-06-03T14:49:15   87.0 s  0

Used CPU time:   1.4 CPU minutes
Unused CPU time: 5.8 CPU seconds

Memory statistics, in GiB:
ID               Alloc   Usage
18226546          16.0        
18226546.batch    16.0     3.5

Job 18226546 completed at Wed Jun 3 14:50:43 CEST 2026
