Starting job 18226557 on c3-16 on Saga at Wed Jun 3 14:50:13 CEST 2026

Started: Wed Jun  3 14:50:13 CEST 2026
Job: 18226557; task: 39
Host: c3-16
Trait: PASS.Drinks_Per_Week.Liu2019
Sumstats: /cluster/projects/nn9114k/datngu/database/alkes_group_data/sumstats_107/PASS.Drinks_Per_Week.Liu2019.sumstats.gz
*********************************************************************
* LD Score Regression (LDSC)
* Version 1.0.1
* (C) 2014-2019 Brendan Bulik-Sullivan and Hilary Finucane
* Broad Institute of MIT and Harvard / MIT Department of Mathematics
* GNU General Public License v3
*********************************************************************
Call: 
./ldsc.py \
--out /cluster/projects/nn9114k/datngu/projects/ofrei_ldsc/results/sldsc_sumstats_107/PASS.Drinks_Per_Week.Liu2019.sldsc_sv \
--h2 /cluster/projects/nn9114k/datngu/database/alkes_group_data/sumstats_107/PASS.Drinks_Per_Week.Liu2019.sumstats.gz \
--ref-ld-chr /cluster/projects/nn9114k/datngu/projects/ofrei_ldsc/ldsc_mixer_sv_reference/ldscore/chr \
--w-ld-chr /cluster/projects/nn9114k/datngu/projects/ofrei_ldsc/ldsc_mixer_sv_reference/weights/chr 

Beginning analysis at Wed Jun  3 14:50:22 2026
Reading summary statistics from /cluster/projects/nn9114k/datngu/database/alkes_group_data/sumstats_107/PASS.Drinks_Per_Week.Liu2019.sumstats.gz ...
Read summary statistics for 352681 SNPs.
Reading reference panel LD Score from /cluster/projects/nn9114k/datngu/projects/ofrei_ldsc/ldsc_mixer_sv_reference/ldscore/chr[1-22] ... (ldscore_fromlist)
Read reference panel LD Scores for 9299279 SNPs.
Removing partitioned LD Scores with zero variance.
Reading regression weight LD Score from /cluster/projects/nn9114k/datngu/projects/ofrei_ldsc/ldsc_mixer_sv_reference/weights/chr[1-22] ... (ldscore_fromlist)
Read regression weight LD Scores for 9299279 SNPs.
After merging with reference panel LD, 350301 SNPs remain.
After merging with regression SNP LD, 350301 SNPs remain.
Removed 0 SNPs with chi^2 > 537.349 (350301 SNPs remain)
Total Observed scale h2: 0.0539 (0.0034)
Categories: outside_regionL2_0 within_regionL2_0
Observed scale h2: 0.0531 0.0008
Observed scale h2 SE: 0.0036 0.0018
Proportion of SNPs: 0.9947 0.0053
Proportion of h2g: 0.9852 0.0148
Enrichment: 0.9904 2.8044
Coefficients: 8.7474e-09 2.4768e-08
Coefficient SE: 5.9860e-10 5.6503e-08
Lambda GC: 1.3398
Mean Chi^2: 1.491
Intercept: 1.026 (0.0146)
Ratio: 0.053 (0.0298)
Analysis finished at Wed Jun  3 14:51:40 2026
Total time elapsed: 1.0m:18.67s
Finished: Wed Jun  3 14:51:40 CEST 2026
LDSC log: /cluster/projects/nn9114k/datngu/projects/ofrei_ldsc/results/sldsc_sumstats_107/PASS.Drinks_Per_Week.Liu2019.sldsc_sv.log

Job 18226557 consumed 0.1 billing hours from project nn9114k.

Submitted 2026-06-03T14:47:31; waited 2.7 minutes in the queue after becoming eligible to run.

Requested wallclock time: 6.0 hours
Elapsed wallclock time:   1.4 minutes

Job exited normally.

Task and CPU statistics:
ID              CPUs  Tasks  CPU util                Start  Elapsed  Exit status
18226557           1            0.0 %  2026-06-03T14:50:13   87.0 s  0
18226557.batch     1      1    93.6 %  2026-06-03T14:50:13   87.0 s  0

Used CPU time:   1.4 CPU minutes
Unused CPU time: 5.6 CPU seconds

Memory statistics, in GiB:
ID               Alloc   Usage
18226557          16.0        
18226557.batch    16.0     3.5

Job 18226557 completed at Wed Jun 3 14:51:41 CEST 2026
