Starting job 18226620 on c3-26 on Saga at Wed Jun 3 14:55:14 CEST 2026

Started: Wed Jun  3 14:55:14 CEST 2026
Job: 18226620; task: 97
Host: c3-26
Trait: UKB_460K.bmd_HEEL_TSCOREz
Sumstats: /cluster/projects/nn9114k/datngu/database/alkes_group_data/sumstats_107/UKB_460K.bmd_HEEL_TSCOREz.sumstats.gz
*********************************************************************
* LD Score Regression (LDSC)
* Version 1.0.1
* (C) 2014-2019 Brendan Bulik-Sullivan and Hilary Finucane
* Broad Institute of MIT and Harvard / MIT Department of Mathematics
* GNU General Public License v3
*********************************************************************
Call: 
./ldsc.py \
--out /cluster/projects/nn9114k/datngu/projects/ofrei_ldsc/results/sldsc_sumstats_107/UKB_460K.bmd_HEEL_TSCOREz.sldsc_sv \
--h2 /cluster/projects/nn9114k/datngu/database/alkes_group_data/sumstats_107/UKB_460K.bmd_HEEL_TSCOREz.sumstats.gz \
--ref-ld-chr /cluster/projects/nn9114k/datngu/projects/ofrei_ldsc/ldsc_mixer_sv_reference/ldscore/chr \
--w-ld-chr /cluster/projects/nn9114k/datngu/projects/ofrei_ldsc/ldsc_mixer_sv_reference/weights/chr 

Beginning analysis at Wed Jun  3 14:55:22 2026
Reading summary statistics from /cluster/projects/nn9114k/datngu/database/alkes_group_data/sumstats_107/UKB_460K.bmd_HEEL_TSCOREz.sumstats.gz ...
Read summary statistics for 1187056 SNPs.
Reading reference panel LD Score from /cluster/projects/nn9114k/datngu/projects/ofrei_ldsc/ldsc_mixer_sv_reference/ldscore/chr[1-22] ... (ldscore_fromlist)
Read reference panel LD Scores for 9299279 SNPs.
Removing partitioned LD Scores with zero variance.
Reading regression weight LD Score from /cluster/projects/nn9114k/datngu/projects/ofrei_ldsc/ldsc_mixer_sv_reference/weights/chr[1-22] ... (ldscore_fromlist)
Read regression weight LD Scores for 9299279 SNPs.
After merging with reference panel LD, 1171188 SNPs remain.
After merging with regression SNP LD, 1171188 SNPs remain.
Removed 598 SNPs with chi^2 > 445.921 (1170590 SNPs remain)
Total Observed scale h2: 0.3975 (0.0259)
Categories: outside_regionL2_0 within_regionL2_0
Observed scale h2: 0.3868 0.0106
Observed scale h2 SE: 0.0277 0.0109
Proportion of SNPs: 0.9947 0.0053
Proportion of h2g: 0.9733 0.0267
Enrichment: 0.9785 5.0653
Coefficients: 6.3736e-08 3.2995e-07
Coefficient SE: 4.5666e-09 3.3942e-07
Lambda GC: 2.175
Mean Chi^2: 4.0376
Intercept: 1.7527 (0.0685)
Ratio: 0.2478 (0.0226)
Analysis finished at Wed Jun  3 14:56:37 2026
Total time elapsed: 1.0m:15.079999999999998s
Finished: Wed Jun  3 14:56:37 CEST 2026
LDSC log: /cluster/projects/nn9114k/datngu/projects/ofrei_ldsc/results/sldsc_sumstats_107/UKB_460K.bmd_HEEL_TSCOREz.sldsc_sv.log

Job 18226620 consumed 0.1 billing hours from project nn9114k.

Submitted 2026-06-03T14:47:31; waited 7.7 minutes in the queue after becoming eligible to run.

Requested wallclock time: 6.0 hours
Elapsed wallclock time:   1.4 minutes

Job exited normally.

Task and CPU statistics:
ID              CPUs  Tasks  CPU util                Start  Elapsed  Exit status
18226620           1            0.0 %  2026-06-03T14:55:14   83.0 s  0
18226620.batch     1      1    93.3 %  2026-06-03T14:55:14   83.0 s  0

Used CPU time:   1.3 CPU minutes
Unused CPU time: 5.5 CPU seconds

Memory statistics, in GiB:
ID               Alloc   Usage
18226620          16.0        
18226620.batch    16.0     3.6

Job 18226620 completed at Wed Jun 3 14:56:37 CEST 2026
