Starting job 18226630 on c2-36 on Saga at Wed Jun 3 14:55:45 CEST 2026

Started: Wed Jun  3 14:55:45 CEST 2026
Host: c2-36
Converted sumstats: /cluster/projects/nn9114k/datngu/projects/ofrei_ldsc/results/sldsc_sumstats_107/FIXED.Schizophrenia.Trubetskoy2022.converted.sumstats.gz
*********************************************************************
* LD Score Regression (LDSC)
* Version 1.0.1
* (C) 2014-2019 Brendan Bulik-Sullivan and Hilary Finucane
* Broad Institute of MIT and Harvard / MIT Department of Mathematics
* GNU General Public License v3
*********************************************************************
Call: 
./ldsc.py \
--out /cluster/projects/nn9114k/datngu/projects/ofrei_ldsc/results/sldsc_sumstats_107/FIXED.Schizophrenia.Trubetskoy2022.sldsc_sv \
--h2 /cluster/projects/nn9114k/datngu/projects/ofrei_ldsc/results/sldsc_sumstats_107/FIXED.Schizophrenia.Trubetskoy2022.converted.sumstats.gz \
--ref-ld-chr /cluster/projects/nn9114k/datngu/projects/ofrei_ldsc/ldsc_mixer_sv_reference/ldscore/chr \
--w-ld-chr /cluster/projects/nn9114k/datngu/projects/ofrei_ldsc/ldsc_mixer_sv_reference/weights/chr 

Beginning analysis at Wed Jun  3 14:55:55 2026
Reading summary statistics from /cluster/projects/nn9114k/datngu/projects/ofrei_ldsc/results/sldsc_sumstats_107/FIXED.Schizophrenia.Trubetskoy2022.converted.sumstats.gz ...
Read summary statistics for 7659767 SNPs.
Reading reference panel LD Score from /cluster/projects/nn9114k/datngu/projects/ofrei_ldsc/ldsc_mixer_sv_reference/ldscore/chr[1-22] ... (ldscore_fromlist)
Read reference panel LD Scores for 9299279 SNPs.
Removing partitioned LD Scores with zero variance.
Reading regression weight LD Score from /cluster/projects/nn9114k/datngu/projects/ofrei_ldsc/ldsc_mixer_sv_reference/weights/chr[1-22] ... (ldscore_fromlist)
Read regression weight LD Scores for 9299279 SNPs.
After merging with reference panel LD, 7304473 SNPs remain.
After merging with regression SNP LD, 7304473 SNPs remain.
Removed 0 SNPs with chi^2 > 126.28197507730933 (7304473 SNPs remain)
Total Observed scale h2: 0.3748 (0.0131)
Categories: outside_regionL2_0 within_regionL2_0
Observed scale h2: 0.3546 0.0202
Observed scale h2 SE: 0.0122 0.0082
Proportion of SNPs: 0.9947 0.0053
Proportion of h2g: 0.946 0.054
Enrichment: 0.951  10.2454
Coefficients: 5.8423e-08 6.2940e-07
Coefficient SE: 2.0033e-09 2.5507e-07
Lambda GC: 1.6236
Mean Chi^2: 1.8605
Intercept: 1.1637 (0.0071)
Ratio: 0.1903 (0.0082)
Analysis finished at Wed Jun  3 14:57:51 2026
Total time elapsed: 1.0m:55.790000000000006s
Finished: Wed Jun  3 14:57:51 CEST 2026
LDSC log: /cluster/projects/nn9114k/datngu/projects/ofrei_ldsc/results/sldsc_sumstats_107/FIXED.Schizophrenia.Trubetskoy2022.sldsc_sv.log

Job 18226630 consumed 0.1 billing hours from project nn9114k.

Submitted 2026-06-03T14:55:00; waited 45.0 seconds in the queue after becoming eligible to run.

Requested wallclock time: 6.0 hours
Elapsed wallclock time:   2.1 minutes

Job exited normally.

Task and CPU statistics:
ID              CPUs  Tasks  CPU util                Start  Elapsed  Exit status
18226630           1            0.0 %  2026-06-03T14:55:45  126.0 s  0
18226630.batch     1      1    94.2 %  2026-06-03T14:55:45  126.0 s  0

Used CPU time:   2.0 CPU minutes
Unused CPU time: 7.3 CPU seconds

Memory statistics, in GiB:
ID               Alloc   Usage
18226630          16.0        
18226630.batch    16.0     4.2

Job 18226630 completed at Wed Jun 3 14:57:51 CEST 2026
