Starting job 18226564 on c3-11 on Saga at Wed Jun 3 14:50:45 CEST 2026

Started: Wed Jun  3 14:50:45 CEST 2026
Job: 18226564; task: 46
Host: c3-11
Trait: PASS.Gastrointestinal_Disease.Donertas2021
Sumstats: /cluster/projects/nn9114k/datngu/database/alkes_group_data/sumstats_107/PASS.Gastrointestinal_Disease.Donertas2021.sumstats.gz
*********************************************************************
* LD Score Regression (LDSC)
* Version 1.0.1
* (C) 2014-2019 Brendan Bulik-Sullivan and Hilary Finucane
* Broad Institute of MIT and Harvard / MIT Department of Mathematics
* GNU General Public License v3
*********************************************************************
Call: 
./ldsc.py \
--out /cluster/projects/nn9114k/datngu/projects/ofrei_ldsc/results/sldsc_sumstats_107/PASS.Gastrointestinal_Disease.Donertas2021.sldsc_sv \
--h2 /cluster/projects/nn9114k/datngu/database/alkes_group_data/sumstats_107/PASS.Gastrointestinal_Disease.Donertas2021.sumstats.gz \
--ref-ld-chr /cluster/projects/nn9114k/datngu/projects/ofrei_ldsc/ldsc_mixer_sv_reference/ldscore/chr \
--w-ld-chr /cluster/projects/nn9114k/datngu/projects/ofrei_ldsc/ldsc_mixer_sv_reference/weights/chr 

Beginning analysis at Wed Jun  3 14:50:53 2026
Reading summary statistics from /cluster/projects/nn9114k/datngu/database/alkes_group_data/sumstats_107/PASS.Gastrointestinal_Disease.Donertas2021.sumstats.gz ...
Read summary statistics for 1179863 SNPs.
Reading reference panel LD Score from /cluster/projects/nn9114k/datngu/projects/ofrei_ldsc/ldsc_mixer_sv_reference/ldscore/chr[1-22] ... (ldscore_fromlist)
Read reference panel LD Scores for 9299279 SNPs.
Removing partitioned LD Scores with zero variance.
Reading regression weight LD Score from /cluster/projects/nn9114k/datngu/projects/ofrei_ldsc/ldsc_mixer_sv_reference/weights/chr[1-22] ... (ldscore_fromlist)
Read regression weight LD Scores for 9299279 SNPs.
After merging with reference panel LD, 1166854 SNPs remain.
After merging with regression SNP LD, 1166854 SNPs remain.
Removed 0 SNPs with chi^2 > 484.598 (1166854 SNPs remain)
Total Observed scale h2: 0.0216 (0.0015)
Categories: outside_regionL2_0 within_regionL2_0
Observed scale h2: 0.0213 0.0003
Observed scale h2 SE: 0.0015 0.0012
Proportion of SNPs: 0.9947 0.0053
Proportion of h2g: 0.9869 0.0131
Enrichment: 0.9921 2.4879
Coefficients: 3.5063e-09 8.7928e-09
Coefficient SE: 2.5329e-10 3.5857e-08
Lambda GC: 1.1889
Mean Chi^2: 1.2082
Intercept: 1.0501 (0.0072)
Ratio: 0.2407 (0.0348)
Analysis finished at Wed Jun  3 14:52:11 2026
Total time elapsed: 1.0m:18.370000000000005s
Finished: Wed Jun  3 14:52:12 CEST 2026
LDSC log: /cluster/projects/nn9114k/datngu/projects/ofrei_ldsc/results/sldsc_sumstats_107/PASS.Gastrointestinal_Disease.Donertas2021.sldsc_sv.log

Job 18226564 consumed 0.1 billing hours from project nn9114k.

Submitted 2026-06-03T14:47:31; waited 3.2 minutes in the queue after becoming eligible to run.

Requested wallclock time: 6.0 hours
Elapsed wallclock time:   1.4 minutes

Job exited normally.

Task and CPU statistics:
ID              CPUs  Tasks  CPU util                Start  Elapsed  Exit status
18226564           1            0.0 %  2026-06-03T14:50:45   87.0 s  0
18226564.batch     1      1    92.9 %  2026-06-03T14:50:45   87.0 s  0

Used CPU time:   1.3 CPU minutes
Unused CPU time: 6.2 CPU seconds

Memory statistics, in GiB:
ID               Alloc   Usage
18226564          16.0        
18226564.batch    16.0     3.6

Job 18226564 completed at Wed Jun 3 14:52:12 CEST 2026
