Starting job 18226530 on c2-33 on Saga at Wed Jun 3 14:47:45 CEST 2026

Started: Wed Jun  3 14:47:45 CEST 2026
Job: 18226530; task: 12
Host: c2-33
Trait: PANUKBB.Mouth_Teeth_Dental_Problems
Sumstats: /cluster/projects/nn9114k/datngu/database/alkes_group_data/sumstats_107/PANUKBB.Mouth_Teeth_Dental_Problems.sumstats.gz
*********************************************************************
* LD Score Regression (LDSC)
* Version 1.0.1
* (C) 2014-2019 Brendan Bulik-Sullivan and Hilary Finucane
* Broad Institute of MIT and Harvard / MIT Department of Mathematics
* GNU General Public License v3
*********************************************************************
Call: 
./ldsc.py \
--out /cluster/projects/nn9114k/datngu/projects/ofrei_ldsc/results/sldsc_sumstats_107/PANUKBB.Mouth_Teeth_Dental_Problems.sldsc_sv \
--h2 /cluster/projects/nn9114k/datngu/database/alkes_group_data/sumstats_107/PANUKBB.Mouth_Teeth_Dental_Problems.sumstats.gz \
--ref-ld-chr /cluster/projects/nn9114k/datngu/projects/ofrei_ldsc/ldsc_mixer_sv_reference/ldscore/chr \
--w-ld-chr /cluster/projects/nn9114k/datngu/projects/ofrei_ldsc/ldsc_mixer_sv_reference/weights/chr 

Beginning analysis at Wed Jun  3 14:47:53 2026
Reading summary statistics from /cluster/projects/nn9114k/datngu/database/alkes_group_data/sumstats_107/PANUKBB.Mouth_Teeth_Dental_Problems.sumstats.gz ...
Read summary statistics for 1185336 SNPs.
Reading reference panel LD Score from /cluster/projects/nn9114k/datngu/projects/ofrei_ldsc/ldsc_mixer_sv_reference/ldscore/chr[1-22] ... (ldscore_fromlist)
Read reference panel LD Scores for 9299279 SNPs.
Removing partitioned LD Scores with zero variance.
Reading regression weight LD Score from /cluster/projects/nn9114k/datngu/projects/ofrei_ldsc/ldsc_mixer_sv_reference/weights/chr[1-22] ... (ldscore_fromlist)
Read regression weight LD Scores for 9299279 SNPs.
After merging with reference panel LD, 1169649 SNPs remain.
After merging with regression SNP LD, 1169649 SNPs remain.
Removed 2 SNPs with chi^2 > 418.978 (1169647 SNPs remain)
Total Observed scale h2: 0.0275 (0.0031)
Categories: outside_regionL2_0 within_regionL2_0
Observed scale h2: 0.029  -0.0015
Observed scale h2 SE: 0.0039 0.0021
Proportion of SNPs: 0.9947 0.0053
Proportion of h2g: 1.0553 -0.0553
Enrichment: 1.0609 -10.4922
Coefficients: 4.7733e-09 -4.7207e-08
Coefficient SE: 6.4530e-10 6.3801e-08
Lambda GC: 1.1973
Mean Chi^2: 1.2713
Intercept: 1.0852 (0.0133)
Ratio: 0.314 (0.0489)
Analysis finished at Wed Jun  3 14:49:15 2026
Total time elapsed: 1.0m:21.879999999999995s
Finished: Wed Jun  3 14:49:15 CEST 2026
LDSC log: /cluster/projects/nn9114k/datngu/projects/ofrei_ldsc/results/sldsc_sumstats_107/PANUKBB.Mouth_Teeth_Dental_Problems.sldsc_sv.log

Job 18226530 consumed 0.1 billing hours from project nn9114k.

Submitted 2026-06-03T14:47:31; waited 14.0 seconds in the queue after becoming eligible to run.

Requested wallclock time: 6.0 hours
Elapsed wallclock time:   1.5 minutes

Job exited normally.

Task and CPU statistics:
ID              CPUs  Tasks  CPU util                Start  Elapsed  Exit status
18226530           1            0.0 %  2026-06-03T14:47:45   90.0 s  0
18226530.batch     1      1    92.7 %  2026-06-03T14:47:45   90.0 s  0

Used CPU time:   1.4 CPU minutes
Unused CPU time: 6.5 CPU seconds

Memory statistics, in GiB:
ID               Alloc   Usage
18226530          16.0        
18226530.batch    16.0     3.6

Job 18226530 completed at Wed Jun 3 14:49:16 CEST 2026
