Starting job 18226622 on c3-11 on Saga at Wed Jun 3 14:55:14 CEST 2026

Started: Wed Jun  3 14:55:14 CEST 2026
Job: 18226622; task: 99
Host: c3-11
Trait: UKB_460K.body_WHRadjBMIz
Sumstats: /cluster/projects/nn9114k/datngu/database/alkes_group_data/sumstats_107/UKB_460K.body_WHRadjBMIz.sumstats.gz
*********************************************************************
* LD Score Regression (LDSC)
* Version 1.0.1
* (C) 2014-2019 Brendan Bulik-Sullivan and Hilary Finucane
* Broad Institute of MIT and Harvard / MIT Department of Mathematics
* GNU General Public License v3
*********************************************************************
Call: 
./ldsc.py \
--out /cluster/projects/nn9114k/datngu/projects/ofrei_ldsc/results/sldsc_sumstats_107/UKB_460K.body_WHRadjBMIz.sldsc_sv \
--h2 /cluster/projects/nn9114k/datngu/database/alkes_group_data/sumstats_107/UKB_460K.body_WHRadjBMIz.sumstats.gz \
--ref-ld-chr /cluster/projects/nn9114k/datngu/projects/ofrei_ldsc/ldsc_mixer_sv_reference/ldscore/chr \
--w-ld-chr /cluster/projects/nn9114k/datngu/projects/ofrei_ldsc/ldsc_mixer_sv_reference/weights/chr 

Beginning analysis at Wed Jun  3 14:55:22 2026
Reading summary statistics from /cluster/projects/nn9114k/datngu/database/alkes_group_data/sumstats_107/UKB_460K.body_WHRadjBMIz.sumstats.gz ...
Read summary statistics for 1187056 SNPs.
Reading reference panel LD Score from /cluster/projects/nn9114k/datngu/projects/ofrei_ldsc/ldsc_mixer_sv_reference/ldscore/chr[1-22] ... (ldscore_fromlist)
Read reference panel LD Scores for 9299279 SNPs.
Removing partitioned LD Scores with zero variance.
Reading regression weight LD Score from /cluster/projects/nn9114k/datngu/projects/ofrei_ldsc/ldsc_mixer_sv_reference/weights/chr[1-22] ... (ldscore_fromlist)
Read regression weight LD Scores for 9299279 SNPs.
After merging with reference panel LD, 1171188 SNPs remain.
After merging with regression SNP LD, 1171188 SNPs remain.
Removed 3 SNPs with chi^2 > 458.41700000000003 (1171185 SNPs remain)
Total Observed scale h2: 0.1859 (0.0108)
Categories: outside_regionL2_0 within_regionL2_0
Observed scale h2: 0.1809 0.005
Observed scale h2 SE: 0.0109 0.0047
Proportion of SNPs: 0.9947 0.0053
Proportion of h2g: 0.9731 0.0269
Enrichment: 0.9783 5.1034
Coefficients: 2.9799e-08 1.5546e-07
Coefficient SE: 1.7981e-09 1.4471e-07
Lambda GC: 1.7897
Mean Chi^2: 2.4573
Intercept: 1.3262 (0.0251)
Ratio: 0.2238 (0.0172)
Analysis finished at Wed Jun  3 14:56:42 2026
Total time elapsed: 1.0m:20.310000000000002s
Finished: Wed Jun  3 14:56:43 CEST 2026
LDSC log: /cluster/projects/nn9114k/datngu/projects/ofrei_ldsc/results/sldsc_sumstats_107/UKB_460K.body_WHRadjBMIz.sldsc_sv.log

Job 18226622 consumed 0.1 billing hours from project nn9114k.

Submitted 2026-06-03T14:47:31; waited 7.7 minutes in the queue after becoming eligible to run.

Requested wallclock time: 6.0 hours
Elapsed wallclock time:   1.5 minutes

Job exited normally.

Task and CPU statistics:
ID              CPUs  Tasks  CPU util                Start  Elapsed  Exit status
18226622           1            0.0 %  2026-06-03T14:55:14   89.0 s  0
18226622.batch     1      1    93.1 %  2026-06-03T14:55:14   89.0 s  0

Used CPU time:   1.4 CPU minutes
Unused CPU time: 6.2 CPU seconds

Memory statistics, in GiB:
ID               Alloc   Usage
18226622          16.0        
18226622.batch    16.0     3.6

Job 18226622 completed at Wed Jun 3 14:56:43 CEST 2026
