Starting job 18226574 on c2-7 on Saga at Wed Jun 3 14:51:14 CEST 2026

Started: Wed Jun  3 14:51:14 CEST 2026
Job: 18226574; task: 55
Host: c2-7
Trait: PASS.Insomnia.Watanabe2022
Sumstats: /cluster/projects/nn9114k/datngu/database/alkes_group_data/sumstats_107/PASS.Insomnia.Watanabe2022.sumstats.gz
*********************************************************************
* LD Score Regression (LDSC)
* Version 1.0.1
* (C) 2014-2019 Brendan Bulik-Sullivan and Hilary Finucane
* Broad Institute of MIT and Harvard / MIT Department of Mathematics
* GNU General Public License v3
*********************************************************************
Call: 
./ldsc.py \
--out /cluster/projects/nn9114k/datngu/projects/ofrei_ldsc/results/sldsc_sumstats_107/PASS.Insomnia.Watanabe2022.sldsc_sv \
--h2 /cluster/projects/nn9114k/datngu/database/alkes_group_data/sumstats_107/PASS.Insomnia.Watanabe2022.sumstats.gz \
--ref-ld-chr /cluster/projects/nn9114k/datngu/projects/ofrei_ldsc/ldsc_mixer_sv_reference/ldscore/chr \
--w-ld-chr /cluster/projects/nn9114k/datngu/projects/ofrei_ldsc/ldsc_mixer_sv_reference/weights/chr 

Beginning analysis at Wed Jun  3 14:51:23 2026
Reading summary statistics from /cluster/projects/nn9114k/datngu/database/alkes_group_data/sumstats_107/PASS.Insomnia.Watanabe2022.sumstats.gz ...
Read summary statistics for 1143724 SNPs.
Reading reference panel LD Score from /cluster/projects/nn9114k/datngu/projects/ofrei_ldsc/ldsc_mixer_sv_reference/ldscore/chr[1-22] ... (ldscore_fromlist)
Read reference panel LD Scores for 9299279 SNPs.
Removing partitioned LD Scores with zero variance.
Reading regression weight LD Score from /cluster/projects/nn9114k/datngu/projects/ofrei_ldsc/ldsc_mixer_sv_reference/weights/chr[1-22] ... (ldscore_fromlist)
Read regression weight LD Scores for 9299279 SNPs.
After merging with reference panel LD, 1126506 SNPs remain.
After merging with regression SNP LD, 1126506 SNPs remain.
Removed 0 SNPs with chi^2 > 608.595 (1126506 SNPs remain)
Total Observed scale h2: 0.0308 (0.0016)
Categories: outside_regionL2_0 within_regionL2_0
Observed scale h2: 0.03   0.0008
Observed scale h2 SE: 0.0017 0.001
Proportion of SNPs: 0.9947 0.0053
Proportion of h2g: 0.9735 0.0265
Enrichment: 0.9786 5.03
Coefficients: 4.9448e-09 2.5415e-08
Coefficient SE: 2.8102e-10 2.9723e-08
Lambda GC: 1.3061
Mean Chi^2: 1.3633
Intercept: 1.0749 (0.0096)
Ratio: 0.2061 (0.0263)
Analysis finished at Wed Jun  3 14:52:49 2026
Total time elapsed: 1.0m:26.430000000000007s
Finished: Wed Jun  3 14:52:49 CEST 2026
LDSC log: /cluster/projects/nn9114k/datngu/projects/ofrei_ldsc/results/sldsc_sumstats_107/PASS.Insomnia.Watanabe2022.sldsc_sv.log

Job 18226574 consumed 0.1 billing hours from project nn9114k.

Submitted 2026-06-03T14:47:31; waited 3.7 minutes in the queue after becoming eligible to run.

Requested wallclock time: 6.0 hours
Elapsed wallclock time:   1.6 minutes

Job exited normally.

Task and CPU statistics:
ID              CPUs  Tasks  CPU util                Start  Elapsed  Exit status
18226574           1            0.0 %  2026-06-03T14:51:14   95.0 s  0
18226574.batch     1      1    94.0 %  2026-06-03T14:51:14   95.0 s  0

Used CPU time:   1.5 CPU minutes
Unused CPU time: 5.7 CPU seconds

Memory statistics, in GiB:
ID               Alloc   Usage
18226574          16.0        
18226574.batch    16.0     3.5

Job 18226574 completed at Wed Jun 3 14:52:50 CEST 2026
