Starting job 18226529 on c2-36 on Saga at Wed Jun 3 14:47:45 CEST 2026

Started: Wed Jun  3 14:47:45 CEST 2026
Job: 18226529; task: 11
Host: c2-36
Trait: PANUKBB.Inguinal_Hernia
Sumstats: /cluster/projects/nn9114k/datngu/database/alkes_group_data/sumstats_107/PANUKBB.Inguinal_Hernia.sumstats.gz
*********************************************************************
* LD Score Regression (LDSC)
* Version 1.0.1
* (C) 2014-2019 Brendan Bulik-Sullivan and Hilary Finucane
* Broad Institute of MIT and Harvard / MIT Department of Mathematics
* GNU General Public License v3
*********************************************************************
Call: 
./ldsc.py \
--out /cluster/projects/nn9114k/datngu/projects/ofrei_ldsc/results/sldsc_sumstats_107/PANUKBB.Inguinal_Hernia.sldsc_sv \
--h2 /cluster/projects/nn9114k/datngu/database/alkes_group_data/sumstats_107/PANUKBB.Inguinal_Hernia.sumstats.gz \
--ref-ld-chr /cluster/projects/nn9114k/datngu/projects/ofrei_ldsc/ldsc_mixer_sv_reference/ldscore/chr \
--w-ld-chr /cluster/projects/nn9114k/datngu/projects/ofrei_ldsc/ldsc_mixer_sv_reference/weights/chr 

Beginning analysis at Wed Jun  3 14:47:53 2026
Reading summary statistics from /cluster/projects/nn9114k/datngu/database/alkes_group_data/sumstats_107/PANUKBB.Inguinal_Hernia.sumstats.gz ...
Read summary statistics for 1185336 SNPs.
Reading reference panel LD Score from /cluster/projects/nn9114k/datngu/projects/ofrei_ldsc/ldsc_mixer_sv_reference/ldscore/chr[1-22] ... (ldscore_fromlist)
Read reference panel LD Scores for 9299279 SNPs.
Removing partitioned LD Scores with zero variance.
Reading regression weight LD Score from /cluster/projects/nn9114k/datngu/projects/ofrei_ldsc/ldsc_mixer_sv_reference/weights/chr[1-22] ... (ldscore_fromlist)
Read regression weight LD Scores for 9299279 SNPs.
After merging with reference panel LD, 1169649 SNPs remain.
After merging with regression SNP LD, 1169649 SNPs remain.
Removed 0 SNPs with chi^2 > 382.422 (1169649 SNPs remain)
Total Observed scale h2: 0.0288 (0.0034)
Categories: outside_regionL2_0 within_regionL2_0
Observed scale h2: 0.0265 0.0023
Observed scale h2 SE: 0.0032 0.0015
Proportion of SNPs: 0.9947 0.0053
Proportion of h2g: 0.9198 0.0802
Enrichment: 0.9247 15.2158
Coefficients: 4.3680e-09 7.1878e-08
Coefficient SE: 5.1972e-10 4.6040e-08
Lambda GC: 1.1396
Mean Chi^2: 1.1983
Intercept: 1.0394 (0.0074)
Ratio: 0.1989 (0.0374)
Analysis finished at Wed Jun  3 14:49:19 2026
Total time elapsed: 1.0m:26.299999999999997s
Finished: Wed Jun  3 14:49:20 CEST 2026
LDSC log: /cluster/projects/nn9114k/datngu/projects/ofrei_ldsc/results/sldsc_sumstats_107/PANUKBB.Inguinal_Hernia.sldsc_sv.log

Job 18226529 consumed 0.1 billing hours from project nn9114k.

Submitted 2026-06-03T14:47:31; waited 14.0 seconds in the queue after becoming eligible to run.

Requested wallclock time: 6.0 hours
Elapsed wallclock time:   1.6 minutes

Job exited normally.

Task and CPU statistics:
ID              CPUs  Tasks  CPU util                Start  Elapsed  Exit status
18226529           1            0.0 %  2026-06-03T14:47:45   95.0 s  0
18226529.batch     1      1    93.8 %  2026-06-03T14:47:45   95.0 s  0

Used CPU time:   1.5 CPU minutes
Unused CPU time: 5.9 CPU seconds

Memory statistics, in GiB:
ID               Alloc   Usage
18226529          16.0        
18226529.batch    16.0     3.6

Job 18226529 completed at Wed Jun 3 14:49:20 CEST 2026
