Starting job 18226624 on c2-37 on Saga at Wed Jun 3 14:55:14 CEST 2026

Started: Wed Jun  3 14:55:14 CEST 2026
Job: 18226624; task: 101
Host: c2-37
Trait: UKB_460K.cancer_PROSTATE
Sumstats: /cluster/projects/nn9114k/datngu/database/alkes_group_data/sumstats_107/UKB_460K.cancer_PROSTATE.sumstats.gz
*********************************************************************
* LD Score Regression (LDSC)
* Version 1.0.1
* (C) 2014-2019 Brendan Bulik-Sullivan and Hilary Finucane
* Broad Institute of MIT and Harvard / MIT Department of Mathematics
* GNU General Public License v3
*********************************************************************
Call: 
./ldsc.py \
--out /cluster/projects/nn9114k/datngu/projects/ofrei_ldsc/results/sldsc_sumstats_107/UKB_460K.cancer_PROSTATE.sldsc_sv \
--h2 /cluster/projects/nn9114k/datngu/database/alkes_group_data/sumstats_107/UKB_460K.cancer_PROSTATE.sumstats.gz \
--ref-ld-chr /cluster/projects/nn9114k/datngu/projects/ofrei_ldsc/ldsc_mixer_sv_reference/ldscore/chr \
--w-ld-chr /cluster/projects/nn9114k/datngu/projects/ofrei_ldsc/ldsc_mixer_sv_reference/weights/chr 

Beginning analysis at Wed Jun  3 14:55:22 2026
Reading summary statistics from /cluster/projects/nn9114k/datngu/database/alkes_group_data/sumstats_107/UKB_460K.cancer_PROSTATE.sumstats.gz ...
Read summary statistics for 1187056 SNPs.
Reading reference panel LD Score from /cluster/projects/nn9114k/datngu/projects/ofrei_ldsc/ldsc_mixer_sv_reference/ldscore/chr[1-22] ... (ldscore_fromlist)
Read reference panel LD Scores for 9299279 SNPs.
Removing partitioned LD Scores with zero variance.
Reading regression weight LD Score from /cluster/projects/nn9114k/datngu/projects/ofrei_ldsc/ldsc_mixer_sv_reference/weights/chr[1-22] ... (ldscore_fromlist)
Read regression weight LD Scores for 9299279 SNPs.
After merging with reference panel LD, 1171188 SNPs remain.
After merging with regression SNP LD, 1171188 SNPs remain.
Removed 0 SNPs with chi^2 > 459.324 (1171188 SNPs remain)
Total Observed scale h2: 0.0115 (0.0019)
Categories: outside_regionL2_0 within_regionL2_0
Observed scale h2: 0.0117 -0.0002
Observed scale h2 SE: 0.0017 0.0016
Proportion of SNPs: 0.9947 0.0053
Proportion of h2g: 1.0147 -0.0147
Enrichment: 1.0201 -2.7927
Coefficients: 1.9273e-09 -5.2763e-09
Coefficient SE: 2.7233e-10 5.0319e-08
Lambda GC: 1.0846
Mean Chi^2: 1.1268
Intercept: 1.0448 (0.0086)
Ratio: 0.3534 (0.0678)
Analysis finished at Wed Jun  3 14:56:37 2026
Total time elapsed: 1.0m:14.959999999999994s
Finished: Wed Jun  3 14:56:37 CEST 2026
LDSC log: /cluster/projects/nn9114k/datngu/projects/ofrei_ldsc/results/sldsc_sumstats_107/UKB_460K.cancer_PROSTATE.sldsc_sv.log

Job 18226624 consumed 0.1 billing hours from project nn9114k.

Submitted 2026-06-03T14:47:31; waited 7.7 minutes in the queue after becoming eligible to run.

Requested wallclock time: 6.0 hours
Elapsed wallclock time:   1.4 minutes

Job exited normally.

Task and CPU statistics:
ID              CPUs  Tasks  CPU util                Start  Elapsed  Exit status
18226624           1            0.0 %  2026-06-03T14:55:14   83.0 s  0
18226624.batch     1      1    93.1 %  2026-06-03T14:55:14   83.0 s  0

Used CPU time:   1.3 CPU minutes
Unused CPU time: 5.7 CPU seconds

Memory statistics, in GiB:
ID               Alloc   Usage
18226624          16.0        
18226624.batch    16.0     3.6

Job 18226624 completed at Wed Jun 3 14:56:37 CEST 2026
