Starting job 18226568 on c2-32 on Saga at Wed Jun 3 14:50:45 CEST 2026

Started: Wed Jun  3 14:50:45 CEST 2026
Job: 18226568; task: 50
Host: c2-32
Trait: PASS.Gout.Donertas2021
Sumstats: /cluster/projects/nn9114k/datngu/database/alkes_group_data/sumstats_107/PASS.Gout.Donertas2021.sumstats.gz
*********************************************************************
* LD Score Regression (LDSC)
* Version 1.0.1
* (C) 2014-2019 Brendan Bulik-Sullivan and Hilary Finucane
* Broad Institute of MIT and Harvard / MIT Department of Mathematics
* GNU General Public License v3
*********************************************************************
Call: 
./ldsc.py \
--out /cluster/projects/nn9114k/datngu/projects/ofrei_ldsc/results/sldsc_sumstats_107/PASS.Gout.Donertas2021.sldsc_sv \
--h2 /cluster/projects/nn9114k/datngu/database/alkes_group_data/sumstats_107/PASS.Gout.Donertas2021.sumstats.gz \
--ref-ld-chr /cluster/projects/nn9114k/datngu/projects/ofrei_ldsc/ldsc_mixer_sv_reference/ldscore/chr \
--w-ld-chr /cluster/projects/nn9114k/datngu/projects/ofrei_ldsc/ldsc_mixer_sv_reference/weights/chr 

Beginning analysis at Wed Jun  3 14:50:53 2026
Reading summary statistics from /cluster/projects/nn9114k/datngu/database/alkes_group_data/sumstats_107/PASS.Gout.Donertas2021.sumstats.gz ...
Read summary statistics for 1179863 SNPs.
Reading reference panel LD Score from /cluster/projects/nn9114k/datngu/projects/ofrei_ldsc/ldsc_mixer_sv_reference/ldscore/chr[1-22] ... (ldscore_fromlist)
Read reference panel LD Scores for 9299279 SNPs.
Removing partitioned LD Scores with zero variance.
Reading regression weight LD Score from /cluster/projects/nn9114k/datngu/projects/ofrei_ldsc/ldsc_mixer_sv_reference/weights/chr[1-22] ... (ldscore_fromlist)
Read regression weight LD Scores for 9299279 SNPs.
After merging with reference panel LD, 1166854 SNPs remain.
After merging with regression SNP LD, 1166854 SNPs remain.
Removed 42 SNPs with chi^2 > 484.598 (1166812 SNPs remain)
Total Observed scale h2: 0.019 (0.0043)
Categories: outside_regionL2_0 within_regionL2_0
Observed scale h2: 1.8943e-02 7.3238e-06
Observed scale h2 SE: 0.0047 0.0019
Proportion of SNPs: 0.9947 0.0053
Proportion of h2g: 9.9961e-01 3.8647e-04
Enrichment: 1.0049 0.0733
Coefficients: 3.1211e-09 2.2766e-10
Coefficient SE: 7.8249e-10 5.9100e-08
Lambda GC: 1.0979
Mean Chi^2: 1.1752
Intercept: 1.0318 (0.0142)
Ratio: 0.1813 (0.0808)
Analysis finished at Wed Jun  3 14:52:10 2026
Total time elapsed: 1.0m:17.209999999999994s
Finished: Wed Jun  3 14:52:11 CEST 2026
LDSC log: /cluster/projects/nn9114k/datngu/projects/ofrei_ldsc/results/sldsc_sumstats_107/PASS.Gout.Donertas2021.sldsc_sv.log

Job 18226568 consumed 0.1 billing hours from project nn9114k.

Submitted 2026-06-03T14:47:31; waited 3.2 minutes in the queue after becoming eligible to run.

Requested wallclock time: 6.0 hours
Elapsed wallclock time:   1.4 minutes

Job exited normally.

Task and CPU statistics:
ID              CPUs  Tasks  CPU util                Start  Elapsed  Exit status
18226568           1            0.0 %  2026-06-03T14:50:45   86.0 s  0
18226568.batch     1      1    92.6 %  2026-06-03T14:50:45   86.0 s  0

Used CPU time:   1.3 CPU minutes
Unused CPU time: 6.4 CPU seconds

Memory statistics, in GiB:
ID               Alloc   Usage
18226568          16.0        
18226568.batch    16.0     3.6

Job 18226568 completed at Wed Jun 3 14:52:11 CEST 2026
