Starting job 18226523 on c3-3 on Saga at Wed Jun 3 14:47:47 CEST 2026

Started: Wed Jun  3 14:47:48 CEST 2026
Job: 18226523; task: 6
Host: c3-3
Trait: PANUKBB.Atrial_Fibrillation_And_Flutter
Sumstats: /cluster/projects/nn9114k/datngu/database/alkes_group_data/sumstats_107/PANUKBB.Atrial_Fibrillation_And_Flutter.sumstats.gz
*********************************************************************
* LD Score Regression (LDSC)
* Version 1.0.1
* (C) 2014-2019 Brendan Bulik-Sullivan and Hilary Finucane
* Broad Institute of MIT and Harvard / MIT Department of Mathematics
* GNU General Public License v3
*********************************************************************
Call: 
./ldsc.py \
--out /cluster/projects/nn9114k/datngu/projects/ofrei_ldsc/results/sldsc_sumstats_107/PANUKBB.Atrial_Fibrillation_And_Flutter.sldsc_sv \
--h2 /cluster/projects/nn9114k/datngu/database/alkes_group_data/sumstats_107/PANUKBB.Atrial_Fibrillation_And_Flutter.sumstats.gz \
--ref-ld-chr /cluster/projects/nn9114k/datngu/projects/ofrei_ldsc/ldsc_mixer_sv_reference/ldscore/chr \
--w-ld-chr /cluster/projects/nn9114k/datngu/projects/ofrei_ldsc/ldsc_mixer_sv_reference/weights/chr 

Beginning analysis at Wed Jun  3 14:47:58 2026
Reading summary statistics from /cluster/projects/nn9114k/datngu/database/alkes_group_data/sumstats_107/PANUKBB.Atrial_Fibrillation_And_Flutter.sumstats.gz ...
Read summary statistics for 1185336 SNPs.
Reading reference panel LD Score from /cluster/projects/nn9114k/datngu/projects/ofrei_ldsc/ldsc_mixer_sv_reference/ldscore/chr[1-22] ... (ldscore_fromlist)
Read reference panel LD Scores for 9299279 SNPs.
Removing partitioned LD Scores with zero variance.
Reading regression weight LD Score from /cluster/projects/nn9114k/datngu/projects/ofrei_ldsc/ldsc_mixer_sv_reference/weights/chr[1-22] ... (ldscore_fromlist)
Read regression weight LD Scores for 9299279 SNPs.
After merging with reference panel LD, 1169649 SNPs remain.
After merging with regression SNP LD, 1169649 SNPs remain.
Removed 23 SNPs with chi^2 > 403.89 (1169626 SNPs remain)
Total Observed scale h2: 0.0261 (0.0028)
Categories: outside_regionL2_0 within_regionL2_0
Observed scale h2: 0.0253 0.0008
Observed scale h2 SE: 0.0027 0.0019
Proportion of SNPs: 0.9947 0.0053
Proportion of h2g: 0.9675 0.0325
Enrichment: 0.9726 6.1634
Coefficients: 4.1627e-09 2.6378e-08
Coefficient SE: 4.5136e-10 5.9783e-08
Lambda GC: 1.1459
Mean Chi^2: 1.2334
Intercept: 1.0735 (0.0127)
Ratio: 0.3147 (0.0545)
Analysis finished at Wed Jun  3 14:50:22 2026
Total time elapsed: 2.0m:23.97s
Finished: Wed Jun  3 14:50:23 CEST 2026
LDSC log: /cluster/projects/nn9114k/datngu/projects/ofrei_ldsc/results/sldsc_sumstats_107/PANUKBB.Atrial_Fibrillation_And_Flutter.sldsc_sv.log

Job 18226523 consumed 0.2 billing hours from project nn9114k.

Submitted 2026-06-03T14:47:31; waited 14.0 seconds in the queue after becoming eligible to run.

Requested wallclock time: 6.0 hours
Elapsed wallclock time:   2.6 minutes

Job exited normally.

Task and CPU statistics:
ID              CPUs  Tasks  CPU util                Start  Elapsed  Exit status
18226523           1            0.0 %  2026-06-03T14:47:45  158.0 s  0
18226523.batch     1      1    94.2 %  2026-06-03T14:47:45  158.0 s  0

Used CPU time:   2.5 CPU minutes
Unused CPU time: 9.2 CPU seconds

Memory statistics, in GiB:
ID               Alloc   Usage
18226523          16.0        
18226523.batch    16.0     2.9

Job 18226523 completed at Wed Jun 3 14:50:23 CEST 2026
