Starting job 18226553 on c2-14 on Saga at Wed Jun 3 14:49:45 CEST 2026

Started: Wed Jun  3 14:49:45 CEST 2026
Job: 18226553; task: 35
Host: c2-14
Trait: PASS.Covid19_Infection.hg_v7
Sumstats: /cluster/projects/nn9114k/datngu/database/alkes_group_data/sumstats_107/PASS.Covid19_Infection.hg_v7.sumstats.gz
*********************************************************************
* LD Score Regression (LDSC)
* Version 1.0.1
* (C) 2014-2019 Brendan Bulik-Sullivan and Hilary Finucane
* Broad Institute of MIT and Harvard / MIT Department of Mathematics
* GNU General Public License v3
*********************************************************************
Call: 
./ldsc.py \
--out /cluster/projects/nn9114k/datngu/projects/ofrei_ldsc/results/sldsc_sumstats_107/PASS.Covid19_Infection.hg_v7.sldsc_sv \
--h2 /cluster/projects/nn9114k/datngu/database/alkes_group_data/sumstats_107/PASS.Covid19_Infection.hg_v7.sumstats.gz \
--ref-ld-chr /cluster/projects/nn9114k/datngu/projects/ofrei_ldsc/ldsc_mixer_sv_reference/ldscore/chr \
--w-ld-chr /cluster/projects/nn9114k/datngu/projects/ofrei_ldsc/ldsc_mixer_sv_reference/weights/chr 

Beginning analysis at Wed Jun  3 14:49:53 2026
Reading summary statistics from /cluster/projects/nn9114k/datngu/database/alkes_group_data/sumstats_107/PASS.Covid19_Infection.hg_v7.sumstats.gz ...
Read summary statistics for 1189296 SNPs.
Reading reference panel LD Score from /cluster/projects/nn9114k/datngu/projects/ofrei_ldsc/ldsc_mixer_sv_reference/ldscore/chr[1-22] ... (ldscore_fromlist)
Read reference panel LD Scores for 9299279 SNPs.
Removing partitioned LD Scores with zero variance.
Reading regression weight LD Score from /cluster/projects/nn9114k/datngu/projects/ofrei_ldsc/ldsc_mixer_sv_reference/weights/chr[1-22] ... (ldscore_fromlist)
Read regression weight LD Scores for 9299279 SNPs.
After merging with reference panel LD, 1170679 SNPs remain.
After merging with regression SNP LD, 1170679 SNPs remain.
Removed 0 SNPs with chi^2 > 2597.856 (1170679 SNPs remain)
Total Observed scale h2: 0.0022 (0.0003)
Categories: outside_regionL2_0 within_regionL2_0
Observed scale h2: 0.0021 0.0001
Observed scale h2 SE: 0.0004 0.0002
Proportion of SNPs: 0.9947 0.0053
Proportion of h2g: 0.9353 0.0647
Enrichment: 0.9402 12.2755
Coefficients: 3.3948e-10 4.4322e-09
Coefficient SE: 6.1831e-11 6.5800e-09
Lambda GC: 1.1188
Mean Chi^2: 1.1392
Intercept: 1.0549 (0.0072)
Ratio: 0.3941 (0.0519)
Analysis finished at Wed Jun  3 14:51:15 2026
Total time elapsed: 1.0m:22.0s
Finished: Wed Jun  3 14:51:16 CEST 2026
LDSC log: /cluster/projects/nn9114k/datngu/projects/ofrei_ldsc/results/sldsc_sumstats_107/PASS.Covid19_Infection.hg_v7.sldsc_sv.log

Job 18226553 consumed 0.1 billing hours from project nn9114k.

Submitted 2026-06-03T14:47:31; waited 2.2 minutes in the queue after becoming eligible to run.

Requested wallclock time: 6.0 hours
Elapsed wallclock time:   1.5 minutes

Job exited normally.

Task and CPU statistics:
ID              CPUs  Tasks  CPU util                Start  Elapsed  Exit status
18226553           1            0.0 %  2026-06-03T14:49:45   91.0 s  0
18226553.batch     1      1    93.4 %  2026-06-03T14:49:45   91.0 s  0

Used CPU time:   1.4 CPU minutes
Unused CPU time: 6.0 CPU seconds

Memory statistics, in GiB:
ID               Alloc   Usage
18226553          16.0        
18226553.batch    16.0     3.6

Job 18226553 completed at Wed Jun 3 14:51:16 CEST 2026
