Starting job 18226605 on c3-13 on Saga at Wed Jun 3 14:53:45 CEST 2026

Started: Wed Jun  3 14:53:45 CEST 2026
Job: 18226605; task: 83
Host: c3-13
Trait: PASS.Visceral_Adipose_Tissue_Volume.Agrawal2022
Sumstats: /cluster/projects/nn9114k/datngu/database/alkes_group_data/sumstats_107/PASS.Visceral_Adipose_Tissue_Volume.Agrawal2022.sumstats.gz
*********************************************************************
* LD Score Regression (LDSC)
* Version 1.0.1
* (C) 2014-2019 Brendan Bulik-Sullivan and Hilary Finucane
* Broad Institute of MIT and Harvard / MIT Department of Mathematics
* GNU General Public License v3
*********************************************************************
Call: 
./ldsc.py \
--out /cluster/projects/nn9114k/datngu/projects/ofrei_ldsc/results/sldsc_sumstats_107/PASS.Visceral_Adipose_Tissue_Volume.Agrawal2022.sldsc_sv \
--h2 /cluster/projects/nn9114k/datngu/database/alkes_group_data/sumstats_107/PASS.Visceral_Adipose_Tissue_Volume.Agrawal2022.sumstats.gz \
--ref-ld-chr /cluster/projects/nn9114k/datngu/projects/ofrei_ldsc/ldsc_mixer_sv_reference/ldscore/chr \
--w-ld-chr /cluster/projects/nn9114k/datngu/projects/ofrei_ldsc/ldsc_mixer_sv_reference/weights/chr 

Beginning analysis at Wed Jun  3 14:53:53 2026
Reading summary statistics from /cluster/projects/nn9114k/datngu/database/alkes_group_data/sumstats_107/PASS.Visceral_Adipose_Tissue_Volume.Agrawal2022.sumstats.gz ...
Read summary statistics for 1188358 SNPs.
Reading reference panel LD Score from /cluster/projects/nn9114k/datngu/projects/ofrei_ldsc/ldsc_mixer_sv_reference/ldscore/chr[1-22] ... (ldscore_fromlist)
Read reference panel LD Scores for 9299279 SNPs.
Removing partitioned LD Scores with zero variance.
Reading regression weight LD Score from /cluster/projects/nn9114k/datngu/projects/ofrei_ldsc/ldsc_mixer_sv_reference/weights/chr[1-22] ... (ldscore_fromlist)
Read regression weight LD Scores for 9299279 SNPs.
After merging with reference panel LD, 1170735 SNPs remain.
After merging with regression SNP LD, 1170735 SNPs remain.
Removed 0 SNPs with chi^2 > 80 (1170735 SNPs remain)
Total Observed scale h2: 0.1924 (0.0198)
Categories: outside_regionL2_0 within_regionL2_0
Observed scale h2: 0.2114 -0.019
Observed scale h2 SE: 0.0192 0.0129
Proportion of SNPs: 0.9947 0.0053
Proportion of h2g: 1.0986 -0.0986
Enrichment: 1.1045 -18.7095
Coefficients: 3.4827e-08 -5.8997e-07
Coefficient SE: 3.1561e-09 3.9994e-07
Lambda GC: 1.1507
Mean Chi^2: 1.169
Intercept: 1.0497 (0.0078)
Ratio: 0.2943 (0.0463)
Analysis finished at Wed Jun  3 14:55:10 2026
Total time elapsed: 1.0m:16.840000000000003s
Finished: Wed Jun  3 14:55:10 CEST 2026
LDSC log: /cluster/projects/nn9114k/datngu/projects/ofrei_ldsc/results/sldsc_sumstats_107/PASS.Visceral_Adipose_Tissue_Volume.Agrawal2022.sldsc_sv.log

Job 18226605 consumed 0.1 billing hours from project nn9114k.

Submitted 2026-06-03T14:47:31; waited 6.2 minutes in the queue after becoming eligible to run.

Requested wallclock time: 6.0 hours
Elapsed wallclock time:   1.4 minutes

Job exited normally.

Task and CPU statistics:
ID              CPUs  Tasks  CPU util                Start  Elapsed  Exit status
18226605           1            0.0 %  2026-06-03T14:53:45   85.0 s  0
18226605.batch     1      1    93.4 %  2026-06-03T14:53:45   85.0 s  0

Used CPU time:   1.3 CPU minutes
Unused CPU time: 5.6 CPU seconds

Memory statistics, in GiB:
ID               Alloc   Usage
18226605          16.0        
18226605.batch    16.0     3.5

Job 18226605 completed at Wed Jun 3 14:55:10 CEST 2026
