Starting job 18226524 on c2-56 on Saga at Wed Jun 3 14:47:46 CEST 2026

Started: Wed Jun  3 14:47:46 CEST 2026
Job: 18226524; task: 7
Host: c2-56
Trait: PANUKBB.Blood_Clot_DVT_Bronchitis_Emphysema_Asthma_Rhinitis_Eczema_Allergy_Diagnosed_By_Doctor
Sumstats: /cluster/projects/nn9114k/datngu/database/alkes_group_data/sumstats_107/PANUKBB.Blood_Clot_DVT_Bronchitis_Emphysema_Asthma_Rhinitis_Eczema_Allergy_Diagnosed_By_Doctor.sumstats.gz
*********************************************************************
* LD Score Regression (LDSC)
* Version 1.0.1
* (C) 2014-2019 Brendan Bulik-Sullivan and Hilary Finucane
* Broad Institute of MIT and Harvard / MIT Department of Mathematics
* GNU General Public License v3
*********************************************************************
Call: 
./ldsc.py \
--out /cluster/projects/nn9114k/datngu/projects/ofrei_ldsc/results/sldsc_sumstats_107/PANUKBB.Blood_Clot_DVT_Bronchitis_Emphysema_Asthma_Rhinitis_Eczema_Allergy_Diagnosed_By_Doctor.sldsc_sv \
--h2 /cluster/projects/nn9114k/datngu/database/alkes_group_data/sumstats_107/PANUKBB.Blood_Clot_DVT_Bronchitis_Emphysema_Asthma_Rhinitis_Eczema_Allergy_Diagnosed_By_Doctor.sumstats.gz \
--ref-ld-chr /cluster/projects/nn9114k/datngu/projects/ofrei_ldsc/ldsc_mixer_sv_reference/ldscore/chr \
--w-ld-chr /cluster/projects/nn9114k/datngu/projects/ofrei_ldsc/ldsc_mixer_sv_reference/weights/chr 

Beginning analysis at Wed Jun  3 14:47:53 2026
Reading summary statistics from /cluster/projects/nn9114k/datngu/database/alkes_group_data/sumstats_107/PANUKBB.Blood_Clot_DVT_Bronchitis_Emphysema_Asthma_Rhinitis_Eczema_Allergy_Diagnosed_By_Doctor.sumstats.gz ...
Read summary statistics for 1185336 SNPs.
Reading reference panel LD Score from /cluster/projects/nn9114k/datngu/projects/ofrei_ldsc/ldsc_mixer_sv_reference/ldscore/chr[1-22] ... (ldscore_fromlist)
Read reference panel LD Scores for 9299279 SNPs.
Removing partitioned LD Scores with zero variance.
Reading regression weight LD Score from /cluster/projects/nn9114k/datngu/projects/ofrei_ldsc/ldsc_mixer_sv_reference/weights/chr[1-22] ... (ldscore_fromlist)
Read regression weight LD Scores for 9299279 SNPs.
After merging with reference panel LD, 1169649 SNPs remain.
After merging with regression SNP LD, 1169649 SNPs remain.
Removed 0 SNPs with chi^2 > 419.76800000000003 (1169649 SNPs remain)
Total Observed scale h2: 0.0764 (0.0052)
Categories: outside_regionL2_0 within_regionL2_0
Observed scale h2: 0.0736 0.0029
Observed scale h2 SE: 0.0056 0.003
Proportion of SNPs: 0.9947 0.0053
Proportion of h2g: 0.9622 0.0378
Enrichment: 0.9673 7.1695
Coefficients: 1.2118e-08 8.9820e-08
Coefficient SE: 9.1773e-10 9.3044e-08
Lambda GC: 1.3719
Mean Chi^2: 1.629
Intercept: 1.1729 (0.0142)
Ratio: 0.2749 (0.0226)
Analysis finished at Wed Jun  3 14:49:13 2026
Total time elapsed: 1.0m:19.409999999999997s
Finished: Wed Jun  3 14:49:13 CEST 2026
LDSC log: /cluster/projects/nn9114k/datngu/projects/ofrei_ldsc/results/sldsc_sumstats_107/PANUKBB.Blood_Clot_DVT_Bronchitis_Emphysema_Asthma_Rhinitis_Eczema_Allergy_Diagnosed_By_Doctor.sldsc_sv.log

Job 18226524 consumed 0.1 billing hours from project nn9114k.

Submitted 2026-06-03T14:47:31; waited 14.0 seconds in the queue after becoming eligible to run.

Requested wallclock time: 6.0 hours
Elapsed wallclock time:   1.5 minutes

Job exited normally.

Task and CPU statistics:
ID              CPUs  Tasks  CPU util                Start  Elapsed  Exit status
18226524           1            0.0 %  2026-06-03T14:47:45   88.0 s  0
18226524.batch     1      1    90.8 %  2026-06-03T14:47:45   88.0 s  0

Used CPU time:   1.3 CPU minutes
Unused CPU time: 8.1 CPU seconds

Memory statistics, in GiB:
ID               Alloc   Usage
18226524          16.0        
18226524.batch    16.0     3.6

Job 18226524 completed at Wed Jun 3 14:49:13 CEST 2026
