Starting job 18226616 on c2-29 on Saga at Wed Jun 3 14:54:14 CEST 2026

Started: Wed Jun  3 14:54:14 CEST 2026
Job: 18226616; task: 93
Host: c2-29
Trait: UKB_460K.biochemistry_VitaminD
Sumstats: /cluster/projects/nn9114k/datngu/database/alkes_group_data/sumstats_107/UKB_460K.biochemistry_VitaminD.sumstats.gz
*********************************************************************
* LD Score Regression (LDSC)
* Version 1.0.1
* (C) 2014-2019 Brendan Bulik-Sullivan and Hilary Finucane
* Broad Institute of MIT and Harvard / MIT Department of Mathematics
* GNU General Public License v3
*********************************************************************
Call: 
./ldsc.py \
--out /cluster/projects/nn9114k/datngu/projects/ofrei_ldsc/results/sldsc_sumstats_107/UKB_460K.biochemistry_VitaminD.sldsc_sv \
--h2 /cluster/projects/nn9114k/datngu/database/alkes_group_data/sumstats_107/UKB_460K.biochemistry_VitaminD.sumstats.gz \
--ref-ld-chr /cluster/projects/nn9114k/datngu/projects/ofrei_ldsc/ldsc_mixer_sv_reference/ldscore/chr \
--w-ld-chr /cluster/projects/nn9114k/datngu/projects/ofrei_ldsc/ldsc_mixer_sv_reference/weights/chr 

Beginning analysis at Wed Jun  3 14:54:22 2026
Reading summary statistics from /cluster/projects/nn9114k/datngu/database/alkes_group_data/sumstats_107/UKB_460K.biochemistry_VitaminD.sumstats.gz ...
Read summary statistics for 1187344 SNPs.
Reading reference panel LD Score from /cluster/projects/nn9114k/datngu/projects/ofrei_ldsc/ldsc_mixer_sv_reference/ldscore/chr[1-22] ... (ldscore_fromlist)
Read reference panel LD Scores for 9299279 SNPs.
Removing partitioned LD Scores with zero variance.
Reading regression weight LD Score from /cluster/projects/nn9114k/datngu/projects/ofrei_ldsc/ldsc_mixer_sv_reference/weights/chr[1-22] ... (ldscore_fromlist)
Read regression weight LD Scores for 9299279 SNPs.
After merging with reference panel LD, 1171404 SNPs remain.
After merging with regression SNP LD, 1171404 SNPs remain.
Removed 217 SNPs with chi^2 > 415.7 (1171187 SNPs remain)
Total Observed scale h2: 0.0831 (0.0084)
Categories: outside_regionL2_0 within_regionL2_0
Observed scale h2: 0.0858 -0.0027
Observed scale h2 SE: 0.0098 0.0033
Proportion of SNPs: 0.9947 0.0053
Proportion of h2g: 1.0326 -0.0326
Enrichment: 1.0381 -6.1897
Coefficients: 1.4139e-08 -8.4306e-08
Coefficient SE: 1.6106e-09 1.0304e-07
Lambda GC: 1.4323
Mean Chi^2: 1.6952
Intercept: 1.1589 (0.0173)
Ratio: 0.2286 (0.025)
Analysis finished at Wed Jun  3 14:55:40 2026
Total time elapsed: 1.0m:17.370000000000005s
Finished: Wed Jun  3 14:55:40 CEST 2026
LDSC log: /cluster/projects/nn9114k/datngu/projects/ofrei_ldsc/results/sldsc_sumstats_107/UKB_460K.biochemistry_VitaminD.sldsc_sv.log

Job 18226616 consumed 0.1 billing hours from project nn9114k.

Submitted 2026-06-03T14:47:31; waited 6.7 minutes in the queue after becoming eligible to run.

Requested wallclock time: 6.0 hours
Elapsed wallclock time:   1.4 minutes

Job exited normally.

Task and CPU statistics:
ID              CPUs  Tasks  CPU util                Start  Elapsed  Exit status
18226616           1            0.0 %  2026-06-03T14:54:14   86.0 s  0
18226616.batch     1      1    92.9 %  2026-06-03T14:54:14   86.0 s  0

Used CPU time:   1.3 CPU minutes
Unused CPU time: 6.1 CPU seconds

Memory statistics, in GiB:
ID               Alloc   Usage
18226616          16.0        
18226616.batch    16.0     3.6

Job 18226616 completed at Wed Jun 3 14:55:40 CEST 2026
