Starting job 18226520 on c5-9 on Saga at Wed Jun 3 14:47:45 CEST 2026

Started: Wed Jun  3 14:47:45 CEST 2026
Job: 18226520; task: 3
Host: c5-9
Trait: GBMI.Acute_Appendicitis
Sumstats: /cluster/projects/nn9114k/datngu/database/alkes_group_data/sumstats_107/GBMI.Acute_Appendicitis.sumstats.gz
*********************************************************************
* LD Score Regression (LDSC)
* Version 1.0.1
* (C) 2014-2019 Brendan Bulik-Sullivan and Hilary Finucane
* Broad Institute of MIT and Harvard / MIT Department of Mathematics
* GNU General Public License v3
*********************************************************************
Call: 
./ldsc.py \
--out /cluster/projects/nn9114k/datngu/projects/ofrei_ldsc/results/sldsc_sumstats_107/GBMI.Acute_Appendicitis.sldsc_sv \
--h2 /cluster/projects/nn9114k/datngu/database/alkes_group_data/sumstats_107/GBMI.Acute_Appendicitis.sumstats.gz \
--ref-ld-chr /cluster/projects/nn9114k/datngu/projects/ofrei_ldsc/ldsc_mixer_sv_reference/ldscore/chr \
--w-ld-chr /cluster/projects/nn9114k/datngu/projects/ofrei_ldsc/ldsc_mixer_sv_reference/weights/chr 

Beginning analysis at Wed Jun  3 14:47:53 2026
Reading summary statistics from /cluster/projects/nn9114k/datngu/database/alkes_group_data/sumstats_107/GBMI.Acute_Appendicitis.sumstats.gz ...
Read summary statistics for 1188964 SNPs.
Reading reference panel LD Score from /cluster/projects/nn9114k/datngu/projects/ofrei_ldsc/ldsc_mixer_sv_reference/ldscore/chr[1-22] ... (ldscore_fromlist)
Read reference panel LD Scores for 9299279 SNPs.
Removing partitioned LD Scores with zero variance.
Reading regression weight LD Score from /cluster/projects/nn9114k/datngu/projects/ofrei_ldsc/ldsc_mixer_sv_reference/weights/chr[1-22] ... (ldscore_fromlist)
Read regression weight LD Scores for 9299279 SNPs.
After merging with reference panel LD, 1170138 SNPs remain.
After merging with regression SNP LD, 1170138 SNPs remain.
Removed 0 SNPs with chi^2 > 1010.222 (1170138 SNPs remain)
Total Observed scale h2: 0.0042 (0.0007)
Categories: outside_regionL2_0 within_regionL2_0
Observed scale h2: 0.0037 0.0005
Observed scale h2 SE: 0.0007 0.0005
Proportion of SNPs: 0.9947 0.0053
Proportion of h2g: 0.8712 0.1288
Enrichment: 0.8758 24.4334
Coefficients: 6.0563e-10 1.6896e-08
Coefficient SE: 1.1209e-10 1.5699e-08
Lambda GC: 1.0775
Mean Chi^2: 1.1055
Intercept: 1.0399 (0.0077)
Ratio: 0.3779 (0.0725)
Analysis finished at Wed Jun  3 14:49:24 2026
Total time elapsed: 1.0m:31.060000000000002s
Finished: Wed Jun  3 14:49:25 CEST 2026
LDSC log: /cluster/projects/nn9114k/datngu/projects/ofrei_ldsc/results/sldsc_sumstats_107/GBMI.Acute_Appendicitis.sldsc_sv.log

Job 18226520 consumed 0.1 billing hours from project nn9114k.

Submitted 2026-06-03T14:47:31; waited 14.0 seconds in the queue after becoming eligible to run.

Requested wallclock time: 6.0 hours
Elapsed wallclock time:   1.7 minutes

Job exited normally.

Task and CPU statistics:
ID              CPUs  Tasks  CPU util                Start  Elapsed  Exit status
18226520           1            0.0 %  2026-06-03T14:47:45  100.0 s  0
18226520.batch     1      1    93.7 %  2026-06-03T14:47:45  100.0 s  0

Used CPU time:   1.6 CPU minutes
Unused CPU time: 6.3 CPU seconds

Memory statistics, in GiB:
ID               Alloc   Usage
18226520          16.0        
18226520.batch    16.0     3.6

Job 18226520 completed at Wed Jun 3 14:49:25 CEST 2026
