Starting job 18226613 on c5-60 on Saga at Wed Jun 3 14:54:14 CEST 2026

Started: Wed Jun  3 14:54:14 CEST 2026
Job: 18226613; task: 90
Host: c5-60
Trait: UKB_460K.biochemistry_Testosterone_Male
Sumstats: /cluster/projects/nn9114k/datngu/database/alkes_group_data/sumstats_107/UKB_460K.biochemistry_Testosterone_Male.sumstats.gz
*********************************************************************
* LD Score Regression (LDSC)
* Version 1.0.1
* (C) 2014-2019 Brendan Bulik-Sullivan and Hilary Finucane
* Broad Institute of MIT and Harvard / MIT Department of Mathematics
* GNU General Public License v3
*********************************************************************
Call: 
./ldsc.py \
--out /cluster/projects/nn9114k/datngu/projects/ofrei_ldsc/results/sldsc_sumstats_107/UKB_460K.biochemistry_Testosterone_Male.sldsc_sv \
--h2 /cluster/projects/nn9114k/datngu/database/alkes_group_data/sumstats_107/UKB_460K.biochemistry_Testosterone_Male.sumstats.gz \
--ref-ld-chr /cluster/projects/nn9114k/datngu/projects/ofrei_ldsc/ldsc_mixer_sv_reference/ldscore/chr \
--w-ld-chr /cluster/projects/nn9114k/datngu/projects/ofrei_ldsc/ldsc_mixer_sv_reference/weights/chr 

Beginning analysis at Wed Jun  3 14:54:23 2026
Reading summary statistics from /cluster/projects/nn9114k/datngu/database/alkes_group_data/sumstats_107/UKB_460K.biochemistry_Testosterone_Male.sumstats.gz ...
Read summary statistics for 1187344 SNPs.
Reading reference panel LD Score from /cluster/projects/nn9114k/datngu/projects/ofrei_ldsc/ldsc_mixer_sv_reference/ldscore/chr[1-22] ... (ldscore_fromlist)
Read reference panel LD Scores for 9299279 SNPs.
Removing partitioned LD Scores with zero variance.
Reading regression weight LD Score from /cluster/projects/nn9114k/datngu/projects/ofrei_ldsc/ldsc_mixer_sv_reference/weights/chr[1-22] ... (ldscore_fromlist)
Read regression weight LD Scores for 9299279 SNPs.
After merging with reference panel LD, 1171404 SNPs remain.
After merging with regression SNP LD, 1171404 SNPs remain.
Removed 268 SNPs with chi^2 > 196.81300000000002 (1171136 SNPs remain)
Total Observed scale h2: 0.1924 (0.0153)
Categories: outside_regionL2_0 within_regionL2_0
Observed scale h2: 0.1809 0.0114
Observed scale h2 SE: 0.0162 0.0084
Proportion of SNPs: 0.9947 0.0053
Proportion of h2g: 0.9405 0.0595
Enrichment: 0.9455 11.2786
Coefficients: 2.9809e-08 3.5557e-07
Coefficient SE: 2.6668e-09 2.6230e-07
Lambda GC: 1.4125
Mean Chi^2: 1.7424
Intercept: 1.1779 (0.0311)
Ratio: 0.2396 (0.0419)
Analysis finished at Wed Jun  3 14:55:40 2026
Total time elapsed: 1.0m:17.569999999999993s
Finished: Wed Jun  3 14:55:41 CEST 2026
LDSC log: /cluster/projects/nn9114k/datngu/projects/ofrei_ldsc/results/sldsc_sumstats_107/UKB_460K.biochemistry_Testosterone_Male.sldsc_sv.log

Job 18226613 consumed 0.1 billing hours from project nn9114k.

Submitted 2026-06-03T14:47:31; waited 6.7 minutes in the queue after becoming eligible to run.

Requested wallclock time: 6.0 hours
Elapsed wallclock time:   1.4 minutes

Job exited normally.

Task and CPU statistics:
ID              CPUs  Tasks  CPU util                Start  Elapsed  Exit status
18226613           1            0.0 %  2026-06-03T14:54:14   87.0 s  0
18226613.batch     1      1    92.3 %  2026-06-03T14:54:14   87.0 s  0

Used CPU time:   1.3 CPU minutes
Unused CPU time: 6.7 CPU seconds

Memory statistics, in GiB:
ID               Alloc   Usage
18226613          16.0        
18226613.batch    16.0     3.6

Job 18226613 completed at Wed Jun 3 14:55:41 CEST 2026
