Starting job 18226538 on c2-37 on Saga at Wed Jun 3 14:48:45 CEST 2026

Started: Wed Jun  3 14:48:45 CEST 2026
Job: 18226538; task: 20
Host: c2-37
Trait: PASS.Atrial_Fibrillation.Nielsen2018
Sumstats: /cluster/projects/nn9114k/datngu/database/alkes_group_data/sumstats_107/PASS.Atrial_Fibrillation.Nielsen2018.sumstats.gz
*********************************************************************
* LD Score Regression (LDSC)
* Version 1.0.1
* (C) 2014-2019 Brendan Bulik-Sullivan and Hilary Finucane
* Broad Institute of MIT and Harvard / MIT Department of Mathematics
* GNU General Public License v3
*********************************************************************
Call: 
./ldsc.py \
--out /cluster/projects/nn9114k/datngu/projects/ofrei_ldsc/results/sldsc_sumstats_107/PASS.Atrial_Fibrillation.Nielsen2018.sldsc_sv \
--h2 /cluster/projects/nn9114k/datngu/database/alkes_group_data/sumstats_107/PASS.Atrial_Fibrillation.Nielsen2018.sumstats.gz \
--ref-ld-chr /cluster/projects/nn9114k/datngu/projects/ofrei_ldsc/ldsc_mixer_sv_reference/ldscore/chr \
--w-ld-chr /cluster/projects/nn9114k/datngu/projects/ofrei_ldsc/ldsc_mixer_sv_reference/weights/chr 

Beginning analysis at Wed Jun  3 14:48:55 2026
Reading summary statistics from /cluster/projects/nn9114k/datngu/database/alkes_group_data/sumstats_107/PASS.Atrial_Fibrillation.Nielsen2018.sumstats.gz ...
Read summary statistics for 1186534 SNPs.
Reading reference panel LD Score from /cluster/projects/nn9114k/datngu/projects/ofrei_ldsc/ldsc_mixer_sv_reference/ldscore/chr[1-22] ... (ldscore_fromlist)
Read reference panel LD Scores for 9299279 SNPs.
Removing partitioned LD Scores with zero variance.
Reading regression weight LD Score from /cluster/projects/nn9114k/datngu/projects/ofrei_ldsc/ldsc_mixer_sv_reference/weights/chr[1-22] ... (ldscore_fromlist)
Read regression weight LD Scores for 9299279 SNPs.
After merging with reference panel LD, 1170665 SNPs remain.
After merging with regression SNP LD, 1170665 SNPs remain.
Removed 0 SNPs with chi^2 > 1030.836 (1170665 SNPs remain)
Total Observed scale h2: 0.0223 (0.0018)
Categories: outside_regionL2_0 within_regionL2_0
Observed scale h2: 0.0215 0.0009
Observed scale h2 SE: 0.0016 0.0009
Proportion of SNPs: 0.9947 0.0053
Proportion of h2g: 0.961 0.039
Enrichment: 0.9661 7.4049
Coefficients: 3.5361e-09 2.7105e-08
Coefficient SE: 2.6915e-10 2.7247e-08
Lambda GC: 1.2892
Mean Chi^2: 1.4524
Intercept: 1.1207 (0.0165)
Ratio: 0.2669 (0.0365)
Analysis finished at Wed Jun  3 14:50:10 2026
Total time elapsed: 1.0m:15.010000000000005s
Finished: Wed Jun  3 14:50:10 CEST 2026
LDSC log: /cluster/projects/nn9114k/datngu/projects/ofrei_ldsc/results/sldsc_sumstats_107/PASS.Atrial_Fibrillation.Nielsen2018.sldsc_sv.log

Job 18226538 consumed 0.1 billing hours from project nn9114k.

Submitted 2026-06-03T14:47:31; waited 1.2 minutes in the queue after becoming eligible to run.

Requested wallclock time: 6.0 hours
Elapsed wallclock time:   1.4 minutes

Job exited normally.

Task and CPU statistics:
ID              CPUs  Tasks  CPU util                Start  Elapsed  Exit status
18226538           1            0.0 %  2026-06-03T14:48:45   85.0 s  0
18226538.batch     1      1    91.1 %  2026-06-03T14:48:45   85.0 s  0

Used CPU time:   1.3 CPU minutes
Unused CPU time: 7.5 CPU seconds

Memory statistics, in GiB:
ID               Alloc   Usage
18226538          16.0        
18226538.batch    16.0     3.6

Job 18226538 completed at Wed Jun 3 14:50:11 CEST 2026
