Starting job 18226549 on c2-55 on Saga at Wed Jun 3 14:49:45 CEST 2026

Started: Wed Jun  3 14:49:45 CEST 2026
Job: 18226549; task: 31
Host: c2-55
Trait: PASS.Celiac.Dubois2010
Sumstats: /cluster/projects/nn9114k/datngu/database/alkes_group_data/sumstats_107/PASS.Celiac.Dubois2010.sumstats.gz
*********************************************************************
* LD Score Regression (LDSC)
* Version 1.0.1
* (C) 2014-2019 Brendan Bulik-Sullivan and Hilary Finucane
* Broad Institute of MIT and Harvard / MIT Department of Mathematics
* GNU General Public License v3
*********************************************************************
Call: 
./ldsc.py \
--out /cluster/projects/nn9114k/datngu/projects/ofrei_ldsc/results/sldsc_sumstats_107/PASS.Celiac.Dubois2010.sldsc_sv \
--h2 /cluster/projects/nn9114k/datngu/database/alkes_group_data/sumstats_107/PASS.Celiac.Dubois2010.sumstats.gz \
--ref-ld-chr /cluster/projects/nn9114k/datngu/projects/ofrei_ldsc/ldsc_mixer_sv_reference/ldscore/chr \
--w-ld-chr /cluster/projects/nn9114k/datngu/projects/ofrei_ldsc/ldsc_mixer_sv_reference/weights/chr 

Beginning analysis at Wed Jun  3 14:49:53 2026
Reading summary statistics from /cluster/projects/nn9114k/datngu/database/alkes_group_data/sumstats_107/PASS.Celiac.Dubois2010.sumstats.gz ...
Read summary statistics for 244995 SNPs.
Reading reference panel LD Score from /cluster/projects/nn9114k/datngu/projects/ofrei_ldsc/ldsc_mixer_sv_reference/ldscore/chr[1-22] ... (ldscore_fromlist)
Read reference panel LD Scores for 9299279 SNPs.
Removing partitioned LD Scores with zero variance.
Reading regression weight LD Score from /cluster/projects/nn9114k/datngu/projects/ofrei_ldsc/ldsc_mixer_sv_reference/weights/chr[1-22] ... (ldscore_fromlist)
Read regression weight LD Scores for 9299279 SNPs.
After merging with reference panel LD, 244235 SNPs remain.
After merging with regression SNP LD, 244235 SNPs remain.
Removed 2 SNPs with chi^2 > 80 (244233 SNPs remain)
Total Observed scale h2: 0.2742 (0.073)
Categories: outside_regionL2_0 within_regionL2_0
Observed scale h2: 0.2763 -0.002
Observed scale h2 SE: 0.075  0.0348
Proportion of SNPs: 0.9947 0.0053
Proportion of h2g: 1.0074 -0.0074
Enrichment: 1.0128 -1.4114
Coefficients: 4.5520e-08 -6.3434e-08
Coefficient SE: 1.2355e-08 1.0820e-06
Lambda GC: 1.1019
Mean Chi^2: 1.1319
Intercept: 1.0754 (0.012)
Ratio: 0.5713 (0.0908)
Analysis finished at Wed Jun  3 14:51:09 2026
Total time elapsed: 1.0m:16.36s
Finished: Wed Jun  3 14:51:10 CEST 2026
LDSC log: /cluster/projects/nn9114k/datngu/projects/ofrei_ldsc/results/sldsc_sumstats_107/PASS.Celiac.Dubois2010.sldsc_sv.log

Job 18226549 consumed 0.1 billing hours from project nn9114k.

Submitted 2026-06-03T14:47:31; waited 2.2 minutes in the queue after becoming eligible to run.

Requested wallclock time: 6.0 hours
Elapsed wallclock time:   1.4 minutes

Job exited normally.

Task and CPU statistics:
ID              CPUs  Tasks  CPU util                Start  Elapsed  Exit status
18226549           1            0.0 %  2026-06-03T14:49:45   85.0 s  0
18226549.batch     1      1    93.1 %  2026-06-03T14:49:45   85.0 s  0

Used CPU time:   1.3 CPU minutes
Unused CPU time: 5.9 CPU seconds

Memory statistics, in GiB:
ID               Alloc   Usage
18226549          16.0        
18226549.batch    16.0     3.5

Job 18226549 completed at Wed Jun 3 14:51:10 CEST 2026
