Starting job 18226532 on c2-29 on Saga at Wed Jun 3 14:47:45 CEST 2026

Started: Wed Jun  3 14:47:45 CEST 2026
Job: 18226532; task: 14
Host: c2-29
Trait: PASS.Acne_Vulgaris.TederLaving2023
Sumstats: /cluster/projects/nn9114k/datngu/database/alkes_group_data/sumstats_107/PASS.Acne_Vulgaris.TederLaving2023.sumstats.gz
*********************************************************************
* LD Score Regression (LDSC)
* Version 1.0.1
* (C) 2014-2019 Brendan Bulik-Sullivan and Hilary Finucane
* Broad Institute of MIT and Harvard / MIT Department of Mathematics
* GNU General Public License v3
*********************************************************************
Call: 
./ldsc.py \
--out /cluster/projects/nn9114k/datngu/projects/ofrei_ldsc/results/sldsc_sumstats_107/PASS.Acne_Vulgaris.TederLaving2023.sldsc_sv \
--h2 /cluster/projects/nn9114k/datngu/database/alkes_group_data/sumstats_107/PASS.Acne_Vulgaris.TederLaving2023.sumstats.gz \
--ref-ld-chr /cluster/projects/nn9114k/datngu/projects/ofrei_ldsc/ldsc_mixer_sv_reference/ldscore/chr \
--w-ld-chr /cluster/projects/nn9114k/datngu/projects/ofrei_ldsc/ldsc_mixer_sv_reference/weights/chr 

Beginning analysis at Wed Jun  3 14:47:53 2026
Reading summary statistics from /cluster/projects/nn9114k/datngu/database/alkes_group_data/sumstats_107/PASS.Acne_Vulgaris.TederLaving2023.sumstats.gz ...
Read summary statistics for 1011226 SNPs.
Reading reference panel LD Score from /cluster/projects/nn9114k/datngu/projects/ofrei_ldsc/ldsc_mixer_sv_reference/ldscore/chr[1-22] ... (ldscore_fromlist)
Read reference panel LD Scores for 9299279 SNPs.
Removing partitioned LD Scores with zero variance.
Reading regression weight LD Score from /cluster/projects/nn9114k/datngu/projects/ofrei_ldsc/ldsc_mixer_sv_reference/weights/chr[1-22] ... (ldscore_fromlist)
Read regression weight LD Scores for 9299279 SNPs.
After merging with reference panel LD, 1006822 SNPs remain.
After merging with regression SNP LD, 1006822 SNPs remain.
Removed 0 SNPs with chi^2 > 399.413 (1006822 SNPs remain)
Total Observed scale h2: 0.0227 (0.0023)
Categories: outside_regionL2_0 within_regionL2_0
Observed scale h2: 0.019  0.0036
Observed scale h2 SE: 0.0023 0.0015
Proportion of SNPs: 0.9947 0.0053
Proportion of h2g: 0.8395 0.1605
Enrichment: 0.844  30.4393
Coefficients: 3.1355e-09 1.1309e-07
Coefficient SE: 3.7138e-10 4.7235e-08
Lambda GC: 1.0499
Mean Chi^2: 1.1036
Intercept: 0.9678 (0.0074)
Ratio < 0 (usually indicates GC correction).
Analysis finished at Wed Jun  3 14:49:11 2026
Total time elapsed: 1.0m:17.67s
Finished: Wed Jun  3 14:49:11 CEST 2026
LDSC log: /cluster/projects/nn9114k/datngu/projects/ofrei_ldsc/results/sldsc_sumstats_107/PASS.Acne_Vulgaris.TederLaving2023.sldsc_sv.log

Job 18226532 consumed 0.1 billing hours from project nn9114k.

Submitted 2026-06-03T14:47:31; waited 14.0 seconds in the queue after becoming eligible to run.

Requested wallclock time: 6.0 hours
Elapsed wallclock time:   1.4 minutes

Job exited normally.

Task and CPU statistics:
ID              CPUs  Tasks  CPU util                Start  Elapsed  Exit status
18226532           1            0.0 %  2026-06-03T14:47:45   86.0 s  0
18226532.batch     1      1    89.3 %  2026-06-03T14:47:45   86.0 s  0

Used CPU time:   1.3 CPU minutes
Unused CPU time: 9.2 CPU seconds

Memory statistics, in GiB:
ID               Alloc   Usage
18226532          16.0        
18226532.batch    16.0     3.6

Job 18226532 completed at Wed Jun 3 14:49:11 CEST 2026
