Starting job 18226563 on c3-25 on Saga at Wed Jun 3 14:50:45 CEST 2026

Started: Wed Jun  3 14:50:45 CEST 2026
Job: 18226563; task: 45
Host: c3-25
Trait: PASS.Forced_Vital_Capacity.Shrine2023
Sumstats: /cluster/projects/nn9114k/datngu/database/alkes_group_data/sumstats_107/PASS.Forced_Vital_Capacity.Shrine2023.sumstats.gz
*********************************************************************
* LD Score Regression (LDSC)
* Version 1.0.1
* (C) 2014-2019 Brendan Bulik-Sullivan and Hilary Finucane
* Broad Institute of MIT and Harvard / MIT Department of Mathematics
* GNU General Public License v3
*********************************************************************
Call: 
./ldsc.py \
--out /cluster/projects/nn9114k/datngu/projects/ofrei_ldsc/results/sldsc_sumstats_107/PASS.Forced_Vital_Capacity.Shrine2023.sldsc_sv \
--h2 /cluster/projects/nn9114k/datngu/database/alkes_group_data/sumstats_107/PASS.Forced_Vital_Capacity.Shrine2023.sumstats.gz \
--ref-ld-chr /cluster/projects/nn9114k/datngu/projects/ofrei_ldsc/ldsc_mixer_sv_reference/ldscore/chr \
--w-ld-chr /cluster/projects/nn9114k/datngu/projects/ofrei_ldsc/ldsc_mixer_sv_reference/weights/chr 

Beginning analysis at Wed Jun  3 14:50:53 2026
Reading summary statistics from /cluster/projects/nn9114k/datngu/database/alkes_group_data/sumstats_107/PASS.Forced_Vital_Capacity.Shrine2023.sumstats.gz ...
Read summary statistics for 1190317 SNPs.
Reading reference panel LD Score from /cluster/projects/nn9114k/datngu/projects/ofrei_ldsc/ldsc_mixer_sv_reference/ldscore/chr[1-22] ... (ldscore_fromlist)
Read reference panel LD Scores for 9299279 SNPs.
Removing partitioned LD Scores with zero variance.
Reading regression weight LD Score from /cluster/projects/nn9114k/datngu/projects/ofrei_ldsc/ldsc_mixer_sv_reference/weights/chr[1-22] ... (ldscore_fromlist)
Read regression weight LD Scores for 9299279 SNPs.
After merging with reference panel LD, 1171415 SNPs remain.
After merging with regression SNP LD, 1171415 SNPs remain.
Removed 0 SNPs with chi^2 > 587.83405 (1171415 SNPs remain)
Total Observed scale h2: 0.1616 (0.0058)
Categories: outside_regionL2_0 within_regionL2_0
Observed scale h2: 0.1597 0.0019
Observed scale h2 SE: 0.0057 0.0032
Proportion of SNPs: 0.9947 0.0053
Proportion of h2g: 0.9885 0.0115
Enrichment: 0.9937 2.1883
Coefficients: 2.6315e-08 5.7952e-08
Coefficient SE: 9.4465e-10 9.8399e-08
Lambda GC: 1.9499
Mean Chi^2: 2.5839
Intercept: 1.2488 (0.018)
Ratio: 0.1571 (0.0114)
Analysis finished at Wed Jun  3 14:52:08 2026
Total time elapsed: 1.0m:14.920000000000002s
Finished: Wed Jun  3 14:52:08 CEST 2026
LDSC log: /cluster/projects/nn9114k/datngu/projects/ofrei_ldsc/results/sldsc_sumstats_107/PASS.Forced_Vital_Capacity.Shrine2023.sldsc_sv.log

Job 18226563 consumed 0.1 billing hours from project nn9114k.

Submitted 2026-06-03T14:47:31; waited 3.2 minutes in the queue after becoming eligible to run.

Requested wallclock time: 6.0 hours
Elapsed wallclock time:   1.4 minutes

Job exited normally.

Task and CPU statistics:
ID              CPUs  Tasks  CPU util                Start  Elapsed  Exit status
18226563           1            0.0 %  2026-06-03T14:50:45   83.0 s  0
18226563.batch     1      1    93.0 %  2026-06-03T14:50:45   83.0 s  0

Used CPU time:   1.3 CPU minutes
Unused CPU time: 5.8 CPU seconds

Memory statistics, in GiB:
ID               Alloc   Usage
18226563          16.0        
18226563.batch    16.0     3.6

Job 18226563 completed at Wed Jun 3 14:52:08 CEST 2026
