Starting job 18226625 on c2-29 on Saga at Wed Jun 3 14:55:14 CEST 2026

Started: Wed Jun  3 14:55:14 CEST 2026
Job: 18226625; task: 102
Host: c2-29
Trait: UKB_460K.disease_HYPOTHYROIDISM_SELF_REP
Sumstats: /cluster/projects/nn9114k/datngu/database/alkes_group_data/sumstats_107/UKB_460K.disease_HYPOTHYROIDISM_SELF_REP.sumstats.gz
*********************************************************************
* LD Score Regression (LDSC)
* Version 1.0.1
* (C) 2014-2019 Brendan Bulik-Sullivan and Hilary Finucane
* Broad Institute of MIT and Harvard / MIT Department of Mathematics
* GNU General Public License v3
*********************************************************************
Call: 
./ldsc.py \
--out /cluster/projects/nn9114k/datngu/projects/ofrei_ldsc/results/sldsc_sumstats_107/UKB_460K.disease_HYPOTHYROIDISM_SELF_REP.sldsc_sv \
--h2 /cluster/projects/nn9114k/datngu/database/alkes_group_data/sumstats_107/UKB_460K.disease_HYPOTHYROIDISM_SELF_REP.sumstats.gz \
--ref-ld-chr /cluster/projects/nn9114k/datngu/projects/ofrei_ldsc/ldsc_mixer_sv_reference/ldscore/chr \
--w-ld-chr /cluster/projects/nn9114k/datngu/projects/ofrei_ldsc/ldsc_mixer_sv_reference/weights/chr 

Beginning analysis at Wed Jun  3 14:55:22 2026
Reading summary statistics from /cluster/projects/nn9114k/datngu/database/alkes_group_data/sumstats_107/UKB_460K.disease_HYPOTHYROIDISM_SELF_REP.sumstats.gz ...
Read summary statistics for 1187056 SNPs.
Reading reference panel LD Score from /cluster/projects/nn9114k/datngu/projects/ofrei_ldsc/ldsc_mixer_sv_reference/ldscore/chr[1-22] ... (ldscore_fromlist)
Read reference panel LD Scores for 9299279 SNPs.
Removing partitioned LD Scores with zero variance.
Reading regression weight LD Score from /cluster/projects/nn9114k/datngu/projects/ofrei_ldsc/ldsc_mixer_sv_reference/weights/chr[1-22] ... (ldscore_fromlist)
Read regression weight LD Scores for 9299279 SNPs.
After merging with reference panel LD, 1171188 SNPs remain.
After merging with regression SNP LD, 1171188 SNPs remain.
Removed 12 SNPs with chi^2 > 459.324 (1171176 SNPs remain)
Total Observed scale h2: 0.0516 (0.005)
Categories: outside_regionL2_0 within_regionL2_0
Observed scale h2: 0.0479 0.0036
Observed scale h2 SE: 0.0059 0.0031
Proportion of SNPs: 0.9947 0.0053
Proportion of h2g: 0.9296 0.0704
Enrichment: 0.9345 13.355
Coefficients: 7.8961e-09 1.1284e-07
Coefficient SE: 9.6601e-10 9.4928e-08
Lambda GC: 1.2514
Mean Chi^2: 1.4854
Intercept: 1.1427 (0.0144)
Ratio: 0.294 (0.0296)
Analysis finished at Wed Jun  3 14:56:37 2026
Total time elapsed: 1.0m:15.39s
Finished: Wed Jun  3 14:56:38 CEST 2026
LDSC log: /cluster/projects/nn9114k/datngu/projects/ofrei_ldsc/results/sldsc_sumstats_107/UKB_460K.disease_HYPOTHYROIDISM_SELF_REP.sldsc_sv.log

Job 18226625 consumed 0.1 billing hours from project nn9114k.

Submitted 2026-06-03T14:47:31; waited 7.7 minutes in the queue after becoming eligible to run.

Requested wallclock time: 6.0 hours
Elapsed wallclock time:   1.4 minutes

Job exited normally.

Task and CPU statistics:
ID              CPUs  Tasks  CPU util                Start  Elapsed  Exit status
18226625           1            0.0 %  2026-06-03T14:55:14   84.0 s  0
18226625.batch     1      1    92.7 %  2026-06-03T14:55:14   84.0 s  0

Used CPU time:   1.3 CPU minutes
Unused CPU time: 6.2 CPU seconds

Memory statistics, in GiB:
ID               Alloc   Usage
18226625          16.0        
18226625.batch    16.0     3.6

Job 18226625 completed at Wed Jun 3 14:56:38 CEST 2026
