Starting job 18226615 on c2-32 on Saga at Wed Jun 3 14:54:14 CEST 2026

Started: Wed Jun  3 14:54:14 CEST 2026
Job: 18226615; task: 92
Host: c2-32
Trait: UKB_460K.biochemistry_TotalProtein
Sumstats: /cluster/projects/nn9114k/datngu/database/alkes_group_data/sumstats_107/UKB_460K.biochemistry_TotalProtein.sumstats.gz
*********************************************************************
* LD Score Regression (LDSC)
* Version 1.0.1
* (C) 2014-2019 Brendan Bulik-Sullivan and Hilary Finucane
* Broad Institute of MIT and Harvard / MIT Department of Mathematics
* GNU General Public License v3
*********************************************************************
Call: 
./ldsc.py \
--out /cluster/projects/nn9114k/datngu/projects/ofrei_ldsc/results/sldsc_sumstats_107/UKB_460K.biochemistry_TotalProtein.sldsc_sv \
--h2 /cluster/projects/nn9114k/datngu/database/alkes_group_data/sumstats_107/UKB_460K.biochemistry_TotalProtein.sumstats.gz \
--ref-ld-chr /cluster/projects/nn9114k/datngu/projects/ofrei_ldsc/ldsc_mixer_sv_reference/ldscore/chr \
--w-ld-chr /cluster/projects/nn9114k/datngu/projects/ofrei_ldsc/ldsc_mixer_sv_reference/weights/chr 

Beginning analysis at Wed Jun  3 14:54:22 2026
Reading summary statistics from /cluster/projects/nn9114k/datngu/database/alkes_group_data/sumstats_107/UKB_460K.biochemistry_TotalProtein.sumstats.gz ...
Read summary statistics for 1187344 SNPs.
Reading reference panel LD Score from /cluster/projects/nn9114k/datngu/projects/ofrei_ldsc/ldsc_mixer_sv_reference/ldscore/chr[1-22] ... (ldscore_fromlist)
Read reference panel LD Scores for 9299279 SNPs.
Removing partitioned LD Scores with zero variance.
Reading regression weight LD Score from /cluster/projects/nn9114k/datngu/projects/ofrei_ldsc/ldsc_mixer_sv_reference/weights/chr[1-22] ... (ldscore_fromlist)
Read regression weight LD Scores for 9299279 SNPs.
After merging with reference panel LD, 1171404 SNPs remain.
After merging with regression SNP LD, 1171404 SNPs remain.
Removed 60 SNPs with chi^2 > 397.652 (1171344 SNPs remain)
Total Observed scale h2: 0.1824 (0.0104)
Categories: outside_regionL2_0 within_regionL2_0
Observed scale h2: 0.1683 0.014
Observed scale h2 SE: 0.0118 0.0065
Proportion of SNPs: 0.9947 0.0053
Proportion of h2g: 0.9231 0.0769
Enrichment: 0.928  14.5917
Coefficients: 2.7737e-08 4.3615e-07
Coefficient SE: 1.9462e-09 2.0292e-07
Lambda GC: 1.6815
Mean Chi^2: 2.3377
Intercept: 1.3505 (0.0266)
Ratio: 0.262 (0.0199)
Analysis finished at Wed Jun  3 14:55:40 2026
Total time elapsed: 1.0m:17.400000000000006s
Finished: Wed Jun  3 14:55:40 CEST 2026
LDSC log: /cluster/projects/nn9114k/datngu/projects/ofrei_ldsc/results/sldsc_sumstats_107/UKB_460K.biochemistry_TotalProtein.sldsc_sv.log

Job 18226615 consumed 0.1 billing hours from project nn9114k.

Submitted 2026-06-03T14:47:31; waited 6.7 minutes in the queue after becoming eligible to run.

Requested wallclock time: 6.0 hours
Elapsed wallclock time:   1.4 minutes

Job exited normally.

Task and CPU statistics:
ID              CPUs  Tasks  CPU util                Start  Elapsed  Exit status
18226615           1            0.0 %  2026-06-03T14:54:14   86.0 s  0
18226615.batch     1      1    92.8 %  2026-06-03T14:54:14   86.0 s  0

Used CPU time:   1.3 CPU minutes
Unused CPU time: 6.2 CPU seconds

Memory statistics, in GiB:
ID               Alloc   Usage
18226615          16.0        
18226615.batch    16.0     3.6

Job 18226615 completed at Wed Jun 3 14:55:40 CEST 2026
