Starting job 18226539 on c3-26 on Saga at Wed Jun 3 14:49:14 CEST 2026

Started: Wed Jun  3 14:49:14 CEST 2026
Job: 18226539; task: 21
Host: c3-26
Trait: PASS.Attention_Deficit_Hyperactivity_Disorder_ADHD.Demontis2023
Sumstats: /cluster/projects/nn9114k/datngu/database/alkes_group_data/sumstats_107/PASS.Attention_Deficit_Hyperactivity_Disorder_ADHD.Demontis2023.sumstats.gz
*********************************************************************
* LD Score Regression (LDSC)
* Version 1.0.1
* (C) 2014-2019 Brendan Bulik-Sullivan and Hilary Finucane
* Broad Institute of MIT and Harvard / MIT Department of Mathematics
* GNU General Public License v3
*********************************************************************
Call: 
./ldsc.py \
--out /cluster/projects/nn9114k/datngu/projects/ofrei_ldsc/results/sldsc_sumstats_107/PASS.Attention_Deficit_Hyperactivity_Disorder_ADHD.Demontis2023.sldsc_sv \
--h2 /cluster/projects/nn9114k/datngu/database/alkes_group_data/sumstats_107/PASS.Attention_Deficit_Hyperactivity_Disorder_ADHD.Demontis2023.sumstats.gz \
--ref-ld-chr /cluster/projects/nn9114k/datngu/projects/ofrei_ldsc/ldsc_mixer_sv_reference/ldscore/chr \
--w-ld-chr /cluster/projects/nn9114k/datngu/projects/ofrei_ldsc/ldsc_mixer_sv_reference/weights/chr 

Beginning analysis at Wed Jun  3 14:49:22 2026
Reading summary statistics from /cluster/projects/nn9114k/datngu/database/alkes_group_data/sumstats_107/PASS.Attention_Deficit_Hyperactivity_Disorder_ADHD.Demontis2023.sumstats.gz ...
Read summary statistics for 1126677 SNPs.
Reading reference panel LD Score from /cluster/projects/nn9114k/datngu/projects/ofrei_ldsc/ldsc_mixer_sv_reference/ldscore/chr[1-22] ... (ldscore_fromlist)
Read reference panel LD Scores for 9299279 SNPs.
Removing partitioned LD Scores with zero variance.
Reading regression weight LD Score from /cluster/projects/nn9114k/datngu/projects/ofrei_ldsc/ldsc_mixer_sv_reference/weights/chr[1-22] ... (ldscore_fromlist)
Read regression weight LD Scores for 9299279 SNPs.
After merging with reference panel LD, 1118774 SNPs remain.
After merging with regression SNP LD, 1118774 SNPs remain.
Removed 0 SNPs with chi^2 > 225.534 (1118774 SNPs remain)
Total Observed scale h2: 0.0992 (0.0057)
Categories: outside_regionL2_0 within_regionL2_0
Observed scale h2: 0.0983 0.0008
Observed scale h2 SE: 0.0054 0.0031
Proportion of SNPs: 0.9947 0.0053
Proportion of h2g: 0.9915 0.0085
Enrichment: 0.9968 1.6062
Coefficients: 1.6202e-08 2.6108e-08
Coefficient SE: 8.8424e-10 9.5837e-08
Lambda GC: 1.3567
Mean Chi^2: 1.4492
Intercept: 1.1124 (0.0091)
Ratio: 0.2502 (0.0204)
Analysis finished at Wed Jun  3 14:50:37 2026
Total time elapsed: 1.0m:14.829999999999998s
Finished: Wed Jun  3 14:50:37 CEST 2026
LDSC log: /cluster/projects/nn9114k/datngu/projects/ofrei_ldsc/results/sldsc_sumstats_107/PASS.Attention_Deficit_Hyperactivity_Disorder_ADHD.Demontis2023.sldsc_sv.log

Job 18226539 consumed 0.1 billing hours from project nn9114k.

Submitted 2026-06-03T14:47:31; waited 1.7 minutes in the queue after becoming eligible to run.

Requested wallclock time: 6.0 hours
Elapsed wallclock time:   1.4 minutes

Job exited normally.

Task and CPU statistics:
ID              CPUs  Tasks  CPU util                Start  Elapsed  Exit status
18226539           1            0.0 %  2026-06-03T14:49:14   83.0 s  0
18226539.batch     1      1    92.9 %  2026-06-03T14:49:14   83.0 s  0

Used CPU time:   1.3 CPU minutes
Unused CPU time: 5.9 CPU seconds

Memory statistics, in GiB:
ID               Alloc   Usage
18226539          16.0        
18226539.batch    16.0     3.6

Job 18226539 completed at Wed Jun 3 14:50:37 CEST 2026
