Starting job 18226582 on c2-37 on Saga at Wed Jun 3 14:51:45 CEST 2026

Started: Wed Jun  3 14:51:45 CEST 2026
Job: 18226582; task: 63
Host: c2-37
Trait: PASS.Monocyte_Percentage.Vuckovic2020
Sumstats: /cluster/projects/nn9114k/datngu/database/alkes_group_data/sumstats_107/PASS.Monocyte_Percentage.Vuckovic2020.sumstats.gz
*********************************************************************
* LD Score Regression (LDSC)
* Version 1.0.1
* (C) 2014-2019 Brendan Bulik-Sullivan and Hilary Finucane
* Broad Institute of MIT and Harvard / MIT Department of Mathematics
* GNU General Public License v3
*********************************************************************
Call: 
./ldsc.py \
--out /cluster/projects/nn9114k/datngu/projects/ofrei_ldsc/results/sldsc_sumstats_107/PASS.Monocyte_Percentage.Vuckovic2020.sldsc_sv \
--h2 /cluster/projects/nn9114k/datngu/database/alkes_group_data/sumstats_107/PASS.Monocyte_Percentage.Vuckovic2020.sumstats.gz \
--ref-ld-chr /cluster/projects/nn9114k/datngu/projects/ofrei_ldsc/ldsc_mixer_sv_reference/ldscore/chr \
--w-ld-chr /cluster/projects/nn9114k/datngu/projects/ofrei_ldsc/ldsc_mixer_sv_reference/weights/chr 

Beginning analysis at Wed Jun  3 14:52:02 2026
Reading summary statistics from /cluster/projects/nn9114k/datngu/database/alkes_group_data/sumstats_107/PASS.Monocyte_Percentage.Vuckovic2020.sumstats.gz ...
Read summary statistics for 1189835 SNPs.
Reading reference panel LD Score from /cluster/projects/nn9114k/datngu/projects/ofrei_ldsc/ldsc_mixer_sv_reference/ldscore/chr[1-22] ... (ldscore_fromlist)
Read reference panel LD Scores for 9299279 SNPs.
Removing partitioned LD Scores with zero variance.
Reading regression weight LD Score from /cluster/projects/nn9114k/datngu/projects/ofrei_ldsc/ldsc_mixer_sv_reference/weights/chr[1-22] ... (ldscore_fromlist)
Read regression weight LD Scores for 9299279 SNPs.
After merging with reference panel LD, 1170957 SNPs remain.
After merging with regression SNP LD, 1170957 SNPs remain.
Removed 359 SNPs with chi^2 > 408.112 (1170598 SNPs remain)
Total Observed scale h2: 0.199 (0.0179)
Categories: outside_regionL2_0 within_regionL2_0
Observed scale h2: 0.1804 0.0185
Observed scale h2 SE: 0.0173 0.0095
Proportion of SNPs: 0.9947 0.0053
Proportion of h2g: 0.9068 0.0932
Enrichment: 0.9117 17.6682
Coefficients: 2.9727e-08 5.7611e-07
Coefficient SE: 2.8568e-09 2.9423e-07
Lambda GC: 1.5371
Mean Chi^2: 2.5964
Intercept: 1.4763 (0.0525)
Ratio: 0.2984 (0.0329)
Analysis finished at Wed Jun  3 14:53:17 2026
Total time elapsed: 1.0m:14.530000000000001s
Finished: Wed Jun  3 14:53:17 CEST 2026
LDSC log: /cluster/projects/nn9114k/datngu/projects/ofrei_ldsc/results/sldsc_sumstats_107/PASS.Monocyte_Percentage.Vuckovic2020.sldsc_sv.log

Job 18226582 consumed 0.1 billing hours from project nn9114k.

Submitted 2026-06-03T14:47:31; waited 4.2 minutes in the queue after becoming eligible to run.

Requested wallclock time: 6.0 hours
Elapsed wallclock time:   1.5 minutes

Job exited normally.

Task and CPU statistics:
ID              CPUs  Tasks  CPU util                Start  Elapsed  Exit status
18226582           1            0.0 %  2026-06-03T14:51:45   92.0 s  0
18226582.batch     1      1    83.6 %  2026-06-03T14:51:45   92.0 s  0

Used CPU time:   1.3 CPU minutes
Unused CPU time: 15.1 CPU seconds

Memory statistics, in GiB:
ID               Alloc   Usage
18226582          16.0        
18226582.batch    16.0     3.6

Job 18226582 completed at Wed Jun 3 14:53:17 CEST 2026
