Starting job 18226566 on c2-56 on Saga at Wed Jun 3 14:50:45 CEST 2026

Started: Wed Jun  3 14:50:45 CEST 2026
Job: 18226566; task: 48
Host: c2-56
Trait: PASS.Genetic_Generalized_Epilepsy.Berkovic2022
Sumstats: /cluster/projects/nn9114k/datngu/database/alkes_group_data/sumstats_107/PASS.Genetic_Generalized_Epilepsy.Berkovic2022.sumstats.gz
*********************************************************************
* LD Score Regression (LDSC)
* Version 1.0.1
* (C) 2014-2019 Brendan Bulik-Sullivan and Hilary Finucane
* Broad Institute of MIT and Harvard / MIT Department of Mathematics
* GNU General Public License v3
*********************************************************************
Call: 
./ldsc.py \
--out /cluster/projects/nn9114k/datngu/projects/ofrei_ldsc/results/sldsc_sumstats_107/PASS.Genetic_Generalized_Epilepsy.Berkovic2022.sldsc_sv \
--h2 /cluster/projects/nn9114k/datngu/database/alkes_group_data/sumstats_107/PASS.Genetic_Generalized_Epilepsy.Berkovic2022.sumstats.gz \
--ref-ld-chr /cluster/projects/nn9114k/datngu/projects/ofrei_ldsc/ldsc_mixer_sv_reference/ldscore/chr \
--w-ld-chr /cluster/projects/nn9114k/datngu/projects/ofrei_ldsc/ldsc_mixer_sv_reference/weights/chr 

Beginning analysis at Wed Jun  3 14:50:53 2026
Reading summary statistics from /cluster/projects/nn9114k/datngu/database/alkes_group_data/sumstats_107/PASS.Genetic_Generalized_Epilepsy.Berkovic2022.sumstats.gz ...
Read summary statistics for 896480 SNPs.
Reading reference panel LD Score from /cluster/projects/nn9114k/datngu/projects/ofrei_ldsc/ldsc_mixer_sv_reference/ldscore/chr[1-22] ... (ldscore_fromlist)
Read reference panel LD Scores for 9299279 SNPs.
Removing partitioned LD Scores with zero variance.
Reading regression weight LD Score from /cluster/projects/nn9114k/datngu/projects/ofrei_ldsc/ldsc_mixer_sv_reference/weights/chr[1-22] ... (ldscore_fromlist)
Read regression weight LD Scores for 9299279 SNPs.
After merging with reference panel LD, 891807 SNPs remain.
After merging with regression SNP LD, 891807 SNPs remain.
Removed 0 SNPs with chi^2 > 80 (891807 SNPs remain)
Total Observed scale h2: 0.5978 (0.0571)
Categories: outside_regionL2_0 within_regionL2_0
Observed scale h2: 0.5565 0.0414
Observed scale h2 SE: 0.0527 0.0261
Proportion of SNPs: 0.9947 0.0053
Proportion of h2g: 0.9308 0.0692
Enrichment: 0.9357 13.1316
Coefficients: 9.1681e-08 1.2866e-06
Coefficient SE: 8.6805e-09 8.1165e-07
Lambda GC: 1.2932
Mean Chi^2: 1.3493
Intercept: 1.1109 (0.0112)
Ratio: 0.3175 (0.0322)
Analysis finished at Wed Jun  3 14:52:10 2026
Total time elapsed: 1.0m:16.980000000000004s
Finished: Wed Jun  3 14:52:10 CEST 2026
LDSC log: /cluster/projects/nn9114k/datngu/projects/ofrei_ldsc/results/sldsc_sumstats_107/PASS.Genetic_Generalized_Epilepsy.Berkovic2022.sldsc_sv.log

Job 18226566 consumed 0.1 billing hours from project nn9114k.

Submitted 2026-06-03T14:47:31; waited 3.2 minutes in the queue after becoming eligible to run.

Requested wallclock time: 6.0 hours
Elapsed wallclock time:   1.4 minutes

Job exited normally.

Task and CPU statistics:
ID              CPUs  Tasks  CPU util                Start  Elapsed  Exit status
18226566           1            0.0 %  2026-06-03T14:50:45   85.0 s  0
18226566.batch     1      1    93.4 %  2026-06-03T14:50:45   85.0 s  0

Used CPU time:   1.3 CPU minutes
Unused CPU time: 5.6 CPU seconds

Memory statistics, in GiB:
ID               Alloc   Usage
18226566          16.0        
18226566.batch    16.0     3.6

Job 18226566 completed at Wed Jun 3 14:52:11 CEST 2026
