Starting job 18226560 on c2-37 on Saga at Wed Jun 3 14:50:13 CEST 2026

Started: Wed Jun  3 14:50:13 CEST 2026
Job: 18226560; task: 42
Host: c2-37
Trait: PASS.Eosinophil_Percentage.Vuckovic2020
Sumstats: /cluster/projects/nn9114k/datngu/database/alkes_group_data/sumstats_107/PASS.Eosinophil_Percentage.Vuckovic2020.sumstats.gz
*********************************************************************
* LD Score Regression (LDSC)
* Version 1.0.1
* (C) 2014-2019 Brendan Bulik-Sullivan and Hilary Finucane
* Broad Institute of MIT and Harvard / MIT Department of Mathematics
* GNU General Public License v3
*********************************************************************
Call: 
./ldsc.py \
--out /cluster/projects/nn9114k/datngu/projects/ofrei_ldsc/results/sldsc_sumstats_107/PASS.Eosinophil_Percentage.Vuckovic2020.sldsc_sv \
--h2 /cluster/projects/nn9114k/datngu/database/alkes_group_data/sumstats_107/PASS.Eosinophil_Percentage.Vuckovic2020.sumstats.gz \
--ref-ld-chr /cluster/projects/nn9114k/datngu/projects/ofrei_ldsc/ldsc_mixer_sv_reference/ldscore/chr \
--w-ld-chr /cluster/projects/nn9114k/datngu/projects/ofrei_ldsc/ldsc_mixer_sv_reference/weights/chr 

Beginning analysis at Wed Jun  3 14:50:21 2026
Reading summary statistics from /cluster/projects/nn9114k/datngu/database/alkes_group_data/sumstats_107/PASS.Eosinophil_Percentage.Vuckovic2020.sumstats.gz ...
Read summary statistics for 1189835 SNPs.
Reading reference panel LD Score from /cluster/projects/nn9114k/datngu/projects/ofrei_ldsc/ldsc_mixer_sv_reference/ldscore/chr[1-22] ... (ldscore_fromlist)
Read reference panel LD Scores for 9299279 SNPs.
Removing partitioned LD Scores with zero variance.
Reading regression weight LD Score from /cluster/projects/nn9114k/datngu/projects/ofrei_ldsc/ldsc_mixer_sv_reference/weights/chr[1-22] ... (ldscore_fromlist)
Read regression weight LD Scores for 9299279 SNPs.
After merging with reference panel LD, 1170957 SNPs remain.
After merging with regression SNP LD, 1170957 SNPs remain.
Removed 330 SNPs with chi^2 > 408.112 (1170627 SNPs remain)
Total Observed scale h2: 0.2262 (0.0168)
Categories: outside_regionL2_0 within_regionL2_0
Observed scale h2: 0.2076 0.0187
Observed scale h2 SE: 0.0166 0.0083
Proportion of SNPs: 0.9947 0.0053
Proportion of h2g: 0.9175 0.0825
Enrichment: 0.9224 15.6405
Coefficients: 3.4203e-08 5.7995e-07
Coefficient SE: 2.7408e-09 2.5763e-07
Lambda GC: 1.5879
Mean Chi^2: 2.7364
Intercept: 1.3954 (0.0395)
Ratio: 0.2277 (0.0227)
Analysis finished at Wed Jun  3 14:51:36 2026
Total time elapsed: 1.0m:14.739999999999995s
Finished: Wed Jun  3 14:51:36 CEST 2026
LDSC log: /cluster/projects/nn9114k/datngu/projects/ofrei_ldsc/results/sldsc_sumstats_107/PASS.Eosinophil_Percentage.Vuckovic2020.sldsc_sv.log

Job 18226560 consumed 0.1 billing hours from project nn9114k.

Submitted 2026-06-03T14:47:31; waited 2.7 minutes in the queue after becoming eligible to run.

Requested wallclock time: 6.0 hours
Elapsed wallclock time:   1.4 minutes

Job exited normally.

Task and CPU statistics:
ID              CPUs  Tasks  CPU util                Start  Elapsed  Exit status
18226560           1            0.0 %  2026-06-03T14:50:13   83.0 s  0
18226560.batch     1      1    92.9 %  2026-06-03T14:50:13   83.0 s  0

Used CPU time:   1.3 CPU minutes
Unused CPU time: 5.9 CPU seconds

Memory statistics, in GiB:
ID               Alloc   Usage
18226560          16.0        
18226560.batch    16.0     3.6

Job 18226560 completed at Wed Jun 3 14:51:36 CEST 2026
