Starting job 18226579 on c3-13 on Saga at Wed Jun 3 14:51:45 CEST 2026

Started: Wed Jun  3 14:51:45 CEST 2026
Job: 18226579; task: 60
Host: c3-13
Trait: PASS.Lupus.Bentham2015
Sumstats: /cluster/projects/nn9114k/datngu/database/alkes_group_data/sumstats_107/PASS.Lupus.Bentham2015.sumstats.gz
*********************************************************************
* LD Score Regression (LDSC)
* Version 1.0.1
* (C) 2014-2019 Brendan Bulik-Sullivan and Hilary Finucane
* Broad Institute of MIT and Harvard / MIT Department of Mathematics
* GNU General Public License v3
*********************************************************************
Call: 
./ldsc.py \
--out /cluster/projects/nn9114k/datngu/projects/ofrei_ldsc/results/sldsc_sumstats_107/PASS.Lupus.Bentham2015.sldsc_sv \
--h2 /cluster/projects/nn9114k/datngu/database/alkes_group_data/sumstats_107/PASS.Lupus.Bentham2015.sumstats.gz \
--ref-ld-chr /cluster/projects/nn9114k/datngu/projects/ofrei_ldsc/ldsc_mixer_sv_reference/ldscore/chr \
--w-ld-chr /cluster/projects/nn9114k/datngu/projects/ofrei_ldsc/ldsc_mixer_sv_reference/weights/chr 

Beginning analysis at Wed Jun  3 14:52:02 2026
Reading summary statistics from /cluster/projects/nn9114k/datngu/database/alkes_group_data/sumstats_107/PASS.Lupus.Bentham2015.sumstats.gz ...
Read summary statistics for 1163805 SNPs.
Reading reference panel LD Score from /cluster/projects/nn9114k/datngu/projects/ofrei_ldsc/ldsc_mixer_sv_reference/ldscore/chr[1-22] ... (ldscore_fromlist)
Read reference panel LD Scores for 9299279 SNPs.
Removing partitioned LD Scores with zero variance.
Reading regression weight LD Score from /cluster/projects/nn9114k/datngu/projects/ofrei_ldsc/ldsc_mixer_sv_reference/weights/chr[1-22] ... (ldscore_fromlist)
Read regression weight LD Scores for 9299279 SNPs.
After merging with reference panel LD, 1156375 SNPs remain.
After merging with regression SNP LD, 1156375 SNPs remain.
Removed 36 SNPs with chi^2 > 80 (1156339 SNPs remain)
Total Observed scale h2: 0.4776 (0.0635)
Categories: outside_regionL2_0 within_regionL2_0
Observed scale h2: 0.4328 0.0448
Observed scale h2 SE: 0.0636 0.0397
Proportion of SNPs: 0.9947 0.0053
Proportion of h2g: 0.9061 0.0939
Enrichment: 0.9109 17.8022
Coefficients: 7.1307e-08 1.3935e-06
Coefficient SE: 1.0481e-08 1.2337e-06
Lambda GC: 1.1683
Mean Chi^2: 1.2145
Intercept: 1.108 (0.0084)
Ratio: 0.5035 (0.0392)
Analysis finished at Wed Jun  3 14:53:19 2026
Total time elapsed: 1.0m:17.189999999999998s
Finished: Wed Jun  3 14:53:20 CEST 2026
LDSC log: /cluster/projects/nn9114k/datngu/projects/ofrei_ldsc/results/sldsc_sumstats_107/PASS.Lupus.Bentham2015.sldsc_sv.log

Job 18226579 consumed 0.1 billing hours from project nn9114k.

Submitted 2026-06-03T14:47:31; waited 4.2 minutes in the queue after becoming eligible to run.

Requested wallclock time: 6.0 hours
Elapsed wallclock time:   1.6 minutes

Job exited normally.

Task and CPU statistics:
ID              CPUs  Tasks  CPU util                Start  Elapsed  Exit status
18226579           1            0.0 %  2026-06-03T14:51:45   95.0 s  0
18226579.batch     1      1    83.9 %  2026-06-03T14:51:45   95.0 s  0

Used CPU time:   1.3 CPU minutes
Unused CPU time: 15.3 CPU seconds

Memory statistics, in GiB:
ID               Alloc   Usage
18226579          16.0        
18226579.batch    16.0     3.5

Job 18226579 completed at Wed Jun 3 14:53:20 CEST 2026
