Starting job 18226570 on c5-60 on Saga at Wed Jun 3 14:51:14 CEST 2026

Started: Wed Jun  3 14:51:14 CEST 2026
Job: 18226570; task: 52
Host: c5-60
Trait: PASS.Heart_Failure.Shah2020
Sumstats: /cluster/projects/nn9114k/datngu/database/alkes_group_data/sumstats_107/PASS.Heart_Failure.Shah2020.sumstats.gz
*********************************************************************
* LD Score Regression (LDSC)
* Version 1.0.1
* (C) 2014-2019 Brendan Bulik-Sullivan and Hilary Finucane
* Broad Institute of MIT and Harvard / MIT Department of Mathematics
* GNU General Public License v3
*********************************************************************
Call: 
./ldsc.py \
--out /cluster/projects/nn9114k/datngu/projects/ofrei_ldsc/results/sldsc_sumstats_107/PASS.Heart_Failure.Shah2020.sldsc_sv \
--h2 /cluster/projects/nn9114k/datngu/database/alkes_group_data/sumstats_107/PASS.Heart_Failure.Shah2020.sumstats.gz \
--ref-ld-chr /cluster/projects/nn9114k/datngu/projects/ofrei_ldsc/ldsc_mixer_sv_reference/ldscore/chr \
--w-ld-chr /cluster/projects/nn9114k/datngu/projects/ofrei_ldsc/ldsc_mixer_sv_reference/weights/chr 

Beginning analysis at Wed Jun  3 14:51:22 2026
Reading summary statistics from /cluster/projects/nn9114k/datngu/database/alkes_group_data/sumstats_107/PASS.Heart_Failure.Shah2020.sumstats.gz ...
Read summary statistics for 1169890 SNPs.
Reading reference panel LD Score from /cluster/projects/nn9114k/datngu/projects/ofrei_ldsc/ldsc_mixer_sv_reference/ldscore/chr[1-22] ... (ldscore_fromlist)
Read reference panel LD Scores for 9299279 SNPs.
Removing partitioned LD Scores with zero variance.
Reading regression weight LD Score from /cluster/projects/nn9114k/datngu/projects/ofrei_ldsc/ldsc_mixer_sv_reference/weights/chr[1-22] ... (ldscore_fromlist)
Read regression weight LD Scores for 9299279 SNPs.
After merging with reference panel LD, 1160689 SNPs remain.
After merging with regression SNP LD, 1160689 SNPs remain.
Removed 0 SNPs with chi^2 > 964.057 (1160689 SNPs remain)
Total Observed scale h2: 0.0096 (0.0007)
Categories: outside_regionL2_0 within_regionL2_0
Observed scale h2: 0.0085 0.0011
Observed scale h2 SE: 0.0008 0.0005
Proportion of SNPs: 0.9947 0.0053
Proportion of h2g: 0.8845 0.1155
Enrichment: 0.8892 21.904
Coefficients: 1.4060e-09 3.4634e-08
Coefficient SE: 1.2844e-10 1.6076e-08
Lambda GC: 1.1266
Mean Chi^2: 1.158
Intercept: 1.0219 (0.0066)
Ratio: 0.1385 (0.0416)
Analysis finished at Wed Jun  3 14:52:39 2026
Total time elapsed: 1.0m:17.069999999999993s
Finished: Wed Jun  3 14:52:40 CEST 2026
LDSC log: /cluster/projects/nn9114k/datngu/projects/ofrei_ldsc/results/sldsc_sumstats_107/PASS.Heart_Failure.Shah2020.sldsc_sv.log

Job 18226570 consumed 0.1 billing hours from project nn9114k.

Submitted 2026-06-03T14:47:31; waited 3.7 minutes in the queue after becoming eligible to run.

Requested wallclock time: 6.0 hours
Elapsed wallclock time:   1.4 minutes

Job exited normally.

Task and CPU statistics:
ID              CPUs  Tasks  CPU util                Start  Elapsed  Exit status
18226570           1            0.0 %  2026-06-03T14:51:14   86.0 s  0
18226570.batch     1      1    92.6 %  2026-06-03T14:51:14   86.0 s  0

Used CPU time:   1.3 CPU minutes
Unused CPU time: 6.3 CPU seconds

Memory statistics, in GiB:
ID               Alloc   Usage
18226570          16.0        
18226570.batch    16.0     3.6

Job 18226570 completed at Wed Jun 3 14:52:40 CEST 2026
