Starting job 18226542 on c2-56 on Saga at Wed Jun 3 14:49:14 CEST 2026

Started: Wed Jun  3 14:49:14 CEST 2026
Job: 18226542; task: 24
Host: c2-56
Trait: PASS.Basophil_Percentage.Vuckovic2020
Sumstats: /cluster/projects/nn9114k/datngu/database/alkes_group_data/sumstats_107/PASS.Basophil_Percentage.Vuckovic2020.sumstats.gz
*********************************************************************
* LD Score Regression (LDSC)
* Version 1.0.1
* (C) 2014-2019 Brendan Bulik-Sullivan and Hilary Finucane
* Broad Institute of MIT and Harvard / MIT Department of Mathematics
* GNU General Public License v3
*********************************************************************
Call: 
./ldsc.py \
--out /cluster/projects/nn9114k/datngu/projects/ofrei_ldsc/results/sldsc_sumstats_107/PASS.Basophil_Percentage.Vuckovic2020.sldsc_sv \
--h2 /cluster/projects/nn9114k/datngu/database/alkes_group_data/sumstats_107/PASS.Basophil_Percentage.Vuckovic2020.sumstats.gz \
--ref-ld-chr /cluster/projects/nn9114k/datngu/projects/ofrei_ldsc/ldsc_mixer_sv_reference/ldscore/chr \
--w-ld-chr /cluster/projects/nn9114k/datngu/projects/ofrei_ldsc/ldsc_mixer_sv_reference/weights/chr 

Beginning analysis at Wed Jun  3 14:49:22 2026
Reading summary statistics from /cluster/projects/nn9114k/datngu/database/alkes_group_data/sumstats_107/PASS.Basophil_Percentage.Vuckovic2020.sumstats.gz ...
Read summary statistics for 1189835 SNPs.
Reading reference panel LD Score from /cluster/projects/nn9114k/datngu/projects/ofrei_ldsc/ldsc_mixer_sv_reference/ldscore/chr[1-22] ... (ldscore_fromlist)
Read reference panel LD Scores for 9299279 SNPs.
Removing partitioned LD Scores with zero variance.
Reading regression weight LD Score from /cluster/projects/nn9114k/datngu/projects/ofrei_ldsc/ldsc_mixer_sv_reference/weights/chr[1-22] ... (ldscore_fromlist)
Read regression weight LD Scores for 9299279 SNPs.
After merging with reference panel LD, 1170957 SNPs remain.
After merging with regression SNP LD, 1170957 SNPs remain.
Removed 11 SNPs with chi^2 > 408.112 (1170946 SNPs remain)
Total Observed scale h2: 0.0609 (0.007)
Categories: outside_regionL2_0 within_regionL2_0
Observed scale h2: 0.0575 0.0034
Observed scale h2 SE: 0.0069 0.0032
Proportion of SNPs: 0.9947 0.0053
Proportion of h2g: 0.9443 0.0557
Enrichment: 0.9493 10.5666
Coefficients: 9.4767e-09 1.0549e-07
Coefficient SE: 1.1376e-09 9.8972e-08
Lambda GC: 1.2181
Mean Chi^2: 1.4738
Intercept: 1.1067 (0.0185)
Ratio: 0.2251 (0.0391)
Analysis finished at Wed Jun  3 14:50:39 2026
Total time elapsed: 1.0m:17.010000000000005s
Finished: Wed Jun  3 14:50:39 CEST 2026
LDSC log: /cluster/projects/nn9114k/datngu/projects/ofrei_ldsc/results/sldsc_sumstats_107/PASS.Basophil_Percentage.Vuckovic2020.sldsc_sv.log

Job 18226542 consumed 0.1 billing hours from project nn9114k.

Submitted 2026-06-03T14:47:31; waited 1.7 minutes in the queue after becoming eligible to run.

Requested wallclock time: 6.0 hours
Elapsed wallclock time:   1.4 minutes

Job exited normally.

Task and CPU statistics:
ID              CPUs  Tasks  CPU util                Start  Elapsed  Exit status
18226542           1            0.0 %  2026-06-03T14:49:14   85.0 s  0
18226542.batch     1      1    93.5 %  2026-06-03T14:49:14   85.0 s  0

Used CPU time:   1.3 CPU minutes
Unused CPU time: 5.6 CPU seconds

Memory statistics, in GiB:
ID               Alloc   Usage
18226542          16.0        
18226542.batch    16.0     3.6

Job 18226542 completed at Wed Jun 3 14:50:39 CEST 2026
