Starting job 18226603 on c3-15 on Saga at Wed Jun 3 14:53:45 CEST 2026

Started: Wed Jun  3 14:53:45 CEST 2026
Job: 18226603; task: 81
Host: c3-15
Trait: PASS.Varicose_Veins.Ahmed2022
Sumstats: /cluster/projects/nn9114k/datngu/database/alkes_group_data/sumstats_107/PASS.Varicose_Veins.Ahmed2022.sumstats.gz
*********************************************************************
* LD Score Regression (LDSC)
* Version 1.0.1
* (C) 2014-2019 Brendan Bulik-Sullivan and Hilary Finucane
* Broad Institute of MIT and Harvard / MIT Department of Mathematics
* GNU General Public License v3
*********************************************************************
Call: 
./ldsc.py \
--out /cluster/projects/nn9114k/datngu/projects/ofrei_ldsc/results/sldsc_sumstats_107/PASS.Varicose_Veins.Ahmed2022.sldsc_sv \
--h2 /cluster/projects/nn9114k/datngu/database/alkes_group_data/sumstats_107/PASS.Varicose_Veins.Ahmed2022.sumstats.gz \
--ref-ld-chr /cluster/projects/nn9114k/datngu/projects/ofrei_ldsc/ldsc_mixer_sv_reference/ldscore/chr \
--w-ld-chr /cluster/projects/nn9114k/datngu/projects/ofrei_ldsc/ldsc_mixer_sv_reference/weights/chr 

Beginning analysis at Wed Jun  3 14:53:53 2026
Reading summary statistics from /cluster/projects/nn9114k/datngu/database/alkes_group_data/sumstats_107/PASS.Varicose_Veins.Ahmed2022.sumstats.gz ...
Read summary statistics for 1161341 SNPs.
Reading reference panel LD Score from /cluster/projects/nn9114k/datngu/projects/ofrei_ldsc/ldsc_mixer_sv_reference/ldscore/chr[1-22] ... (ldscore_fromlist)
Read reference panel LD Scores for 9299279 SNPs.
Removing partitioned LD Scores with zero variance.
Reading regression weight LD Score from /cluster/projects/nn9114k/datngu/projects/ofrei_ldsc/ldsc_mixer_sv_reference/weights/chr[1-22] ... (ldscore_fromlist)
Read regression weight LD Scores for 9299279 SNPs.
After merging with reference panel LD, 1152220 SNPs remain.
After merging with regression SNP LD, 1152220 SNPs remain.
Removed 2 SNPs with chi^2 > 401.656 (1152218 SNPs remain)
Total Observed scale h2: 0.0551 (0.0037)
Categories: outside_regionL2_0 within_regionL2_0
Observed scale h2: 0.051  0.0041
Observed scale h2 SE: 0.0043 0.0028
Proportion of SNPs: 0.9947 0.0053
Proportion of h2g: 0.9258 0.0742
Enrichment: 0.9307 14.0711
Coefficients: 8.4105e-09 1.2715e-07
Coefficient SE: 7.0750e-10 8.5755e-08
Lambda GC: 1.3
Mean Chi^2: 1.4548
Intercept: 1.134 (0.0151)
Ratio: 0.2946 (0.0332)
Analysis finished at Wed Jun  3 14:55:16 2026
Total time elapsed: 1.0m:23.189999999999998s
Finished: Wed Jun  3 14:55:16 CEST 2026
LDSC log: /cluster/projects/nn9114k/datngu/projects/ofrei_ldsc/results/sldsc_sumstats_107/PASS.Varicose_Veins.Ahmed2022.sldsc_sv.log

Job 18226603 consumed 0.1 billing hours from project nn9114k.

Submitted 2026-06-03T14:47:31; waited 6.2 minutes in the queue after becoming eligible to run.

Requested wallclock time: 6.0 hours
Elapsed wallclock time:   1.5 minutes

Job exited normally.

Task and CPU statistics:
ID              CPUs  Tasks  CPU util                Start  Elapsed  Exit status
18226603           1            0.0 %  2026-06-03T14:53:45   91.0 s  0
18226603.batch     1      1    94.2 %  2026-06-03T14:53:45   91.0 s  0

Used CPU time:   1.4 CPU minutes
Unused CPU time: 5.3 CPU seconds

Memory statistics, in GiB:
ID               Alloc   Usage
18226603          16.0        
18226603.batch    16.0     3.6

Job 18226603 completed at Wed Jun 3 14:55:17 CEST 2026
