Starting job 18226521 on c3-26 on Saga at Wed Jun 3 14:47:45 CEST 2026

Started: Wed Jun  3 14:47:45 CEST 2026
Job: 18226521; task: 4
Host: c3-26
Trait: GBMI.Asthma
Sumstats: /cluster/projects/nn9114k/datngu/database/alkes_group_data/sumstats_107/GBMI.Asthma.sumstats.gz
*********************************************************************
* LD Score Regression (LDSC)
* Version 1.0.1
* (C) 2014-2019 Brendan Bulik-Sullivan and Hilary Finucane
* Broad Institute of MIT and Harvard / MIT Department of Mathematics
* GNU General Public License v3
*********************************************************************
Call: 
./ldsc.py \
--out /cluster/projects/nn9114k/datngu/projects/ofrei_ldsc/results/sldsc_sumstats_107/GBMI.Asthma.sldsc_sv \
--h2 /cluster/projects/nn9114k/datngu/database/alkes_group_data/sumstats_107/GBMI.Asthma.sumstats.gz \
--ref-ld-chr /cluster/projects/nn9114k/datngu/projects/ofrei_ldsc/ldsc_mixer_sv_reference/ldscore/chr \
--w-ld-chr /cluster/projects/nn9114k/datngu/projects/ofrei_ldsc/ldsc_mixer_sv_reference/weights/chr 

Beginning analysis at Wed Jun  3 14:47:53 2026
Reading summary statistics from /cluster/projects/nn9114k/datngu/database/alkes_group_data/sumstats_107/GBMI.Asthma.sumstats.gz ...
Read summary statistics for 1188981 SNPs.
Reading reference panel LD Score from /cluster/projects/nn9114k/datngu/projects/ofrei_ldsc/ldsc_mixer_sv_reference/ldscore/chr[1-22] ... (ldscore_fromlist)
Read reference panel LD Scores for 9299279 SNPs.
Removing partitioned LD Scores with zero variance.
Reading regression weight LD Score from /cluster/projects/nn9114k/datngu/projects/ofrei_ldsc/ldsc_mixer_sv_reference/weights/chr[1-22] ... (ldscore_fromlist)
Read regression weight LD Scores for 9299279 SNPs.
After merging with reference panel LD, 1170149 SNPs remain.
After merging with regression SNP LD, 1170149 SNPs remain.
Removed 0 SNPs with chi^2 > 1376.0710000000001 (1170149 SNPs remain)
Total Observed scale h2: 0.0305 (0.0023)
Categories: outside_regionL2_0 within_regionL2_0
Observed scale h2: 0.0291 0.0014
Observed scale h2 SE: 0.0022 0.0008
Proportion of SNPs: 0.9947 0.0053
Proportion of h2g: 0.9552 0.0448
Enrichment: 0.9603 8.4991
Coefficients: 4.7973e-09 4.2460e-08
Coefficient SE: 3.6392e-10 2.5879e-08
Lambda GC: 1.4948
Mean Chi^2: 1.7712
Intercept: 1.1801 (0.0156)
Ratio: 0.2335 (0.0202)
Analysis finished at Wed Jun  3 14:49:11 2026
Total time elapsed: 1.0m:17.980000000000004s
Finished: Wed Jun  3 14:49:11 CEST 2026
LDSC log: /cluster/projects/nn9114k/datngu/projects/ofrei_ldsc/results/sldsc_sumstats_107/GBMI.Asthma.sldsc_sv.log

Job 18226521 consumed 0.1 billing hours from project nn9114k.

Submitted 2026-06-03T14:47:31; waited 14.0 seconds in the queue after becoming eligible to run.

Requested wallclock time: 6.0 hours
Elapsed wallclock time:   1.4 minutes

Job exited normally.

Task and CPU statistics:
ID              CPUs  Tasks  CPU util                Start  Elapsed  Exit status
18226521           1            0.0 %  2026-06-03T14:47:45   86.0 s  0
18226521.batch     1      1    89.8 %  2026-06-03T14:47:45   86.0 s  0

Used CPU time:   1.3 CPU minutes
Unused CPU time: 8.7 CPU seconds

Memory statistics, in GiB:
ID               Alloc   Usage
18226521          16.0        
18226521.batch    16.0     3.6

Job 18226521 completed at Wed Jun 3 14:49:12 CEST 2026
