Starting job 18226573 on c2-55 on Saga at Wed Jun 3 14:51:14 CEST 2026

Started: Wed Jun  3 14:51:14 CEST 2026
Job: 18226573; task: 54
Host: c2-55
Trait: PASS.Inflammatory_Bowel_Disease.deLange2017
Sumstats: /cluster/projects/nn9114k/datngu/database/alkes_group_data/sumstats_107/PASS.Inflammatory_Bowel_Disease.deLange2017.sumstats.gz
*********************************************************************
* LD Score Regression (LDSC)
* Version 1.0.1
* (C) 2014-2019 Brendan Bulik-Sullivan and Hilary Finucane
* Broad Institute of MIT and Harvard / MIT Department of Mathematics
* GNU General Public License v3
*********************************************************************
Call: 
./ldsc.py \
--out /cluster/projects/nn9114k/datngu/projects/ofrei_ldsc/results/sldsc_sumstats_107/PASS.Inflammatory_Bowel_Disease.deLange2017.sldsc_sv \
--h2 /cluster/projects/nn9114k/datngu/database/alkes_group_data/sumstats_107/PASS.Inflammatory_Bowel_Disease.deLange2017.sumstats.gz \
--ref-ld-chr /cluster/projects/nn9114k/datngu/projects/ofrei_ldsc/ldsc_mixer_sv_reference/ldscore/chr \
--w-ld-chr /cluster/projects/nn9114k/datngu/projects/ofrei_ldsc/ldsc_mixer_sv_reference/weights/chr 

Beginning analysis at Wed Jun  3 14:51:22 2026
Reading summary statistics from /cluster/projects/nn9114k/datngu/database/alkes_group_data/sumstats_107/PASS.Inflammatory_Bowel_Disease.deLange2017.sumstats.gz ...
Read summary statistics for 1150510 SNPs.
Reading reference panel LD Score from /cluster/projects/nn9114k/datngu/projects/ofrei_ldsc/ldsc_mixer_sv_reference/ldscore/chr[1-22] ... (ldscore_fromlist)
Read reference panel LD Scores for 9299279 SNPs.
Removing partitioned LD Scores with zero variance.
Reading regression weight LD Score from /cluster/projects/nn9114k/datngu/projects/ofrei_ldsc/ldsc_mixer_sv_reference/weights/chr[1-22] ... (ldscore_fromlist)
Read regression weight LD Scores for 9299279 SNPs.
After merging with reference panel LD, 1136055 SNPs remain.
After merging with regression SNP LD, 1136055 SNPs remain.
Removed 327 SNPs with chi^2 > 80 (1135728 SNPs remain)
Total Observed scale h2: 0.3015 (0.0301)
Categories: outside_regionL2_0 within_regionL2_0
Observed scale h2: 0.2853 0.0162
Observed scale h2 SE: 0.0288 0.0199
Proportion of SNPs: 0.9947 0.0053
Proportion of h2g: 0.9462 0.0538
Enrichment: 0.9512 10.1993
Coefficients: 4.7002e-08 5.0396e-07
Coefficient SE: 4.7495e-09 6.1811e-07
Lambda GC: 1.2831
Mean Chi^2: 1.4598
Intercept: 1.1956 (0.0127)
Ratio: 0.4255 (0.0276)
Analysis finished at Wed Jun  3 14:52:42 2026
Total time elapsed: 1.0m:20.260000000000005s
Finished: Wed Jun  3 14:52:43 CEST 2026
LDSC log: /cluster/projects/nn9114k/datngu/projects/ofrei_ldsc/results/sldsc_sumstats_107/PASS.Inflammatory_Bowel_Disease.deLange2017.sldsc_sv.log

Job 18226573 consumed 0.1 billing hours from project nn9114k.

Submitted 2026-06-03T14:47:31; waited 3.7 minutes in the queue after becoming eligible to run.

Requested wallclock time: 6.0 hours
Elapsed wallclock time:   1.5 minutes

Job exited normally.

Task and CPU statistics:
ID              CPUs  Tasks  CPU util                Start  Elapsed  Exit status
18226573           1            0.0 %  2026-06-03T14:51:14   89.0 s  0
18226573.batch     1      1    93.2 %  2026-06-03T14:51:14   89.0 s  0

Used CPU time:   1.4 CPU minutes
Unused CPU time: 6.0 CPU seconds

Memory statistics, in GiB:
ID               Alloc   Usage
18226573          16.0        
18226573.batch    16.0     3.5

Job 18226573 completed at Wed Jun 3 14:52:43 CEST 2026
