Starting job 18226628 on c5-9 on Saga at Wed Jun 3 14:55:45 CEST 2026

Started: Wed Jun  3 14:55:45 CEST 2026
Job: 18226628; task: 105
Host: c5-9
Trait: UKB_460K.repro_MENARCHE_AGE
Sumstats: /cluster/projects/nn9114k/datngu/database/alkes_group_data/sumstats_107/UKB_460K.repro_MENARCHE_AGE.sumstats.gz
*********************************************************************
* LD Score Regression (LDSC)
* Version 1.0.1
* (C) 2014-2019 Brendan Bulik-Sullivan and Hilary Finucane
* Broad Institute of MIT and Harvard / MIT Department of Mathematics
* GNU General Public License v3
*********************************************************************
Call: 
./ldsc.py \
--out /cluster/projects/nn9114k/datngu/projects/ofrei_ldsc/results/sldsc_sumstats_107/UKB_460K.repro_MENARCHE_AGE.sldsc_sv \
--h2 /cluster/projects/nn9114k/datngu/database/alkes_group_data/sumstats_107/UKB_460K.repro_MENARCHE_AGE.sumstats.gz \
--ref-ld-chr /cluster/projects/nn9114k/datngu/projects/ofrei_ldsc/ldsc_mixer_sv_reference/ldscore/chr \
--w-ld-chr /cluster/projects/nn9114k/datngu/projects/ofrei_ldsc/ldsc_mixer_sv_reference/weights/chr 

Beginning analysis at Wed Jun  3 14:55:55 2026
Reading summary statistics from /cluster/projects/nn9114k/datngu/database/alkes_group_data/sumstats_107/UKB_460K.repro_MENARCHE_AGE.sumstats.gz ...
Read summary statistics for 1187056 SNPs.
Reading reference panel LD Score from /cluster/projects/nn9114k/datngu/projects/ofrei_ldsc/ldsc_mixer_sv_reference/ldscore/chr[1-22] ... (ldscore_fromlist)
Read reference panel LD Scores for 9299279 SNPs.
Removing partitioned LD Scores with zero variance.
Reading regression weight LD Score from /cluster/projects/nn9114k/datngu/projects/ofrei_ldsc/ldsc_mixer_sv_reference/weights/chr[1-22] ... (ldscore_fromlist)
Read regression weight LD Scores for 9299279 SNPs.
After merging with reference panel LD, 1171188 SNPs remain.
After merging with regression SNP LD, 1171188 SNPs remain.
Removed 57 SNPs with chi^2 > 242.278 (1171131 SNPs remain)
Total Observed scale h2: 0.2895 (0.0122)
Categories: outside_regionL2_0 within_regionL2_0
Observed scale h2: 0.2905 -0.001
Observed scale h2 SE: 0.014  0.0057
Proportion of SNPs: 0.9947 0.0053
Proportion of h2g: 1.0035 -0.0035
Enrichment: 1.0088 -0.6592
Coefficients: 4.7859e-08 -3.1272e-08
Coefficient SE: 2.3028e-09 1.7801e-07
Lambda GC: 1.7393
Mean Chi^2: 2.2246
Intercept: 1.2048 (0.0162)
Ratio: 0.1672 (0.0133)
Analysis finished at Wed Jun  3 14:57:26 2026
Total time elapsed: 1.0m:30.989999999999995s
Finished: Wed Jun  3 14:57:26 CEST 2026
LDSC log: /cluster/projects/nn9114k/datngu/projects/ofrei_ldsc/results/sldsc_sumstats_107/UKB_460K.repro_MENARCHE_AGE.sldsc_sv.log

Job 18226628 consumed 0.1 billing hours from project nn9114k.

Submitted 2026-06-03T14:47:31; waited 8.2 minutes in the queue after becoming eligible to run.

Requested wallclock time: 6.0 hours
Elapsed wallclock time:   1.7 minutes

Job exited normally.

Task and CPU statistics:
ID              CPUs  Tasks  CPU util                Start  Elapsed  Exit status
18226628           1            0.0 %  2026-06-03T14:55:45  101.0 s  0
18226628.batch     1      1    93.0 %  2026-06-03T14:55:45  101.0 s  0

Used CPU time:   1.6 CPU minutes
Unused CPU time: 7.1 CPU seconds

Memory statistics, in GiB:
ID               Alloc   Usage
18226628          16.0        
18226628.batch    16.0     3.6

Job 18226628 completed at Wed Jun 3 14:57:26 CEST 2026
