Starting job 18226533 on c2-14 on Saga at Wed Jun 3 14:47:45 CEST 2026

Started: Wed Jun  3 14:47:45 CEST 2026
Job: 18226533; task: 15
Host: c2-14
Trait: PASS.Age_First_Birth.Barban2016
Sumstats: /cluster/projects/nn9114k/datngu/database/alkes_group_data/sumstats_107/PASS.Age_First_Birth.Barban2016.sumstats.gz
*********************************************************************
* LD Score Regression (LDSC)
* Version 1.0.1
* (C) 2014-2019 Brendan Bulik-Sullivan and Hilary Finucane
* Broad Institute of MIT and Harvard / MIT Department of Mathematics
* GNU General Public License v3
*********************************************************************
Call: 
./ldsc.py \
--out /cluster/projects/nn9114k/datngu/projects/ofrei_ldsc/results/sldsc_sumstats_107/PASS.Age_First_Birth.Barban2016.sldsc_sv \
--h2 /cluster/projects/nn9114k/datngu/database/alkes_group_data/sumstats_107/PASS.Age_First_Birth.Barban2016.sumstats.gz \
--ref-ld-chr /cluster/projects/nn9114k/datngu/projects/ofrei_ldsc/ldsc_mixer_sv_reference/ldscore/chr \
--w-ld-chr /cluster/projects/nn9114k/datngu/projects/ofrei_ldsc/ldsc_mixer_sv_reference/weights/chr 

Beginning analysis at Wed Jun  3 14:47:53 2026
Reading summary statistics from /cluster/projects/nn9114k/datngu/database/alkes_group_data/sumstats_107/PASS.Age_First_Birth.Barban2016.sumstats.gz ...
Read summary statistics for 1065943 SNPs.
Reading reference panel LD Score from /cluster/projects/nn9114k/datngu/projects/ofrei_ldsc/ldsc_mixer_sv_reference/ldscore/chr[1-22] ... (ldscore_fromlist)
Read reference panel LD Scores for 9299279 SNPs.
Removing partitioned LD Scores with zero variance.
Reading regression weight LD Score from /cluster/projects/nn9114k/datngu/projects/ofrei_ldsc/ldsc_mixer_sv_reference/weights/chr[1-22] ... (ldscore_fromlist)
Read regression weight LD Scores for 9299279 SNPs.
After merging with reference panel LD, 1054058 SNPs remain.
After merging with regression SNP LD, 1054058 SNPs remain.
Removed 0 SNPs with chi^2 > 222.037 (1054058 SNPs remain)
Total Observed scale h2: 0.065 (0.0043)
Categories: outside_regionL2_0 within_regionL2_0
Observed scale h2: 0.0633 0.0016
Observed scale h2 SE: 0.0045 0.0026
Proportion of SNPs: 0.9947 0.0053
Proportion of h2g: 0.975 0.025
Enrichment: 0.9801 4.7485
Coefficients: 1.0434e-08 5.0549e-08
Coefficient SE: 7.3994e-10 7.9966e-08
Lambda GC: 1.1876
Mean Chi^2: 1.2229
Intercept: 1.0043 (0.0075)
Ratio: 0.0192 (0.0339)
Analysis finished at Wed Jun  3 14:49:18 2026
Total time elapsed: 1.0m:24.459999999999994s
Finished: Wed Jun  3 14:49:18 CEST 2026
LDSC log: /cluster/projects/nn9114k/datngu/projects/ofrei_ldsc/results/sldsc_sumstats_107/PASS.Age_First_Birth.Barban2016.sldsc_sv.log

Job 18226533 consumed 0.1 billing hours from project nn9114k.

Submitted 2026-06-03T14:47:31; waited 14.0 seconds in the queue after becoming eligible to run.

Requested wallclock time: 6.0 hours
Elapsed wallclock time:   1.6 minutes

Job exited normally.

Task and CPU statistics:
ID              CPUs  Tasks  CPU util                Start  Elapsed  Exit status
18226533           1            0.0 %  2026-06-03T14:47:45   93.0 s  0
18226533.batch     1      1    93.5 %  2026-06-03T14:47:45   93.0 s  0

Used CPU time:   1.4 CPU minutes
Unused CPU time: 6.1 CPU seconds

Memory statistics, in GiB:
ID               Alloc   Usage
18226533          16.0        
18226533.batch    16.0     3.6

Job 18226533 completed at Wed Jun 3 14:49:18 CEST 2026
