Starting job 18226587 on c3-25 on Saga at Wed Jun 3 14:52:14 CEST 2026

Started: Wed Jun  3 14:52:14 CEST 2026
Job: 18226587; task: 68
Host: c3-25
Trait: PASS.Reaction_Time.Davies2018
Sumstats: /cluster/projects/nn9114k/datngu/database/alkes_group_data/sumstats_107/PASS.Reaction_Time.Davies2018.sumstats.gz
*********************************************************************
* LD Score Regression (LDSC)
* Version 1.0.1
* (C) 2014-2019 Brendan Bulik-Sullivan and Hilary Finucane
* Broad Institute of MIT and Harvard / MIT Department of Mathematics
* GNU General Public License v3
*********************************************************************
Call: 
./ldsc.py \
--out /cluster/projects/nn9114k/datngu/projects/ofrei_ldsc/results/sldsc_sumstats_107/PASS.Reaction_Time.Davies2018.sldsc_sv \
--h2 /cluster/projects/nn9114k/datngu/database/alkes_group_data/sumstats_107/PASS.Reaction_Time.Davies2018.sumstats.gz \
--ref-ld-chr /cluster/projects/nn9114k/datngu/projects/ofrei_ldsc/ldsc_mixer_sv_reference/ldscore/chr \
--w-ld-chr /cluster/projects/nn9114k/datngu/projects/ofrei_ldsc/ldsc_mixer_sv_reference/weights/chr 

Beginning analysis at Wed Jun  3 14:52:25 2026
Reading summary statistics from /cluster/projects/nn9114k/datngu/database/alkes_group_data/sumstats_107/PASS.Reaction_Time.Davies2018.sumstats.gz ...
Read summary statistics for 1184171 SNPs.
Reading reference panel LD Score from /cluster/projects/nn9114k/datngu/projects/ofrei_ldsc/ldsc_mixer_sv_reference/ldscore/chr[1-22] ... (ldscore_fromlist)
Read reference panel LD Scores for 9299279 SNPs.
Removing partitioned LD Scores with zero variance.
Reading regression weight LD Score from /cluster/projects/nn9114k/datngu/projects/ofrei_ldsc/ldsc_mixer_sv_reference/weights/chr[1-22] ... (ldscore_fromlist)
Read regression weight LD Scores for 9299279 SNPs.
After merging with reference panel LD, 1168350 SNPs remain.
After merging with regression SNP LD, 1168350 SNPs remain.
Removed 0 SNPs with chi^2 > 300.486 (1168350 SNPs remain)
Total Observed scale h2: 0.0879 (0.0043)
Categories: outside_regionL2_0 within_regionL2_0
Observed scale h2: 0.0816 0.0063
Observed scale h2 SE: 0.0042 0.0021
Proportion of SNPs: 0.9947 0.0053
Proportion of h2g: 0.9284 0.0716
Enrichment: 0.9333 13.5827
Coefficients: 1.3444e-08 1.9565e-07
Coefficient SE: 6.8443e-10 6.5161e-08
Lambda GC: 1.3929
Mean Chi^2: 1.5003
Intercept: 1.112 (0.0098)
Ratio: 0.2238 (0.0196)
Analysis finished at Wed Jun  3 14:53:40 2026
Total time elapsed: 1.0m:14.5s
Finished: Wed Jun  3 14:53:40 CEST 2026
LDSC log: /cluster/projects/nn9114k/datngu/projects/ofrei_ldsc/results/sldsc_sumstats_107/PASS.Reaction_Time.Davies2018.sldsc_sv.log

Job 18226587 consumed 0.1 billing hours from project nn9114k.

Submitted 2026-06-03T14:47:31; waited 4.7 minutes in the queue after becoming eligible to run.

Requested wallclock time: 6.0 hours
Elapsed wallclock time:   1.4 minutes

Job exited normally.

Task and CPU statistics:
ID              CPUs  Tasks  CPU util                Start  Elapsed  Exit status
18226587           1            0.0 %  2026-06-03T14:52:14   86.0 s  0
18226587.batch     1      1    89.2 %  2026-06-03T14:52:14   86.0 s  0

Used CPU time:   1.3 CPU minutes
Unused CPU time: 9.3 CPU seconds

Memory statistics, in GiB:
ID               Alloc   Usage
18226587          16.0        
18226587.batch    16.0     3.6

Job 18226587 completed at Wed Jun 3 14:53:41 CEST 2026
