Starting job 18226580 on c3-13 on Saga at Wed Jun 3 14:51:45 CEST 2026

Started: Wed Jun  3 14:51:45 CEST 2026
Job: 18226580; task: 61
Host: c3-13
Trait: PASS.Maternal_Birth_Weight.Warrington2019
Sumstats: /cluster/projects/nn9114k/datngu/database/alkes_group_data/sumstats_107/PASS.Maternal_Birth_Weight.Warrington2019.sumstats.gz
*********************************************************************
* LD Score Regression (LDSC)
* Version 1.0.1
* (C) 2014-2019 Brendan Bulik-Sullivan and Hilary Finucane
* Broad Institute of MIT and Harvard / MIT Department of Mathematics
* GNU General Public License v3
*********************************************************************
Call: 
./ldsc.py \
--out /cluster/projects/nn9114k/datngu/projects/ofrei_ldsc/results/sldsc_sumstats_107/PASS.Maternal_Birth_Weight.Warrington2019.sldsc_sv \
--h2 /cluster/projects/nn9114k/datngu/database/alkes_group_data/sumstats_107/PASS.Maternal_Birth_Weight.Warrington2019.sumstats.gz \
--ref-ld-chr /cluster/projects/nn9114k/datngu/projects/ofrei_ldsc/ldsc_mixer_sv_reference/ldscore/chr \
--w-ld-chr /cluster/projects/nn9114k/datngu/projects/ofrei_ldsc/ldsc_mixer_sv_reference/weights/chr 

Beginning analysis at Wed Jun  3 14:52:02 2026
Reading summary statistics from /cluster/projects/nn9114k/datngu/database/alkes_group_data/sumstats_107/PASS.Maternal_Birth_Weight.Warrington2019.sumstats.gz ...
Read summary statistics for 1189156 SNPs.
Reading reference panel LD Score from /cluster/projects/nn9114k/datngu/projects/ofrei_ldsc/ldsc_mixer_sv_reference/ldscore/chr[1-22] ... (ldscore_fromlist)
Read reference panel LD Scores for 9299279 SNPs.
Removing partitioned LD Scores with zero variance.
Reading regression weight LD Score from /cluster/projects/nn9114k/datngu/projects/ofrei_ldsc/ldsc_mixer_sv_reference/weights/chr[1-22] ... (ldscore_fromlist)
Read regression weight LD Scores for 9299279 SNPs.
After merging with reference panel LD, 1170902 SNPs remain.
After merging with regression SNP LD, 1170902 SNPs remain.
Removed 0 SNPs with chi^2 > 210.267 (1170902 SNPs remain)
Total Observed scale h2: 0.1191 (0.0072)
Categories: outside_regionL2_0 within_regionL2_0
Observed scale h2: 0.1101 0.009
Observed scale h2 SE: 0.0073 0.0046
Proportion of SNPs: 0.9947 0.0053
Proportion of h2g: 0.9244 0.0756
Enrichment: 0.9293 14.3353
Coefficients: 1.8140e-08 2.7981e-07
Coefficient SE: 1.2078e-09 1.4215e-07
Lambda GC: 1.3292
Mean Chi^2: 1.4761
Intercept: 1.1198 (0.0112)
Ratio: 0.2516 (0.0235)
Analysis finished at Wed Jun  3 14:53:20 2026
Total time elapsed: 1.0m:17.569999999999993s
Finished: Wed Jun  3 14:53:20 CEST 2026
LDSC log: /cluster/projects/nn9114k/datngu/projects/ofrei_ldsc/results/sldsc_sumstats_107/PASS.Maternal_Birth_Weight.Warrington2019.sldsc_sv.log

Job 18226580 consumed 0.1 billing hours from project nn9114k.

Submitted 2026-06-03T14:47:31; waited 4.2 minutes in the queue after becoming eligible to run.

Requested wallclock time: 6.0 hours
Elapsed wallclock time:   1.6 minutes

Job exited normally.

Task and CPU statistics:
ID              CPUs  Tasks  CPU util                Start  Elapsed  Exit status
18226580           1            0.0 %  2026-06-03T14:51:45   95.0 s  0
18226580.batch     1      1    84.2 %  2026-06-03T14:51:45   95.0 s  0

Used CPU time:   1.3 CPU minutes
Unused CPU time: 15.0 CPU seconds

Memory statistics, in GiB:
ID               Alloc   Usage
18226580          16.0        
18226580.batch    16.0     3.6

Job 18226580 completed at Wed Jun 3 14:53:20 CEST 2026
