Starting job 18226604 on c3-13 on Saga at Wed Jun 3 14:53:45 CEST 2026

Started: Wed Jun  3 14:53:45 CEST 2026
Job: 18226604; task: 82
Host: c3-13
Trait: PASS.Venous_Thromboembolism.Ghouse2023
Sumstats: /cluster/projects/nn9114k/datngu/database/alkes_group_data/sumstats_107/PASS.Venous_Thromboembolism.Ghouse2023.sumstats.gz
*********************************************************************
* LD Score Regression (LDSC)
* Version 1.0.1
* (C) 2014-2019 Brendan Bulik-Sullivan and Hilary Finucane
* Broad Institute of MIT and Harvard / MIT Department of Mathematics
* GNU General Public License v3
*********************************************************************
Call: 
./ldsc.py \
--out /cluster/projects/nn9114k/datngu/projects/ofrei_ldsc/results/sldsc_sumstats_107/PASS.Venous_Thromboembolism.Ghouse2023.sldsc_sv \
--h2 /cluster/projects/nn9114k/datngu/database/alkes_group_data/sumstats_107/PASS.Venous_Thromboembolism.Ghouse2023.sumstats.gz \
--ref-ld-chr /cluster/projects/nn9114k/datngu/projects/ofrei_ldsc/ldsc_mixer_sv_reference/ldscore/chr \
--w-ld-chr /cluster/projects/nn9114k/datngu/projects/ofrei_ldsc/ldsc_mixer_sv_reference/weights/chr 

Beginning analysis at Wed Jun  3 14:53:53 2026
Reading summary statistics from /cluster/projects/nn9114k/datngu/database/alkes_group_data/sumstats_107/PASS.Venous_Thromboembolism.Ghouse2023.sumstats.gz ...
Read summary statistics for 1167047 SNPs.
Dropped 12 SNPs with duplicated rs numbers.
Reading reference panel LD Score from /cluster/projects/nn9114k/datngu/projects/ofrei_ldsc/ldsc_mixer_sv_reference/ldscore/chr[1-22] ... (ldscore_fromlist)
Read reference panel LD Scores for 9299279 SNPs.
Removing partitioned LD Scores with zero variance.
Reading regression weight LD Score from /cluster/projects/nn9114k/datngu/projects/ofrei_ldsc/ldsc_mixer_sv_reference/weights/chr[1-22] ... (ldscore_fromlist)
Read regression weight LD Scores for 9299279 SNPs.
After merging with reference panel LD, 1151717 SNPs remain.
After merging with regression SNP LD, 1151717 SNPs remain.
Removed 9 SNPs with chi^2 > 1500.8600000000001 (1151708 SNPs remain)
Total Observed scale h2: 0.0186 (0.0018)
Categories: outside_regionL2_0 within_regionL2_0
Observed scale h2: 0.0202 -0.0016
Observed scale h2 SE: 0.0023 0.0012
Proportion of SNPs: 0.9947 0.0053
Proportion of h2g: 1.0839 -0.0839
Enrichment: 1.0896 -15.9046
Coefficients: 3.3275e-09 -4.8570e-08
Coefficient SE: 3.7179e-10 3.7028e-08
Lambda GC: 1.319
Mean Chi^2: 1.5508
Intercept: 1.1405 (0.0226)
Ratio: 0.2551 (0.041)
Analysis finished at Wed Jun  3 14:55:10 2026
Total time elapsed: 1.0m:16.78s
Finished: Wed Jun  3 14:55:10 CEST 2026
LDSC log: /cluster/projects/nn9114k/datngu/projects/ofrei_ldsc/results/sldsc_sumstats_107/PASS.Venous_Thromboembolism.Ghouse2023.sldsc_sv.log

Job 18226604 consumed 0.1 billing hours from project nn9114k.

Submitted 2026-06-03T14:47:31; waited 6.2 minutes in the queue after becoming eligible to run.

Requested wallclock time: 6.0 hours
Elapsed wallclock time:   1.4 minutes

Job exited normally.

Task and CPU statistics:
ID              CPUs  Tasks  CPU util                Start  Elapsed  Exit status
18226604           1            0.0 %  2026-06-03T14:53:45   85.0 s  0
18226604.batch     1      1    93.3 %  2026-06-03T14:53:45   85.0 s  0

Used CPU time:   1.3 CPU minutes
Unused CPU time: 5.7 CPU seconds

Memory statistics, in GiB:
ID               Alloc   Usage
18226604          16.0        
18226604.batch    16.0     3.6

Job 18226604 completed at Wed Jun 3 14:55:10 CEST 2026
