Starting job 18226544 on c2-32 on Saga at Wed Jun 3 14:49:14 CEST 2026

Started: Wed Jun  3 14:49:14 CEST 2026
Job: 18226544; task: 26
Host: c2-32
Trait: PASS.CHIP.Kessler2022
Sumstats: /cluster/projects/nn9114k/datngu/database/alkes_group_data/sumstats_107/PASS.CHIP.Kessler2022.sumstats.gz
*********************************************************************
* LD Score Regression (LDSC)
* Version 1.0.1
* (C) 2014-2019 Brendan Bulik-Sullivan and Hilary Finucane
* Broad Institute of MIT and Harvard / MIT Department of Mathematics
* GNU General Public License v3
*********************************************************************
Call: 
./ldsc.py \
--out /cluster/projects/nn9114k/datngu/projects/ofrei_ldsc/results/sldsc_sumstats_107/PASS.CHIP.Kessler2022.sldsc_sv \
--h2 /cluster/projects/nn9114k/datngu/database/alkes_group_data/sumstats_107/PASS.CHIP.Kessler2022.sumstats.gz \
--ref-ld-chr /cluster/projects/nn9114k/datngu/projects/ofrei_ldsc/ldsc_mixer_sv_reference/ldscore/chr \
--w-ld-chr /cluster/projects/nn9114k/datngu/projects/ofrei_ldsc/ldsc_mixer_sv_reference/weights/chr 

Beginning analysis at Wed Jun  3 14:49:22 2026
Reading summary statistics from /cluster/projects/nn9114k/datngu/database/alkes_group_data/sumstats_107/PASS.CHIP.Kessler2022.sumstats.gz ...
Read summary statistics for 1186996 SNPs.
Reading reference panel LD Score from /cluster/projects/nn9114k/datngu/projects/ofrei_ldsc/ldsc_mixer_sv_reference/ldscore/chr[1-22] ... (ldscore_fromlist)
Read reference panel LD Scores for 9299279 SNPs.
Removing partitioned LD Scores with zero variance.
Reading regression weight LD Score from /cluster/projects/nn9114k/datngu/projects/ofrei_ldsc/ldsc_mixer_sv_reference/weights/chr[1-22] ... (ldscore_fromlist)
Read regression weight LD Scores for 9299279 SNPs.
After merging with reference panel LD, 1168799 SNPs remain.
After merging with regression SNP LD, 1168799 SNPs remain.
Removed 3 SNPs with chi^2 > 368.526 (1168796 SNPs remain)
Total Observed scale h2: 0.0175 (0.0034)
Categories: outside_regionL2_0 within_regionL2_0
Observed scale h2: 1.7435e-02 7.9640e-05
Observed scale h2 SE: 0.005  0.0029
Proportion of SNPs: 0.9947 0.0053
Proportion of h2g: 0.9955 0.0045
Enrichment: 1.0007 0.8625
Coefficients: 2.8725e-09 2.4756e-09
Coefficient SE: 8.2358e-10 9.1586e-08
Lambda GC: 1.0732
Mean Chi^2: 1.1269
Intercept: 1.0214 (0.0112)
Ratio: 0.1685 (0.0883)
Analysis finished at Wed Jun  3 14:50:39 2026
Total time elapsed: 1.0m:17.239999999999995s
Finished: Wed Jun  3 14:50:39 CEST 2026
LDSC log: /cluster/projects/nn9114k/datngu/projects/ofrei_ldsc/results/sldsc_sumstats_107/PASS.CHIP.Kessler2022.sldsc_sv.log

Job 18226544 consumed 0.1 billing hours from project nn9114k.

Submitted 2026-06-03T14:47:31; waited 1.7 minutes in the queue after becoming eligible to run.

Requested wallclock time: 6.0 hours
Elapsed wallclock time:   1.4 minutes

Job exited normally.

Task and CPU statistics:
ID              CPUs  Tasks  CPU util                Start  Elapsed  Exit status
18226544           1            0.0 %  2026-06-03T14:49:14   85.0 s  0
18226544.batch     1      1    93.6 %  2026-06-03T14:49:14   85.0 s  0

Used CPU time:   1.3 CPU minutes
Unused CPU time: 5.4 CPU seconds

Memory statistics, in GiB:
ID               Alloc   Usage
18226544          16.0        
18226544.batch    16.0     3.6

Job 18226544 completed at Wed Jun 3 14:50:40 CEST 2026
