Starting job 18226577 on c5-9 on Saga at Wed Jun 3 14:51:45 CEST 2026

Started: Wed Jun  3 14:51:45 CEST 2026
Job: 18226577; task: 58
Host: c5-9
Trait: PASS.Knee_Osteoarthritis.Boer2021
Sumstats: /cluster/projects/nn9114k/datngu/database/alkes_group_data/sumstats_107/PASS.Knee_Osteoarthritis.Boer2021.sumstats.gz
*********************************************************************
* LD Score Regression (LDSC)
* Version 1.0.1
* (C) 2014-2019 Brendan Bulik-Sullivan and Hilary Finucane
* Broad Institute of MIT and Harvard / MIT Department of Mathematics
* GNU General Public License v3
*********************************************************************
Call: 
./ldsc.py \
--out /cluster/projects/nn9114k/datngu/projects/ofrei_ldsc/results/sldsc_sumstats_107/PASS.Knee_Osteoarthritis.Boer2021.sldsc_sv \
--h2 /cluster/projects/nn9114k/datngu/database/alkes_group_data/sumstats_107/PASS.Knee_Osteoarthritis.Boer2021.sumstats.gz \
--ref-ld-chr /cluster/projects/nn9114k/datngu/projects/ofrei_ldsc/ldsc_mixer_sv_reference/ldscore/chr \
--w-ld-chr /cluster/projects/nn9114k/datngu/projects/ofrei_ldsc/ldsc_mixer_sv_reference/weights/chr 

Beginning analysis at Wed Jun  3 14:52:05 2026
Reading summary statistics from /cluster/projects/nn9114k/datngu/database/alkes_group_data/sumstats_107/PASS.Knee_Osteoarthritis.Boer2021.sumstats.gz ...
Read summary statistics for 1188871 SNPs.
Reading reference panel LD Score from /cluster/projects/nn9114k/datngu/projects/ofrei_ldsc/ldsc_mixer_sv_reference/ldscore/chr[1-22] ... (ldscore_fromlist)
Read reference panel LD Scores for 9299279 SNPs.
Removing partitioned LD Scores with zero variance.
Reading regression weight LD Score from /cluster/projects/nn9114k/datngu/projects/ofrei_ldsc/ldsc_mixer_sv_reference/weights/chr[1-22] ... (ldscore_fromlist)
Read regression weight LD Scores for 9299279 SNPs.
After merging with reference panel LD, 1170014 SNPs remain.
After merging with regression SNP LD, 1170014 SNPs remain.
Removed 0 SNPs with chi^2 > 399.321 (1170014 SNPs remain)
Total Observed scale h2: 0.0491 (0.0026)
Categories: outside_regionL2_0 within_regionL2_0
Observed scale h2: 0.0467 0.0024
Observed scale h2 SE: 0.0029 0.0017
Proportion of SNPs: 0.9947 0.0053
Proportion of h2g: 0.952 0.048
Enrichment: 0.9571 9.1004
Coefficients: 7.6976e-09 7.3194e-08
Coefficient SE: 4.6963e-10 5.4385e-08
Lambda GC: 1.2661
Mean Chi^2: 1.3455
Intercept: 1.0527 (0.0089)
Ratio: 0.1525 (0.0258)
Analysis finished at Wed Jun  3 14:53:35 2026
Total time elapsed: 1.0m:30.459999999999994s
Finished: Wed Jun  3 14:53:36 CEST 2026
LDSC log: /cluster/projects/nn9114k/datngu/projects/ofrei_ldsc/results/sldsc_sumstats_107/PASS.Knee_Osteoarthritis.Boer2021.sldsc_sv.log

Job 18226577 consumed 0.1 billing hours from project nn9114k.

Submitted 2026-06-03T14:47:31; waited 4.2 minutes in the queue after becoming eligible to run.

Requested wallclock time: 6.0 hours
Elapsed wallclock time:   1.9 minutes

Job exited normally.

Task and CPU statistics:
ID              CPUs  Tasks  CPU util                Start  Elapsed  Exit status
18226577           1            0.0 %  2026-06-03T14:51:45  111.0 s  0
18226577.batch     1      1    84.0 %  2026-06-03T14:51:45  111.0 s  0

Used CPU time:   1.6 CPU minutes
Unused CPU time: 17.7 CPU seconds

Memory statistics, in GiB:
ID               Alloc   Usage
18226577          16.0        
18226577.batch    16.0     3.6

Job 18226577 completed at Wed Jun 3 14:53:36 CEST 2026
