Starting job 18226543 on c2-43 on Saga at Wed Jun 3 14:49:14 CEST 2026

Started: Wed Jun  3 14:49:14 CEST 2026
Job: 18226543; task: 25
Host: c2-43
Trait: PASS.Bipolar_Disorder_ALL.Mullins2021
Sumstats: /cluster/projects/nn9114k/datngu/database/alkes_group_data/sumstats_107/PASS.Bipolar_Disorder_ALL.Mullins2021.sumstats.gz
*********************************************************************
* LD Score Regression (LDSC)
* Version 1.0.1
* (C) 2014-2019 Brendan Bulik-Sullivan and Hilary Finucane
* Broad Institute of MIT and Harvard / MIT Department of Mathematics
* GNU General Public License v3
*********************************************************************
Call: 
./ldsc.py \
--out /cluster/projects/nn9114k/datngu/projects/ofrei_ldsc/results/sldsc_sumstats_107/PASS.Bipolar_Disorder_ALL.Mullins2021.sldsc_sv \
--h2 /cluster/projects/nn9114k/datngu/database/alkes_group_data/sumstats_107/PASS.Bipolar_Disorder_ALL.Mullins2021.sumstats.gz \
--ref-ld-chr /cluster/projects/nn9114k/datngu/projects/ofrei_ldsc/ldsc_mixer_sv_reference/ldscore/chr \
--w-ld-chr /cluster/projects/nn9114k/datngu/projects/ofrei_ldsc/ldsc_mixer_sv_reference/weights/chr 

Beginning analysis at Wed Jun  3 14:49:22 2026
Reading summary statistics from /cluster/projects/nn9114k/datngu/database/alkes_group_data/sumstats_107/PASS.Bipolar_Disorder_ALL.Mullins2021.sumstats.gz ...
Read summary statistics for 1169835 SNPs.
Reading reference panel LD Score from /cluster/projects/nn9114k/datngu/projects/ofrei_ldsc/ldsc_mixer_sv_reference/ldscore/chr[1-22] ... (ldscore_fromlist)
Read reference panel LD Scores for 9299279 SNPs.
Removing partitioned LD Scores with zero variance.
Reading regression weight LD Score from /cluster/projects/nn9114k/datngu/projects/ofrei_ldsc/ldsc_mixer_sv_reference/weights/chr[1-22] ... (ldscore_fromlist)
Read regression weight LD Scores for 9299279 SNPs.
After merging with reference panel LD, 1160789 SNPs remain.
After merging with regression SNP LD, 1160789 SNPs remain.
Removed 0 SNPs with chi^2 > 413.466 (1160789 SNPs remain)
Total Observed scale h2: 0.0802 (0.0035)
Categories: outside_regionL2_0 within_regionL2_0
Observed scale h2: 0.0742 0.006
Observed scale h2 SE: 0.0035 0.0023
Proportion of SNPs: 0.9947 0.0053
Proportion of h2g: 0.9254 0.0746
Enrichment: 0.9303 14.1553
Coefficients: 1.2228e-08 1.8606e-07
Coefficient SE: 5.7859e-10 7.1654e-08
Lambda GC: 1.448
Mean Chi^2: 1.5897
Intercept: 1.1232 (0.0095)
Ratio: 0.209 (0.016)
Analysis finished at Wed Jun  3 14:50:39 2026
Total time elapsed: 1.0m:17.150000000000006s
Finished: Wed Jun  3 14:50:39 CEST 2026
LDSC log: /cluster/projects/nn9114k/datngu/projects/ofrei_ldsc/results/sldsc_sumstats_107/PASS.Bipolar_Disorder_ALL.Mullins2021.sldsc_sv.log

Job 18226543 consumed 0.1 billing hours from project nn9114k.

Submitted 2026-06-03T14:47:31; waited 1.7 minutes in the queue after becoming eligible to run.

Requested wallclock time: 6.0 hours
Elapsed wallclock time:   1.4 minutes

Job exited normally.

Task and CPU statistics:
ID              CPUs  Tasks  CPU util                Start  Elapsed  Exit status
18226543           1            0.0 %  2026-06-03T14:49:14   85.0 s  0
18226543.batch     1      1    93.7 %  2026-06-03T14:49:14   85.0 s  0

Used CPU time:   1.3 CPU minutes
Unused CPU time: 5.4 CPU seconds

Memory statistics, in GiB:
ID               Alloc   Usage
18226543          16.0        
18226543.batch    16.0     3.6

Job 18226543 completed at Wed Jun 3 14:50:39 CEST 2026
