Starting job 18226555 on c2-7 on Saga at Wed Jun 3 14:49:45 CEST 2026

Started: Wed Jun  3 14:49:45 CEST 2026
Job: 18226555; task: 37
Host: c2-7
Trait: PASS.Daytime_Napping.Dashti2021
Sumstats: /cluster/projects/nn9114k/datngu/database/alkes_group_data/sumstats_107/PASS.Daytime_Napping.Dashti2021.sumstats.gz
*********************************************************************
* LD Score Regression (LDSC)
* Version 1.0.1
* (C) 2014-2019 Brendan Bulik-Sullivan and Hilary Finucane
* Broad Institute of MIT and Harvard / MIT Department of Mathematics
* GNU General Public License v3
*********************************************************************
Call: 
./ldsc.py \
--out /cluster/projects/nn9114k/datngu/projects/ofrei_ldsc/results/sldsc_sumstats_107/PASS.Daytime_Napping.Dashti2021.sldsc_sv \
--h2 /cluster/projects/nn9114k/datngu/database/alkes_group_data/sumstats_107/PASS.Daytime_Napping.Dashti2021.sumstats.gz \
--ref-ld-chr /cluster/projects/nn9114k/datngu/projects/ofrei_ldsc/ldsc_mixer_sv_reference/ldscore/chr \
--w-ld-chr /cluster/projects/nn9114k/datngu/projects/ofrei_ldsc/ldsc_mixer_sv_reference/weights/chr 

Beginning analysis at Wed Jun  3 14:49:53 2026
Reading summary statistics from /cluster/projects/nn9114k/datngu/database/alkes_group_data/sumstats_107/PASS.Daytime_Napping.Dashti2021.sumstats.gz ...
Read summary statistics for 1187420 SNPs.
Reading reference panel LD Score from /cluster/projects/nn9114k/datngu/projects/ofrei_ldsc/ldsc_mixer_sv_reference/ldscore/chr[1-22] ... (ldscore_fromlist)
Read reference panel LD Scores for 9299279 SNPs.
Removing partitioned LD Scores with zero variance.
Reading regression weight LD Score from /cluster/projects/nn9114k/datngu/projects/ofrei_ldsc/ldsc_mixer_sv_reference/weights/chr[1-22] ... (ldscore_fromlist)
Read regression weight LD Scores for 9299279 SNPs.
After merging with reference panel LD, 1169310 SNPs remain.
After merging with regression SNP LD, 1169310 SNPs remain.
Removed 0 SNPs with chi^2 > 452.633 (1169310 SNPs remain)
Total Observed scale h2: 0.0885 (0.0036)
Categories: outside_regionL2_0 within_regionL2_0
Observed scale h2: 0.085  0.0035
Observed scale h2 SE: 0.0037 0.0018
Proportion of SNPs: 0.9947 0.0053
Proportion of h2g: 0.9605 0.0395
Enrichment: 0.9656 7.4883
Coefficients: 1.4001e-08 1.0858e-07
Coefficient SE: 6.0898e-10 5.4868e-08
Lambda GC: 1.5722
Mean Chi^2: 1.7734
Intercept: 1.1798 (0.0127)
Ratio: 0.2325 (0.0164)
Analysis finished at Wed Jun  3 14:51:13 2026
Total time elapsed: 1.0m:20.5s
Finished: Wed Jun  3 14:51:14 CEST 2026
LDSC log: /cluster/projects/nn9114k/datngu/projects/ofrei_ldsc/results/sldsc_sumstats_107/PASS.Daytime_Napping.Dashti2021.sldsc_sv.log

Job 18226555 consumed 0.1 billing hours from project nn9114k.

Submitted 2026-06-03T14:47:31; waited 2.2 minutes in the queue after becoming eligible to run.

Requested wallclock time: 6.0 hours
Elapsed wallclock time:   1.5 minutes

Job exited normally.

Task and CPU statistics:
ID              CPUs  Tasks  CPU util                Start  Elapsed  Exit status
18226555           1            0.0 %  2026-06-03T14:49:45   89.0 s  0
18226555.batch     1      1    93.2 %  2026-06-03T14:49:45   89.0 s  0

Used CPU time:   1.4 CPU minutes
Unused CPU time: 6.1 CPU seconds

Memory statistics, in GiB:
ID               Alloc   Usage
18226555          16.0        
18226555.batch    16.0     3.6

Job 18226555 completed at Wed Jun 3 14:51:14 CEST 2026
