Starting job 18226589 on c2-56 on Saga at Wed Jun 3 14:52:14 CEST 2026

Started: Wed Jun  3 14:52:14 CEST 2026
Job: 18226589; task: 70
Host: c2-56
Trait: PASS.Rheumatoid_Arthritis.Ishigaki2022
Sumstats: /cluster/projects/nn9114k/datngu/database/alkes_group_data/sumstats_107/PASS.Rheumatoid_Arthritis.Ishigaki2022.sumstats.gz
*********************************************************************
* LD Score Regression (LDSC)
* Version 1.0.1
* (C) 2014-2019 Brendan Bulik-Sullivan and Hilary Finucane
* Broad Institute of MIT and Harvard / MIT Department of Mathematics
* GNU General Public License v3
*********************************************************************
Call: 
./ldsc.py \
--out /cluster/projects/nn9114k/datngu/projects/ofrei_ldsc/results/sldsc_sumstats_107/PASS.Rheumatoid_Arthritis.Ishigaki2022.sldsc_sv \
--h2 /cluster/projects/nn9114k/datngu/database/alkes_group_data/sumstats_107/PASS.Rheumatoid_Arthritis.Ishigaki2022.sumstats.gz \
--ref-ld-chr /cluster/projects/nn9114k/datngu/projects/ofrei_ldsc/ldsc_mixer_sv_reference/ldscore/chr \
--w-ld-chr /cluster/projects/nn9114k/datngu/projects/ofrei_ldsc/ldsc_mixer_sv_reference/weights/chr 

Beginning analysis at Wed Jun  3 14:52:26 2026
Reading summary statistics from /cluster/projects/nn9114k/datngu/database/alkes_group_data/sumstats_107/PASS.Rheumatoid_Arthritis.Ishigaki2022.sumstats.gz ...
Read summary statistics for 1187845 SNPs.
Reading reference panel LD Score from /cluster/projects/nn9114k/datngu/projects/ofrei_ldsc/ldsc_mixer_sv_reference/ldscore/chr[1-22] ... (ldscore_fromlist)
Read reference panel LD Scores for 9299279 SNPs.
Removing partitioned LD Scores with zero variance.
Reading regression weight LD Score from /cluster/projects/nn9114k/datngu/projects/ofrei_ldsc/ldsc_mixer_sv_reference/weights/chr[1-22] ... (ldscore_fromlist)
Read regression weight LD Scores for 9299279 SNPs.
After merging with reference panel LD, 1169821 SNPs remain.
After merging with regression SNP LD, 1169821 SNPs remain.
Removed 107 SNPs with chi^2 > 97.173 (1169714 SNPs remain)
Total Observed scale h2: 0.1319 (0.0121)
Categories: outside_regionL2_0 within_regionL2_0
Observed scale h2: 0.1204 0.0115
Observed scale h2 SE: 0.012  0.0071
Proportion of SNPs: 0.9947 0.0053
Proportion of h2g: 0.9129 0.0871
Enrichment: 0.9178 16.5157
Coefficients: 1.9833e-08 3.5690e-07
Coefficient SE: 1.9772e-09 2.2058e-07
Lambda GC: 1.2074
Mean Chi^2: 1.2967
Intercept: 1.1107 (0.0106)
Ratio: 0.3732 (0.0358)
Analysis finished at Wed Jun  3 14:53:43 2026
Total time elapsed: 1.0m:17.379999999999995s
Finished: Wed Jun  3 14:53:43 CEST 2026
LDSC log: /cluster/projects/nn9114k/datngu/projects/ofrei_ldsc/results/sldsc_sumstats_107/PASS.Rheumatoid_Arthritis.Ishigaki2022.sldsc_sv.log

Job 18226589 consumed 0.1 billing hours from project nn9114k.

Submitted 2026-06-03T14:47:31; waited 4.7 minutes in the queue after becoming eligible to run.

Requested wallclock time: 6.0 hours
Elapsed wallclock time:   1.5 minutes

Job exited normally.

Task and CPU statistics:
ID              CPUs  Tasks  CPU util                Start  Elapsed  Exit status
18226589           1            0.0 %  2026-06-03T14:52:14   89.0 s  0
18226589.batch     1      1    89.7 %  2026-06-03T14:52:14   89.0 s  0

Used CPU time:   1.3 CPU minutes
Unused CPU time: 9.2 CPU seconds

Memory statistics, in GiB:
ID               Alloc   Usage
18226589          16.0        
18226589.batch    16.0     3.6

Job 18226589 completed at Wed Jun 3 14:53:44 CEST 2026
