Starting job 18226611 on c2-36 on Saga at Wed Jun 3 14:53:45 CEST 2026

Started: Wed Jun  3 14:53:45 CEST 2026
Job: 18226611; task: 88
Host: c2-36
Trait: UKB_460K.biochemistry_IGF1
Sumstats: /cluster/projects/nn9114k/datngu/database/alkes_group_data/sumstats_107/UKB_460K.biochemistry_IGF1.sumstats.gz
*********************************************************************
* LD Score Regression (LDSC)
* Version 1.0.1
* (C) 2014-2019 Brendan Bulik-Sullivan and Hilary Finucane
* Broad Institute of MIT and Harvard / MIT Department of Mathematics
* GNU General Public License v3
*********************************************************************
Call: 
./ldsc.py \
--out /cluster/projects/nn9114k/datngu/projects/ofrei_ldsc/results/sldsc_sumstats_107/UKB_460K.biochemistry_IGF1.sldsc_sv \
--h2 /cluster/projects/nn9114k/datngu/database/alkes_group_data/sumstats_107/UKB_460K.biochemistry_IGF1.sumstats.gz \
--ref-ld-chr /cluster/projects/nn9114k/datngu/projects/ofrei_ldsc/ldsc_mixer_sv_reference/ldscore/chr \
--w-ld-chr /cluster/projects/nn9114k/datngu/projects/ofrei_ldsc/ldsc_mixer_sv_reference/weights/chr 

Beginning analysis at Wed Jun  3 14:53:54 2026
Reading summary statistics from /cluster/projects/nn9114k/datngu/database/alkes_group_data/sumstats_107/UKB_460K.biochemistry_IGF1.sumstats.gz ...
Read summary statistics for 1187344 SNPs.
Reading reference panel LD Score from /cluster/projects/nn9114k/datngu/projects/ofrei_ldsc/ldsc_mixer_sv_reference/ldscore/chr[1-22] ... (ldscore_fromlist)
Read reference panel LD Scores for 9299279 SNPs.
Removing partitioned LD Scores with zero variance.
Reading regression weight LD Score from /cluster/projects/nn9114k/datngu/projects/ofrei_ldsc/ldsc_mixer_sv_reference/weights/chr[1-22] ... (ldscore_fromlist)
Read regression weight LD Scores for 9299279 SNPs.
After merging with reference panel LD, 1171404 SNPs remain.
After merging with regression SNP LD, 1171404 SNPs remain.
Removed 240 SNPs with chi^2 > 432.29200000000003 (1171164 SNPs remain)
Total Observed scale h2: 0.326 (0.0175)
Categories: outside_regionL2_0 within_regionL2_0
Observed scale h2: 0.3132 0.0128
Observed scale h2 SE: 0.0176 0.0086
Proportion of SNPs: 0.9947 0.0053
Proportion of h2g: 0.9607 0.0393
Enrichment: 0.9658 7.4544
Coefficients: 5.1600e-08 3.9827e-07
Coefficient SE: 2.9054e-09 2.6793e-07
Lambda GC: 2.0141
Mean Chi^2: 3.4657
Intercept: 1.4346 (0.03)
Ratio: 0.1763 (0.0122)
Analysis finished at Wed Jun  3 14:55:18 2026
Total time elapsed: 1.0m:24.790000000000006s
Finished: Wed Jun  3 14:55:19 CEST 2026
LDSC log: /cluster/projects/nn9114k/datngu/projects/ofrei_ldsc/results/sldsc_sumstats_107/UKB_460K.biochemistry_IGF1.sldsc_sv.log

Job 18226611 consumed 0.1 billing hours from project nn9114k.

Submitted 2026-06-03T14:47:31; waited 6.2 minutes in the queue after becoming eligible to run.

Requested wallclock time: 6.0 hours
Elapsed wallclock time:   1.6 minutes

Job exited normally.

Task and CPU statistics:
ID              CPUs  Tasks  CPU util                Start  Elapsed  Exit status
18226611           1            0.0 %  2026-06-03T14:53:45   94.0 s  0
18226611.batch     1      1    93.4 %  2026-06-03T14:53:45   94.0 s  0

Used CPU time:   1.5 CPU minutes
Unused CPU time: 6.2 CPU seconds

Memory statistics, in GiB:
ID               Alloc   Usage
18226611          16.0        
18226611.batch    16.0     3.6

Job 18226611 completed at Wed Jun 3 14:55:19 CEST 2026
