Starting job 18226541 on c3-11 on Saga at Wed Jun 3 14:49:14 CEST 2026

Started: Wed Jun  3 14:49:14 CEST 2026
Job: 18226541; task: 23
Host: c3-11
Trait: PASS.BMI.Yengo2018
Sumstats: /cluster/projects/nn9114k/datngu/database/alkes_group_data/sumstats_107/PASS.BMI.Yengo2018.sumstats.gz
*********************************************************************
* LD Score Regression (LDSC)
* Version 1.0.1
* (C) 2014-2019 Brendan Bulik-Sullivan and Hilary Finucane
* Broad Institute of MIT and Harvard / MIT Department of Mathematics
* GNU General Public License v3
*********************************************************************
Call: 
./ldsc.py \
--out /cluster/projects/nn9114k/datngu/projects/ofrei_ldsc/results/sldsc_sumstats_107/PASS.BMI.Yengo2018.sldsc_sv \
--h2 /cluster/projects/nn9114k/datngu/database/alkes_group_data/sumstats_107/PASS.BMI.Yengo2018.sumstats.gz \
--ref-ld-chr /cluster/projects/nn9114k/datngu/projects/ofrei_ldsc/ldsc_mixer_sv_reference/ldscore/chr \
--w-ld-chr /cluster/projects/nn9114k/datngu/projects/ofrei_ldsc/ldsc_mixer_sv_reference/weights/chr 

Beginning analysis at Wed Jun  3 14:49:22 2026
Reading summary statistics from /cluster/projects/nn9114k/datngu/database/alkes_group_data/sumstats_107/PASS.BMI.Yengo2018.sumstats.gz ...
Read summary statistics for 1011649 SNPs.
Dropped 2 SNPs with duplicated rs numbers.
Reading reference panel LD Score from /cluster/projects/nn9114k/datngu/projects/ofrei_ldsc/ldsc_mixer_sv_reference/ldscore/chr[1-22] ... (ldscore_fromlist)
Read reference panel LD Scores for 9299279 SNPs.
Removing partitioned LD Scores with zero variance.
Reading regression weight LD Score from /cluster/projects/nn9114k/datngu/projects/ofrei_ldsc/ldsc_mixer_sv_reference/weights/chr[1-22] ... (ldscore_fromlist)
Read regression weight LD Scores for 9299279 SNPs.
After merging with reference panel LD, 1004705 SNPs remain.
After merging with regression SNP LD, 1004705 SNPs remain.
Removed 21 SNPs with chi^2 > 795.64 (1004684 SNPs remain)
Total Observed scale h2: 0.2517 (0.0082)
Categories: outside_regionL2_0 within_regionL2_0
Observed scale h2: 0.2527 -0.001
Observed scale h2 SE: 0.0088 0.0041
Proportion of SNPs: 0.9947 0.0053
Proportion of h2g: 1.0039 -0.0039
Enrichment: 1.0092 -0.7371
Coefficients: 4.1637e-08 -3.0409e-08
Coefficient SE: 1.4445e-09 1.2719e-07
Lambda GC: 2.7349
Mean Chi^2: 3.9496
Intercept: 1.4498 (0.0281)
Ratio: 0.1525 (0.0095)
Analysis finished at Wed Jun  3 14:50:41 2026
Total time elapsed: 1.0m:18.439999999999998s
Finished: Wed Jun  3 14:50:41 CEST 2026
LDSC log: /cluster/projects/nn9114k/datngu/projects/ofrei_ldsc/results/sldsc_sumstats_107/PASS.BMI.Yengo2018.sldsc_sv.log

Job 18226541 consumed 0.1 billing hours from project nn9114k.

Submitted 2026-06-03T14:47:31; waited 1.7 minutes in the queue after becoming eligible to run.

Requested wallclock time: 6.0 hours
Elapsed wallclock time:   1.4 minutes

Job exited normally.

Task and CPU statistics:
ID              CPUs  Tasks  CPU util                Start  Elapsed  Exit status
18226541           1            0.0 %  2026-06-03T14:49:14   87.0 s  0
18226541.batch     1      1    93.0 %  2026-06-03T14:49:14   87.0 s  0

Used CPU time:   1.3 CPU minutes
Unused CPU time: 6.1 CPU seconds

Memory statistics, in GiB:
ID               Alloc   Usage
18226541          16.0        
18226541.batch    16.0     3.6

Job 18226541 completed at Wed Jun 3 14:50:41 CEST 2026
