Starting job 18226609 on c2-56 on Saga at Wed Jun 3 14:53:45 CEST 2026

Started: Wed Jun  3 14:53:45 CEST 2026
Job: 18226609; task: 86
Host: c2-56
Trait: UKB_460K.biochemistry_Cholesterol
Sumstats: /cluster/projects/nn9114k/datngu/database/alkes_group_data/sumstats_107/UKB_460K.biochemistry_Cholesterol.sumstats.gz
*********************************************************************
* LD Score Regression (LDSC)
* Version 1.0.1
* (C) 2014-2019 Brendan Bulik-Sullivan and Hilary Finucane
* Broad Institute of MIT and Harvard / MIT Department of Mathematics
* GNU General Public License v3
*********************************************************************
Call: 
./ldsc.py \
--out /cluster/projects/nn9114k/datngu/projects/ofrei_ldsc/results/sldsc_sumstats_107/UKB_460K.biochemistry_Cholesterol.sldsc_sv \
--h2 /cluster/projects/nn9114k/datngu/database/alkes_group_data/sumstats_107/UKB_460K.biochemistry_Cholesterol.sumstats.gz \
--ref-ld-chr /cluster/projects/nn9114k/datngu/projects/ofrei_ldsc/ldsc_mixer_sv_reference/ldscore/chr \
--w-ld-chr /cluster/projects/nn9114k/datngu/projects/ofrei_ldsc/ldsc_mixer_sv_reference/weights/chr 

Beginning analysis at Wed Jun  3 14:53:53 2026
Reading summary statistics from /cluster/projects/nn9114k/datngu/database/alkes_group_data/sumstats_107/UKB_460K.biochemistry_Cholesterol.sumstats.gz ...
Read summary statistics for 1187344 SNPs.
Reading reference panel LD Score from /cluster/projects/nn9114k/datngu/projects/ofrei_ldsc/ldsc_mixer_sv_reference/ldscore/chr[1-22] ... (ldscore_fromlist)
Read reference panel LD Scores for 9299279 SNPs.
Removing partitioned LD Scores with zero variance.
Reading regression weight LD Score from /cluster/projects/nn9114k/datngu/projects/ofrei_ldsc/ldsc_mixer_sv_reference/weights/chr[1-22] ... (ldscore_fromlist)
Read regression weight LD Scores for 9299279 SNPs.
After merging with reference panel LD, 1171404 SNPs remain.
After merging with regression SNP LD, 1171404 SNPs remain.
Removed 218 SNPs with chi^2 > 435.137 (1171186 SNPs remain)
Total Observed scale h2: 0.1197 (0.0113)
Categories: outside_regionL2_0 within_regionL2_0
Observed scale h2: 0.1183 0.0014
Observed scale h2 SE: 0.0127 0.007
Proportion of SNPs: 0.9947 0.0053
Proportion of h2g: 0.9883 0.0117
Enrichment: 0.9935 2.2232
Coefficients: 1.9487e-08 4.3605e-08
Coefficient SE: 2.0888e-09 2.1760e-07
Lambda GC: 1.4306
Mean Chi^2: 2.0544
Intercept: 1.285 (0.0429)
Ratio: 0.2703 (0.0407)
Analysis finished at Wed Jun  3 14:55:10 2026
Total time elapsed: 1.0m:17.379999999999995s
Finished: Wed Jun  3 14:55:10 CEST 2026
LDSC log: /cluster/projects/nn9114k/datngu/projects/ofrei_ldsc/results/sldsc_sumstats_107/UKB_460K.biochemistry_Cholesterol.sldsc_sv.log

Job 18226609 consumed 0.1 billing hours from project nn9114k.

Submitted 2026-06-03T14:47:31; waited 6.2 minutes in the queue after becoming eligible to run.

Requested wallclock time: 6.0 hours
Elapsed wallclock time:   1.4 minutes

Job exited normally.

Task and CPU statistics:
ID              CPUs  Tasks  CPU util                Start  Elapsed  Exit status
18226609           1            0.0 %  2026-06-03T14:53:45   85.0 s  0
18226609.batch     1      1    93.9 %  2026-06-03T14:53:45   85.0 s  0

Used CPU time:   1.3 CPU minutes
Unused CPU time: 5.2 CPU seconds

Memory statistics, in GiB:
ID               Alloc   Usage
18226609          16.0        
18226609.batch    16.0     3.6

Job 18226609 completed at Wed Jun 3 14:55:11 CEST 2026
