Starting job 18226585 on c5-60 on Saga at Wed Jun 3 14:52:14 CEST 2026

Started: Wed Jun  3 14:52:14 CEST 2026
Job: 18226585; task: 66
Host: c5-60
Trait: PASS.Platelet_Distribution_Width.Vuckovic2020
Sumstats: /cluster/projects/nn9114k/datngu/database/alkes_group_data/sumstats_107/PASS.Platelet_Distribution_Width.Vuckovic2020.sumstats.gz
*********************************************************************
* LD Score Regression (LDSC)
* Version 1.0.1
* (C) 2014-2019 Brendan Bulik-Sullivan and Hilary Finucane
* Broad Institute of MIT and Harvard / MIT Department of Mathematics
* GNU General Public License v3
*********************************************************************
Call: 
./ldsc.py \
--out /cluster/projects/nn9114k/datngu/projects/ofrei_ldsc/results/sldsc_sumstats_107/PASS.Platelet_Distribution_Width.Vuckovic2020.sldsc_sv \
--h2 /cluster/projects/nn9114k/datngu/database/alkes_group_data/sumstats_107/PASS.Platelet_Distribution_Width.Vuckovic2020.sumstats.gz \
--ref-ld-chr /cluster/projects/nn9114k/datngu/projects/ofrei_ldsc/ldsc_mixer_sv_reference/ldscore/chr \
--w-ld-chr /cluster/projects/nn9114k/datngu/projects/ofrei_ldsc/ldsc_mixer_sv_reference/weights/chr 

Beginning analysis at Wed Jun  3 14:52:26 2026
Reading summary statistics from /cluster/projects/nn9114k/datngu/database/alkes_group_data/sumstats_107/PASS.Platelet_Distribution_Width.Vuckovic2020.sumstats.gz ...
Read summary statistics for 1189835 SNPs.
Reading reference panel LD Score from /cluster/projects/nn9114k/datngu/projects/ofrei_ldsc/ldsc_mixer_sv_reference/ldscore/chr[1-22] ... (ldscore_fromlist)
Read reference panel LD Scores for 9299279 SNPs.
Removing partitioned LD Scores with zero variance.
Reading regression weight LD Score from /cluster/projects/nn9114k/datngu/projects/ofrei_ldsc/ldsc_mixer_sv_reference/weights/chr[1-22] ... (ldscore_fromlist)
Read regression weight LD Scores for 9299279 SNPs.
After merging with reference panel LD, 1170957 SNPs remain.
After merging with regression SNP LD, 1170957 SNPs remain.
Removed 551 SNPs with chi^2 > 408.112 (1170406 SNPs remain)
Total Observed scale h2: 0.2423 (0.0192)
Categories: outside_regionL2_0 within_regionL2_0
Observed scale h2: 0.2209 0.0214
Observed scale h2 SE: 0.0189 0.0135
Proportion of SNPs: 0.9947 0.0053
Proportion of h2g: 0.9116 0.0884
Enrichment: 0.9164 16.7704
Coefficients: 3.6391e-08 6.6595e-07
Coefficient SE: 3.119e-09 4.206e-07
Lambda GC: 1.5504
Mean Chi^2: 2.78
Intercept: 1.3932 (0.0538)
Ratio: 0.2209 (0.0302)
Analysis finished at Wed Jun  3 14:53:45 2026
Total time elapsed: 1.0m:19.060000000000002s
Finished: Wed Jun  3 14:53:46 CEST 2026
LDSC log: /cluster/projects/nn9114k/datngu/projects/ofrei_ldsc/results/sldsc_sumstats_107/PASS.Platelet_Distribution_Width.Vuckovic2020.sldsc_sv.log

Job 18226585 consumed 0.1 billing hours from project nn9114k.

Submitted 2026-06-03T14:47:31; waited 4.7 minutes in the queue after becoming eligible to run.

Requested wallclock time: 6.0 hours
Elapsed wallclock time:   1.5 minutes

Job exited normally.

Task and CPU statistics:
ID              CPUs  Tasks  CPU util                Start  Elapsed  Exit status
18226585           1            0.0 %  2026-06-03T14:52:14   92.0 s  0
18226585.batch     1      1    88.7 %  2026-06-03T14:52:14   92.0 s  0

Used CPU time:   1.4 CPU minutes
Unused CPU time: 10.4 CPU seconds

Memory statistics, in GiB:
ID               Alloc   Usage
18226585          16.0        
18226585.batch    16.0     3.5

Job 18226585 completed at Wed Jun 3 14:53:46 CEST 2026
