Starting job 18226517 on c3-15 on Saga at Wed Jun 3 14:55:45 CEST 2026

Started: Wed Jun  3 14:55:45 CEST 2026
Job: 18226517; task: 106
Host: c3-15
Trait: UKB_460K.repro_NumberChildrenEverBorn_Pooled
Sumstats: /cluster/projects/nn9114k/datngu/database/alkes_group_data/sumstats_107/UKB_460K.repro_NumberChildrenEverBorn_Pooled.sumstats.gz
*********************************************************************
* LD Score Regression (LDSC)
* Version 1.0.1
* (C) 2014-2019 Brendan Bulik-Sullivan and Hilary Finucane
* Broad Institute of MIT and Harvard / MIT Department of Mathematics
* GNU General Public License v3
*********************************************************************
Call: 
./ldsc.py \
--out /cluster/projects/nn9114k/datngu/projects/ofrei_ldsc/results/sldsc_sumstats_107/UKB_460K.repro_NumberChildrenEverBorn_Pooled.sldsc_sv \
--h2 /cluster/projects/nn9114k/datngu/database/alkes_group_data/sumstats_107/UKB_460K.repro_NumberChildrenEverBorn_Pooled.sumstats.gz \
--ref-ld-chr /cluster/projects/nn9114k/datngu/projects/ofrei_ldsc/ldsc_mixer_sv_reference/ldscore/chr \
--w-ld-chr /cluster/projects/nn9114k/datngu/projects/ofrei_ldsc/ldsc_mixer_sv_reference/weights/chr 

Beginning analysis at Wed Jun  3 14:55:55 2026
Reading summary statistics from /cluster/projects/nn9114k/datngu/database/alkes_group_data/sumstats_107/UKB_460K.repro_NumberChildrenEverBorn_Pooled.sumstats.gz ...
Read summary statistics for 1187056 SNPs.
Reading reference panel LD Score from /cluster/projects/nn9114k/datngu/projects/ofrei_ldsc/ldsc_mixer_sv_reference/ldscore/chr[1-22] ... (ldscore_fromlist)
Read reference panel LD Scores for 9299279 SNPs.
Removing partitioned LD Scores with zero variance.
Reading regression weight LD Score from /cluster/projects/nn9114k/datngu/projects/ofrei_ldsc/ldsc_mixer_sv_reference/weights/chr[1-22] ... (ldscore_fromlist)
Read regression weight LD Scores for 9299279 SNPs.
After merging with reference panel LD, 1171188 SNPs remain.
After merging with regression SNP LD, 1171188 SNPs remain.
Removed 0 SNPs with chi^2 > 456.5 (1171188 SNPs remain)
Total Observed scale h2: 0.043 (0.0023)
Categories: outside_regionL2_0 within_regionL2_0
Observed scale h2: 0.0424 0.0006
Observed scale h2 SE: 0.0024 0.0013
Proportion of SNPs: 0.9947 0.0053
Proportion of h2g: 0.9857 0.0143
Enrichment: 0.9909 2.7099
Coefficients: 6.9838e-09 1.9098e-08
Coefficient SE: 3.8840e-10 4.0375e-08
Lambda GC: 1.3
Mean Chi^2: 1.3799
Intercept: 1.0793 (0.0085)
Ratio: 0.2086 (0.0224)
Analysis finished at Wed Jun  3 14:57:18 2026
Total time elapsed: 1.0m:23.760000000000005s
Finished: Wed Jun  3 14:57:19 CEST 2026
LDSC log: /cluster/projects/nn9114k/datngu/projects/ofrei_ldsc/results/sldsc_sumstats_107/UKB_460K.repro_NumberChildrenEverBorn_Pooled.sldsc_sv.log

Job 18226517 consumed 0.1 billing hours from project nn9114k.

Submitted 2026-06-03T14:47:31; waited 8.2 minutes in the queue after becoming eligible to run.

Requested wallclock time: 6.0 hours
Elapsed wallclock time:   1.6 minutes

Job exited normally.

Task and CPU statistics:
ID              CPUs  Tasks  CPU util                Start  Elapsed  Exit status
18226517           1            0.0 %  2026-06-03T14:55:45   94.0 s  0
18226517.batch     1      1    92.0 %  2026-06-03T14:55:45   94.0 s  0

Used CPU time:   1.4 CPU minutes
Unused CPU time: 7.5 CPU seconds

Memory statistics, in GiB:
ID               Alloc   Usage
18226517          16.0        
18226517.batch    16.0     3.6

Job 18226517 completed at Wed Jun 3 14:57:19 CEST 2026
