Starting job 18226554 on c2-13 on Saga at Wed Jun 3 14:49:45 CEST 2026

Started: Wed Jun  3 14:49:45 CEST 2026
Job: 18226554; task: 36
Host: c2-13
Trait: PASS.Covid19_Vaccination.Hartonen2023
Sumstats: /cluster/projects/nn9114k/datngu/database/alkes_group_data/sumstats_107/PASS.Covid19_Vaccination.Hartonen2023.sumstats.gz
*********************************************************************
* LD Score Regression (LDSC)
* Version 1.0.1
* (C) 2014-2019 Brendan Bulik-Sullivan and Hilary Finucane
* Broad Institute of MIT and Harvard / MIT Department of Mathematics
* GNU General Public License v3
*********************************************************************
Call: 
./ldsc.py \
--out /cluster/projects/nn9114k/datngu/projects/ofrei_ldsc/results/sldsc_sumstats_107/PASS.Covid19_Vaccination.Hartonen2023.sldsc_sv \
--h2 /cluster/projects/nn9114k/datngu/database/alkes_group_data/sumstats_107/PASS.Covid19_Vaccination.Hartonen2023.sumstats.gz \
--ref-ld-chr /cluster/projects/nn9114k/datngu/projects/ofrei_ldsc/ldsc_mixer_sv_reference/ldscore/chr \
--w-ld-chr /cluster/projects/nn9114k/datngu/projects/ofrei_ldsc/ldsc_mixer_sv_reference/weights/chr 

Beginning analysis at Wed Jun  3 14:49:53 2026
Reading summary statistics from /cluster/projects/nn9114k/datngu/database/alkes_group_data/sumstats_107/PASS.Covid19_Vaccination.Hartonen2023.sumstats.gz ...
Read summary statistics for 1148157 SNPs.
Reading reference panel LD Score from /cluster/projects/nn9114k/datngu/projects/ofrei_ldsc/ldsc_mixer_sv_reference/ldscore/chr[1-22] ... (ldscore_fromlist)
Read reference panel LD Scores for 9299279 SNPs.
Removing partitioned LD Scores with zero variance.
Reading regression weight LD Score from /cluster/projects/nn9114k/datngu/projects/ofrei_ldsc/ldsc_mixer_sv_reference/weights/chr[1-22] ... (ldscore_fromlist)
Read regression weight LD Scores for 9299279 SNPs.
After merging with reference panel LD, 1133993 SNPs remain.
After merging with regression SNP LD, 1133993 SNPs remain.
Removed 0 SNPs with chi^2 > 273.765 (1133993 SNPs remain)
Total Observed scale h2: 0.0397 (0.0034)
Categories: outside_regionL2_0 within_regionL2_0
Observed scale h2: 0.0412 -0.0015
Observed scale h2 SE: 0.0035 0.0019
Proportion of SNPs: 0.9947 0.0053
Proportion of h2g: 1.0375 -0.0375
Enrichment: 1.043  -7.1046
Coefficients: 6.7915e-09 -4.6264e-08
Coefficient SE: 5.7175e-10 6.0160e-08
Lambda GC: 1.2804
Mean Chi^2: 1.3169
Intercept: 1.1429 (0.0095)
Ratio: 0.451 (0.0299)
Analysis finished at Wed Jun  3 14:51:18 2026
Total time elapsed: 1.0m:24.090000000000003s
Finished: Wed Jun  3 14:51:18 CEST 2026
LDSC log: /cluster/projects/nn9114k/datngu/projects/ofrei_ldsc/results/sldsc_sumstats_107/PASS.Covid19_Vaccination.Hartonen2023.sldsc_sv.log

Job 18226554 consumed 0.1 billing hours from project nn9114k.

Submitted 2026-06-03T14:47:31; waited 2.2 minutes in the queue after becoming eligible to run.

Requested wallclock time: 6.0 hours
Elapsed wallclock time:   1.6 minutes

Job exited normally.

Task and CPU statistics:
ID              CPUs  Tasks  CPU util                Start  Elapsed  Exit status
18226554           1            0.0 %  2026-06-03T14:49:45   93.0 s  0
18226554.batch     1      1    93.7 %  2026-06-03T14:49:45   93.0 s  0

Used CPU time:   1.5 CPU minutes
Unused CPU time: 5.9 CPU seconds

Memory statistics, in GiB:
ID               Alloc   Usage
18226554          16.0        
18226554.batch    16.0     3.6

Job 18226554 completed at Wed Jun 3 14:51:18 CEST 2026
