Starting job 18226561 on c5-60 on Saga at Wed Jun 3 14:50:45 CEST 2026

Started: Wed Jun  3 14:50:45 CEST 2026
Job: 18226561; task: 43
Host: c5-60
Trait: PASS.Ever_Smoked.TAGC2010
Sumstats: /cluster/projects/nn9114k/datngu/database/alkes_group_data/sumstats_107/PASS.Ever_Smoked.TAGC2010.sumstats.gz
*********************************************************************
* LD Score Regression (LDSC)
* Version 1.0.1
* (C) 2014-2019 Brendan Bulik-Sullivan and Hilary Finucane
* Broad Institute of MIT and Harvard / MIT Department of Mathematics
* GNU General Public License v3
*********************************************************************
Call: 
./ldsc.py \
--out /cluster/projects/nn9114k/datngu/projects/ofrei_ldsc/results/sldsc_sumstats_107/PASS.Ever_Smoked.TAGC2010.sldsc_sv \
--h2 /cluster/projects/nn9114k/datngu/database/alkes_group_data/sumstats_107/PASS.Ever_Smoked.TAGC2010.sumstats.gz \
--ref-ld-chr /cluster/projects/nn9114k/datngu/projects/ofrei_ldsc/ldsc_mixer_sv_reference/ldscore/chr \
--w-ld-chr /cluster/projects/nn9114k/datngu/projects/ofrei_ldsc/ldsc_mixer_sv_reference/weights/chr 

Beginning analysis at Wed Jun  3 14:50:53 2026
Reading summary statistics from /cluster/projects/nn9114k/datngu/database/alkes_group_data/sumstats_107/PASS.Ever_Smoked.TAGC2010.sumstats.gz ...
Read summary statistics for 1060147 SNPs.
Reading reference panel LD Score from /cluster/projects/nn9114k/datngu/projects/ofrei_ldsc/ldsc_mixer_sv_reference/ldscore/chr[1-22] ... (ldscore_fromlist)
Read reference panel LD Scores for 9299279 SNPs.
Removing partitioned LD Scores with zero variance.
Reading regression weight LD Score from /cluster/projects/nn9114k/datngu/projects/ofrei_ldsc/ldsc_mixer_sv_reference/weights/chr[1-22] ... (ldscore_fromlist)
Read regression weight LD Scores for 9299279 SNPs.
After merging with reference panel LD, 1051687 SNPs remain.
After merging with regression SNP LD, 1051687 SNPs remain.
Removed 0 SNPs with chi^2 > 80 (1051687 SNPs remain)
Total Observed scale h2: 0.0794 (0.0076)
Categories: outside_regionL2_0 within_regionL2_0
Observed scale h2: 0.0731 0.0063
Observed scale h2 SE: 0.0084 0.006
Proportion of SNPs: 0.9947 0.0053
Proportion of h2g: 0.9206 0.0794
Enrichment: 0.9254 15.0691
Coefficients: 1.2047e-08 1.9616e-07
Coefficient SE: 1.3794e-09 1.8796e-07
Lambda GC: 1.0877
Mean Chi^2: 1.1037
Intercept: 1.017 (0.0064)
Ratio: 0.1644 (0.0613)
Analysis finished at Wed Jun  3 14:52:12 2026
Total time elapsed: 1.0m:19.0s
Finished: Wed Jun  3 14:52:13 CEST 2026
LDSC log: /cluster/projects/nn9114k/datngu/projects/ofrei_ldsc/results/sldsc_sumstats_107/PASS.Ever_Smoked.TAGC2010.sldsc_sv.log

Job 18226561 consumed 0.1 billing hours from project nn9114k.

Submitted 2026-06-03T14:47:31; waited 3.2 minutes in the queue after becoming eligible to run.

Requested wallclock time: 6.0 hours
Elapsed wallclock time:   1.5 minutes

Job exited normally.

Task and CPU statistics:
ID              CPUs  Tasks  CPU util                Start  Elapsed  Exit status
18226561           1            0.0 %  2026-06-03T14:50:45   88.0 s  0
18226561.batch     1      1    92.7 %  2026-06-03T14:50:45   88.0 s  0

Used CPU time:   1.4 CPU minutes
Unused CPU time: 6.4 CPU seconds

Memory statistics, in GiB:
ID               Alloc   Usage
18226561          16.0        
18226561.batch    16.0     3.5

Job 18226561 completed at Wed Jun 3 14:52:13 CEST 2026
