Starting job 18226621 on c3-25 on Saga at Wed Jun 3 14:55:14 CEST 2026

Started: Wed Jun  3 14:55:14 CEST 2026
Job: 18226621; task: 98
Host: c3-25
Trait: UKB_460K.body_BALDING1
Sumstats: /cluster/projects/nn9114k/datngu/database/alkes_group_data/sumstats_107/UKB_460K.body_BALDING1.sumstats.gz
*********************************************************************
* LD Score Regression (LDSC)
* Version 1.0.1
* (C) 2014-2019 Brendan Bulik-Sullivan and Hilary Finucane
* Broad Institute of MIT and Harvard / MIT Department of Mathematics
* GNU General Public License v3
*********************************************************************
Call: 
./ldsc.py \
--out /cluster/projects/nn9114k/datngu/projects/ofrei_ldsc/results/sldsc_sumstats_107/UKB_460K.body_BALDING1.sldsc_sv \
--h2 /cluster/projects/nn9114k/datngu/database/alkes_group_data/sumstats_107/UKB_460K.body_BALDING1.sumstats.gz \
--ref-ld-chr /cluster/projects/nn9114k/datngu/projects/ofrei_ldsc/ldsc_mixer_sv_reference/ldscore/chr \
--w-ld-chr /cluster/projects/nn9114k/datngu/projects/ofrei_ldsc/ldsc_mixer_sv_reference/weights/chr 

Beginning analysis at Wed Jun  3 14:55:22 2026
Reading summary statistics from /cluster/projects/nn9114k/datngu/database/alkes_group_data/sumstats_107/UKB_460K.body_BALDING1.sumstats.gz ...
Read summary statistics for 1187056 SNPs.
Reading reference panel LD Score from /cluster/projects/nn9114k/datngu/projects/ofrei_ldsc/ldsc_mixer_sv_reference/ldscore/chr[1-22] ... (ldscore_fromlist)
Read reference panel LD Scores for 9299279 SNPs.
Removing partitioned LD Scores with zero variance.
Reading regression weight LD Score from /cluster/projects/nn9114k/datngu/projects/ofrei_ldsc/ldsc_mixer_sv_reference/weights/chr[1-22] ... (ldscore_fromlist)
Read regression weight LD Scores for 9299279 SNPs.
After merging with reference panel LD, 1171188 SNPs remain.
After merging with regression SNP LD, 1171188 SNPs remain.
Removed 462 SNPs with chi^2 > 208.336 (1170726 SNPs remain)
Total Observed scale h2: 0.2053 (0.0183)
Categories: outside_regionL2_0 within_regionL2_0
Observed scale h2: 0.2176 -0.0123
Observed scale h2 SE: 0.0192 0.008
Proportion of SNPs: 0.9947 0.0053
Proportion of h2g: 1.0598 -0.0598
Enrichment: 1.0654 -11.3392
Coefficients: 3.5848e-08 -3.8154e-07
Coefficient SE: 3.1575e-09 2.4744e-07
Lambda GC: 1.3765
Mean Chi^2: 1.9015
Intercept: 1.3012 (0.0294)
Ratio: 0.3341 (0.0327)
Analysis finished at Wed Jun  3 14:56:36 2026
Total time elapsed: 1.0m:14.219999999999999s
Finished: Wed Jun  3 14:56:36 CEST 2026
LDSC log: /cluster/projects/nn9114k/datngu/projects/ofrei_ldsc/results/sldsc_sumstats_107/UKB_460K.body_BALDING1.sldsc_sv.log

Job 18226621 consumed 0.1 billing hours from project nn9114k.

Submitted 2026-06-03T14:47:31; waited 7.7 minutes in the queue after becoming eligible to run.

Requested wallclock time: 6.0 hours
Elapsed wallclock time:   1.4 minutes

Job exited normally.

Task and CPU statistics:
ID              CPUs  Tasks  CPU util                Start  Elapsed  Exit status
18226621           1            0.0 %  2026-06-03T14:55:14   82.0 s  0
18226621.batch     1      1    93.3 %  2026-06-03T14:55:14   82.0 s  0

Used CPU time:   1.3 CPU minutes
Unused CPU time: 5.5 CPU seconds

Memory statistics, in GiB:
ID               Alloc   Usage
18226621          16.0        
18226621.batch    16.0     3.6

Job 18226621 completed at Wed Jun 3 14:56:36 CEST 2026
