Starting job 18226565 on c3-3 on Saga at Wed Jun 3 14:50:45 CEST 2026

Started: Wed Jun  3 14:50:45 CEST 2026
Job: 18226565; task: 47
Host: c3-3
Trait: PASS.General_Risk_Tolerance.KarlssonLinner2019
Sumstats: /cluster/projects/nn9114k/datngu/database/alkes_group_data/sumstats_107/PASS.General_Risk_Tolerance.KarlssonLinner2019.sumstats.gz
*********************************************************************
* LD Score Regression (LDSC)
* Version 1.0.1
* (C) 2014-2019 Brendan Bulik-Sullivan and Hilary Finucane
* Broad Institute of MIT and Harvard / MIT Department of Mathematics
* GNU General Public License v3
*********************************************************************
Call: 
./ldsc.py \
--out /cluster/projects/nn9114k/datngu/projects/ofrei_ldsc/results/sldsc_sumstats_107/PASS.General_Risk_Tolerance.KarlssonLinner2019.sldsc_sv \
--h2 /cluster/projects/nn9114k/datngu/database/alkes_group_data/sumstats_107/PASS.General_Risk_Tolerance.KarlssonLinner2019.sumstats.gz \
--ref-ld-chr /cluster/projects/nn9114k/datngu/projects/ofrei_ldsc/ldsc_mixer_sv_reference/ldscore/chr \
--w-ld-chr /cluster/projects/nn9114k/datngu/projects/ofrei_ldsc/ldsc_mixer_sv_reference/weights/chr 

Beginning analysis at Wed Jun  3 14:50:56 2026
Reading summary statistics from /cluster/projects/nn9114k/datngu/database/alkes_group_data/sumstats_107/PASS.General_Risk_Tolerance.KarlssonLinner2019.sumstats.gz ...
Read summary statistics for 629328 SNPs.
Reading reference panel LD Score from /cluster/projects/nn9114k/datngu/projects/ofrei_ldsc/ldsc_mixer_sv_reference/ldscore/chr[1-22] ... (ldscore_fromlist)
Read reference panel LD Scores for 9299279 SNPs.
Removing partitioned LD Scores with zero variance.
Reading regression weight LD Score from /cluster/projects/nn9114k/datngu/projects/ofrei_ldsc/ldsc_mixer_sv_reference/weights/chr[1-22] ... (ldscore_fromlist)
Read regression weight LD Scores for 9299279 SNPs.
After merging with reference panel LD, 620818 SNPs remain.
After merging with regression SNP LD, 620818 SNPs remain.
Removed 0 SNPs with chi^2 > 466.571 (620818 SNPs remain)
Total Observed scale h2: 0.0539 (0.0028)
Categories: outside_regionL2_0 within_regionL2_0
Observed scale h2: 0.0532 0.0007
Observed scale h2 SE: 0.0028 0.0013
Proportion of SNPs: 0.9947 0.0053
Proportion of h2g: 0.987 0.013
Enrichment: 0.9923 2.4586
Coefficients: 8.7663e-09 2.1720e-08
Coefficient SE: 4.5790e-10 4.0907e-08
Lambda GC: 1.374
Mean Chi^2: 1.4679
Intercept: 1.0947 (0.0106)
Ratio: 0.2025 (0.0226)
Analysis finished at Wed Jun  3 14:53:17 2026
Total time elapsed: 2.0m:20.889999999999986s
Finished: Wed Jun  3 14:53:18 CEST 2026
LDSC log: /cluster/projects/nn9114k/datngu/projects/ofrei_ldsc/results/sldsc_sumstats_107/PASS.General_Risk_Tolerance.KarlssonLinner2019.sldsc_sv.log

Job 18226565 consumed 0.2 billing hours from project nn9114k.

Submitted 2026-06-03T14:47:31; waited 3.2 minutes in the queue after becoming eligible to run.

Requested wallclock time: 6.0 hours
Elapsed wallclock time:   2.5 minutes

Job exited normally.

Task and CPU statistics:
ID              CPUs  Tasks  CPU util                Start  Elapsed  Exit status
18226565           1            0.0 %  2026-06-03T14:50:45  153.0 s  0
18226565.batch     1      1    95.2 %  2026-06-03T14:50:45  153.0 s  0

Used CPU time:   2.4 CPU minutes
Unused CPU time: 7.3 CPU seconds

Memory statistics, in GiB:
ID               Alloc   Usage
18226565          16.0        
18226565.batch    16.0     2.6

Job 18226565 completed at Wed Jun 3 14:53:19 CEST 2026
