Traceback (most recent call last):
  File "/cluster/projects/nn9114k/datngu/projects/ofrei_ldsc/ldscore/parse.py", line 89, in sumstats
    x = read_csv(fh, usecols=usecols, dtype=dtype_dict, compression=compression)
  File "/cluster/projects/nn9114k/datngu/projects/ofrei_ldsc/ldscore/parse.py", line 21, in read_csv
    return pd.read_csv(fh, delim_whitespace=True, na_values='.', **kwargs)
  File "/cluster/projects/nn9114k/datngu/conda/envs/ldsc/lib/python3.8/site-packages/pandas/util/_decorators.py", line 211, in wrapper
    return func(*args, **kwargs)
  File "/cluster/projects/nn9114k/datngu/conda/envs/ldsc/lib/python3.8/site-packages/pandas/util/_decorators.py", line 331, in wrapper
    return func(*args, **kwargs)
  File "/cluster/projects/nn9114k/datngu/conda/envs/ldsc/lib/python3.8/site-packages/pandas/io/parsers/readers.py", line 950, in read_csv
    return _read(filepath_or_buffer, kwds)
  File "/cluster/projects/nn9114k/datngu/conda/envs/ldsc/lib/python3.8/site-packages/pandas/io/parsers/readers.py", line 605, in _read
    parser = TextFileReader(filepath_or_buffer, **kwds)
  File "/cluster/projects/nn9114k/datngu/conda/envs/ldsc/lib/python3.8/site-packages/pandas/io/parsers/readers.py", line 1442, in __init__
    self._engine = self._make_engine(f, self.engine)
  File "/cluster/projects/nn9114k/datngu/conda/envs/ldsc/lib/python3.8/site-packages/pandas/io/parsers/readers.py", line 1753, in _make_engine
    return mapping[engine](f, **self.options)
  File "/cluster/projects/nn9114k/datngu/conda/envs/ldsc/lib/python3.8/site-packages/pandas/io/parsers/c_parser_wrapper.py", line 135, in __init__
    self._validate_usecols_names(usecols, self.orig_names)
  File "/cluster/projects/nn9114k/datngu/conda/envs/ldsc/lib/python3.8/site-packages/pandas/io/parsers/base_parser.py", line 917, in _validate_usecols_names
    raise ValueError(
ValueError: Usecols do not match columns, columns expected but not found: ['Z', 'SNP']

During handling of the above exception, another exception occurred:

Traceback (most recent call last):
  File "/cluster/projects/nn9114k/datngu/projects/ofrei_ldsc/ldsc.py", line 644, in <module>
    sumstats.estimate_h2(args, log)
  File "/cluster/projects/nn9114k/datngu/projects/ofrei_ldsc/ldscore/sumstats.py", line 325, in estimate_h2
    M_annot, w_ld_cname, ref_ld_cnames, sumstats, novar_cols = _read_ld_sumstats(
  File "/cluster/projects/nn9114k/datngu/projects/ofrei_ldsc/ldscore/sumstats.py", line 242, in _read_ld_sumstats
    sumstats = _read_sumstats(args, log, fh, alleles=alleles, dropna=dropna)
  File "/cluster/projects/nn9114k/datngu/projects/ofrei_ldsc/ldscore/sumstats.py", line 163, in _read_sumstats
    sumstats = ps.sumstats(fh, alleles=alleles, dropna=dropna)
  File "/cluster/projects/nn9114k/datngu/projects/ofrei_ldsc/ldscore/parse.py", line 91, in sumstats
    raise ValueError('Improperly formatted sumstats file: ' + str(e.args))
ValueError: Improperly formatted sumstats file: ("Usecols do not match columns, columns expected but not found: ['Z', 'SNP']",)
ERROR conda.cli.main_run:execute(142): `conda run python /cluster/projects/nn9114k/datngu/projects/ofrei_ldsc/ldsc.py --h2 /cluster/projects/nn9114k/datngu/database/alkes_group_data/sumstats_107/FIXED.Schizophrenia.Trubetskoy2022.sumstats.gz --ref-ld-chr /cluster/projects/nn9114k/datngu/projects/ofrei_ldsc/ldsc_mixer_sv_reference/ldscore/chr --w-ld-chr /cluster/projects/nn9114k/datngu/projects/ofrei_ldsc/ldsc_mixer_sv_reference/weights/chr --out /cluster/projects/nn9114k/datngu/projects/ofrei_ldsc/results/sldsc_sumstats_107/FIXED.Schizophrenia.Trubetskoy2022.sldsc_sv` failed. (See above for error)
