Starting job 18226547 on c5-60 on Saga at Wed Jun 3 14:49:45 CEST 2026

Started: Wed Jun  3 14:49:45 CEST 2026
Job: 18226547; task: 29
Host: c5-60
Trait: PASS.Cancer_Prostate.Schumacher2018
Sumstats: /cluster/projects/nn9114k/datngu/database/alkes_group_data/sumstats_107/PASS.Cancer_Prostate.Schumacher2018.sumstats.gz
*********************************************************************
* LD Score Regression (LDSC)
* Version 1.0.1
* (C) 2014-2019 Brendan Bulik-Sullivan and Hilary Finucane
* Broad Institute of MIT and Harvard / MIT Department of Mathematics
* GNU General Public License v3
*********************************************************************
Call: 
./ldsc.py \
--out /cluster/projects/nn9114k/datngu/projects/ofrei_ldsc/results/sldsc_sumstats_107/PASS.Cancer_Prostate.Schumacher2018.sldsc_sv \
--h2 /cluster/projects/nn9114k/datngu/database/alkes_group_data/sumstats_107/PASS.Cancer_Prostate.Schumacher2018.sumstats.gz \
--ref-ld-chr /cluster/projects/nn9114k/datngu/projects/ofrei_ldsc/ldsc_mixer_sv_reference/ldscore/chr \
--w-ld-chr /cluster/projects/nn9114k/datngu/projects/ofrei_ldsc/ldsc_mixer_sv_reference/weights/chr 

Beginning analysis at Wed Jun  3 14:49:53 2026
Reading summary statistics from /cluster/projects/nn9114k/datngu/database/alkes_group_data/sumstats_107/PASS.Cancer_Prostate.Schumacher2018.sumstats.gz ...
Read summary statistics for 1191108 SNPs.
Dropped 817 SNPs with duplicated rs numbers.
Reading reference panel LD Score from /cluster/projects/nn9114k/datngu/projects/ofrei_ldsc/ldsc_mixer_sv_reference/ldscore/chr[1-22] ... (ldscore_fromlist)
Read reference panel LD Scores for 9299279 SNPs.
Removing partitioned LD Scores with zero variance.
Reading regression weight LD Score from /cluster/projects/nn9114k/datngu/projects/ofrei_ldsc/ldsc_mixer_sv_reference/weights/chr[1-22] ... (ldscore_fromlist)
Read regression weight LD Scores for 9299279 SNPs.
After merging with reference panel LD, 1171396 SNPs remain.
After merging with regression SNP LD, 1171396 SNPs remain.
Removed 663 SNPs with chi^2 > 80 (1170733 SNPs remain)
Total Observed scale h2: 0.2692 (0.0244)
Categories: outside_regionL2_0 within_regionL2_0
Observed scale h2: 0.2226 0.0466
Observed scale h2 SE: 0.0242 0.0198
Proportion of SNPs: 0.9947 0.0053
Proportion of h2g: 0.8269 0.1731
Enrichment: 0.8313 32.8257
Coefficients: 3.6678e-08 1.4483e-06
Coefficient SE: 3.9827e-09 6.1483e-07
Lambda GC: 1.2221
Mean Chi^2: 1.4138
Intercept: 1.1311 (0.0173)
Ratio: 0.3168 (0.0418)
Analysis finished at Wed Jun  3 14:51:10 2026
Total time elapsed: 1.0m:17.08s
Finished: Wed Jun  3 14:51:10 CEST 2026
LDSC log: /cluster/projects/nn9114k/datngu/projects/ofrei_ldsc/results/sldsc_sumstats_107/PASS.Cancer_Prostate.Schumacher2018.sldsc_sv.log

Job 18226547 consumed 0.1 billing hours from project nn9114k.

Submitted 2026-06-03T14:47:31; waited 2.2 minutes in the queue after becoming eligible to run.

Requested wallclock time: 6.0 hours
Elapsed wallclock time:   1.4 minutes

Job exited normally.

Task and CPU statistics:
ID              CPUs  Tasks  CPU util                Start  Elapsed  Exit status
18226547           1            0.0 %  2026-06-03T14:49:45   85.0 s  0
18226547.batch     1      1    93.7 %  2026-06-03T14:49:45   85.0 s  0

Used CPU time:   1.3 CPU minutes
Unused CPU time: 5.3 CPU seconds

Memory statistics, in GiB:
ID               Alloc   Usage
18226547          16.0        
18226547.batch    16.0     3.6

Job 18226547 completed at Wed Jun 3 14:51:11 CEST 2026
