Starting job 18226531 on c2-32 on Saga at Wed Jun 3 14:47:45 CEST 2026

Started: Wed Jun  3 14:47:45 CEST 2026
Job: 18226531; task: 13
Host: c2-32
Trait: PANUKBB.Varicose_Vein_Surgery
Sumstats: /cluster/projects/nn9114k/datngu/database/alkes_group_data/sumstats_107/PANUKBB.Varicose_Vein_Surgery.sumstats.gz
*********************************************************************
* LD Score Regression (LDSC)
* Version 1.0.1
* (C) 2014-2019 Brendan Bulik-Sullivan and Hilary Finucane
* Broad Institute of MIT and Harvard / MIT Department of Mathematics
* GNU General Public License v3
*********************************************************************
Call: 
./ldsc.py \
--out /cluster/projects/nn9114k/datngu/projects/ofrei_ldsc/results/sldsc_sumstats_107/PANUKBB.Varicose_Vein_Surgery.sldsc_sv \
--h2 /cluster/projects/nn9114k/datngu/database/alkes_group_data/sumstats_107/PANUKBB.Varicose_Vein_Surgery.sumstats.gz \
--ref-ld-chr /cluster/projects/nn9114k/datngu/projects/ofrei_ldsc/ldsc_mixer_sv_reference/ldscore/chr \
--w-ld-chr /cluster/projects/nn9114k/datngu/projects/ofrei_ldsc/ldsc_mixer_sv_reference/weights/chr 

Beginning analysis at Wed Jun  3 14:47:53 2026
Reading summary statistics from /cluster/projects/nn9114k/datngu/database/alkes_group_data/sumstats_107/PANUKBB.Varicose_Vein_Surgery.sumstats.gz ...
Read summary statistics for 1185336 SNPs.
Reading reference panel LD Score from /cluster/projects/nn9114k/datngu/projects/ofrei_ldsc/ldsc_mixer_sv_reference/ldscore/chr[1-22] ... (ldscore_fromlist)
Read reference panel LD Scores for 9299279 SNPs.
Removing partitioned LD Scores with zero variance.
Reading regression weight LD Score from /cluster/projects/nn9114k/datngu/projects/ofrei_ldsc/ldsc_mixer_sv_reference/weights/chr[1-22] ... (ldscore_fromlist)
Read regression weight LD Scores for 9299279 SNPs.
After merging with reference panel LD, 1169649 SNPs remain.
After merging with regression SNP LD, 1169649 SNPs remain.
Removed 0 SNPs with chi^2 > 420.473 (1169649 SNPs remain)
Total Observed scale h2: 0.04 (0.0038)
Categories: outside_regionL2_0 within_regionL2_0
Observed scale h2: 0.0362 0.0038
Observed scale h2 SE: 0.0034 0.0024
Proportion of SNPs: 0.9947 0.0053
Proportion of h2g: 0.9043 0.0957
Enrichment: 0.9091 18.1419
Coefficients: 5.9671e-09 1.1907e-07
Coefficient SE: 5.6315e-10 7.3440e-08
Lambda GC: 1.2798
Mean Chi^2: 1.3776
Intercept: 1.1349 (0.011)
Ratio: 0.3573 (0.0291)
Analysis finished at Wed Jun  3 14:49:12 2026
Total time elapsed: 1.0m:19.28s
Finished: Wed Jun  3 14:49:13 CEST 2026
LDSC log: /cluster/projects/nn9114k/datngu/projects/ofrei_ldsc/results/sldsc_sumstats_107/PANUKBB.Varicose_Vein_Surgery.sldsc_sv.log

Job 18226531 consumed 0.1 billing hours from project nn9114k.

Submitted 2026-06-03T14:47:31; waited 14.0 seconds in the queue after becoming eligible to run.

Requested wallclock time: 6.0 hours
Elapsed wallclock time:   1.5 minutes

Job exited normally.

Task and CPU statistics:
ID              CPUs  Tasks  CPU util                Start  Elapsed  Exit status
18226531           1            0.0 %  2026-06-03T14:47:45   88.0 s  0
18226531.batch     1      1    90.3 %  2026-06-03T14:47:45   88.0 s  0

Used CPU time:   1.3 CPU minutes
Unused CPU time: 8.6 CPU seconds

Memory statistics, in GiB:
ID               Alloc   Usage
18226531          16.0        
18226531.batch    16.0     3.6

Job 18226531 completed at Wed Jun 3 14:49:13 CEST 2026
