Starting job 18226607 on c3-11 on Saga at Wed Jun 3 14:53:45 CEST 2026

Started: Wed Jun  3 14:53:45 CEST 2026
Job: 18226607; task: 84
Host: c3-11
Trait: UKB_460K.biochemistry_AlkalinePhosphatase
Sumstats: /cluster/projects/nn9114k/datngu/database/alkes_group_data/sumstats_107/UKB_460K.biochemistry_AlkalinePhosphatase.sumstats.gz
*********************************************************************
* LD Score Regression (LDSC)
* Version 1.0.1
* (C) 2014-2019 Brendan Bulik-Sullivan and Hilary Finucane
* Broad Institute of MIT and Harvard / MIT Department of Mathematics
* GNU General Public License v3
*********************************************************************
Call: 
./ldsc.py \
--out /cluster/projects/nn9114k/datngu/projects/ofrei_ldsc/results/sldsc_sumstats_107/UKB_460K.biochemistry_AlkalinePhosphatase.sldsc_sv \
--h2 /cluster/projects/nn9114k/datngu/database/alkes_group_data/sumstats_107/UKB_460K.biochemistry_AlkalinePhosphatase.sumstats.gz \
--ref-ld-chr /cluster/projects/nn9114k/datngu/projects/ofrei_ldsc/ldsc_mixer_sv_reference/ldscore/chr \
--w-ld-chr /cluster/projects/nn9114k/datngu/projects/ofrei_ldsc/ldsc_mixer_sv_reference/weights/chr 

Beginning analysis at Wed Jun  3 14:53:53 2026
Reading summary statistics from /cluster/projects/nn9114k/datngu/database/alkes_group_data/sumstats_107/UKB_460K.biochemistry_AlkalinePhosphatase.sumstats.gz ...
Read summary statistics for 1187344 SNPs.
Reading reference panel LD Score from /cluster/projects/nn9114k/datngu/projects/ofrei_ldsc/ldsc_mixer_sv_reference/ldscore/chr[1-22] ... (ldscore_fromlist)
Read reference panel LD Scores for 9299279 SNPs.
Removing partitioned LD Scores with zero variance.
Reading regression weight LD Score from /cluster/projects/nn9114k/datngu/projects/ofrei_ldsc/ldsc_mixer_sv_reference/weights/chr[1-22] ... (ldscore_fromlist)
Read regression weight LD Scores for 9299279 SNPs.
After merging with reference panel LD, 1171404 SNPs remain.
After merging with regression SNP LD, 1171404 SNPs remain.
Removed 592 SNPs with chi^2 > 433.862 (1170812 SNPs remain)
Total Observed scale h2: 0.2464 (0.0202)
Categories: outside_regionL2_0 within_regionL2_0
Observed scale h2: 0.2226 0.0238
Observed scale h2 SE: 0.0203 0.0129
Proportion of SNPs: 0.9947 0.0053
Proportion of h2g: 0.9033 0.0967
Enrichment: 0.9081 18.3433
Coefficients: 3.6672e-08 7.4078e-07
Coefficient SE: 3.3371e-09 4.0055e-07
Lambda GC: 1.7448
Mean Chi^2: 2.8952
Intercept: 1.4997 (0.0826)
Ratio: 0.2636 (0.0436)
Analysis finished at Wed Jun  3 14:55:13 2026
Total time elapsed: 1.0m:19.760000000000005s
Finished: Wed Jun  3 14:55:13 CEST 2026
LDSC log: /cluster/projects/nn9114k/datngu/projects/ofrei_ldsc/results/sldsc_sumstats_107/UKB_460K.biochemistry_AlkalinePhosphatase.sldsc_sv.log

Job 18226607 consumed 0.1 billing hours from project nn9114k.

Submitted 2026-06-03T14:47:31; waited 6.2 minutes in the queue after becoming eligible to run.

Requested wallclock time: 6.0 hours
Elapsed wallclock time:   1.5 minutes

Job exited normally.

Task and CPU statistics:
ID              CPUs  Tasks  CPU util                Start  Elapsed  Exit status
18226607           1            0.0 %  2026-06-03T14:53:45   88.0 s  0
18226607.batch     1      1    93.3 %  2026-06-03T14:53:45   88.0 s  0

Used CPU time:   1.4 CPU minutes
Unused CPU time: 5.9 CPU seconds

Memory statistics, in GiB:
ID               Alloc   Usage
18226607          16.0        
18226607.batch    16.0     3.6

Job 18226607 completed at Wed Jun 3 14:55:13 CEST 2026
