Starting job 18226593 on c5-60 on Saga at Wed Jun 3 14:52:45 CEST 2026

Started: Wed Jun  3 14:52:45 CEST 2026
Job: 18226593; task: 74
Host: c5-60
Trait: PASS.Structural_Connectivity_Global.Tissink2023
Sumstats: /cluster/projects/nn9114k/datngu/database/alkes_group_data/sumstats_107/PASS.Structural_Connectivity_Global.Tissink2023.sumstats.gz
*********************************************************************
* LD Score Regression (LDSC)
* Version 1.0.1
* (C) 2014-2019 Brendan Bulik-Sullivan and Hilary Finucane
* Broad Institute of MIT and Harvard / MIT Department of Mathematics
* GNU General Public License v3
*********************************************************************
Call: 
./ldsc.py \
--out /cluster/projects/nn9114k/datngu/projects/ofrei_ldsc/results/sldsc_sumstats_107/PASS.Structural_Connectivity_Global.Tissink2023.sldsc_sv \
--h2 /cluster/projects/nn9114k/datngu/database/alkes_group_data/sumstats_107/PASS.Structural_Connectivity_Global.Tissink2023.sumstats.gz \
--ref-ld-chr /cluster/projects/nn9114k/datngu/projects/ofrei_ldsc/ldsc_mixer_sv_reference/ldscore/chr \
--w-ld-chr /cluster/projects/nn9114k/datngu/projects/ofrei_ldsc/ldsc_mixer_sv_reference/weights/chr 

Beginning analysis at Wed Jun  3 14:52:54 2026
Reading summary statistics from /cluster/projects/nn9114k/datngu/database/alkes_group_data/sumstats_107/PASS.Structural_Connectivity_Global.Tissink2023.sumstats.gz ...
Read summary statistics for 1136880 SNPs.
Reading reference panel LD Score from /cluster/projects/nn9114k/datngu/projects/ofrei_ldsc/ldsc_mixer_sv_reference/ldscore/chr[1-22] ... (ldscore_fromlist)
Read reference panel LD Scores for 9299279 SNPs.
Removing partitioned LD Scores with zero variance.
Reading regression weight LD Score from /cluster/projects/nn9114k/datngu/projects/ofrei_ldsc/ldsc_mixer_sv_reference/weights/chr[1-22] ... (ldscore_fromlist)
Read regression weight LD Scores for 9299279 SNPs.
After merging with reference panel LD, 1123510 SNPs remain.
After merging with regression SNP LD, 1123510 SNPs remain.
Removed 14 SNPs with chi^2 > 80 (1123496 SNPs remain)
Total Observed scale h2: 0.4081 (0.0441)
Categories: outside_regionL2_0 within_regionL2_0
Observed scale h2: 0.3503 0.0579
Observed scale h2 SE: 0.0387 0.0282
Proportion of SNPs: 0.9947 0.0053
Proportion of h2g: 0.8582 0.1418
Enrichment: 0.8628 26.8913
Coefficients: 5.7712e-08 1.7988e-06
Coefficient SE: 6.3758e-09 8.7583e-07
Lambda GC: 1.1342
Mean Chi^2: 1.1732
Intercept: 1.0372 (0.0081)
Ratio: 0.2149 (0.0469)
Analysis finished at Wed Jun  3 14:54:11 2026
Total time elapsed: 1.0m:16.5s
Finished: Wed Jun  3 14:54:11 CEST 2026
LDSC log: /cluster/projects/nn9114k/datngu/projects/ofrei_ldsc/results/sldsc_sumstats_107/PASS.Structural_Connectivity_Global.Tissink2023.sldsc_sv.log

Job 18226593 consumed 0.1 billing hours from project nn9114k.

Submitted 2026-06-03T14:47:31; waited 5.2 minutes in the queue after becoming eligible to run.

Requested wallclock time: 6.0 hours
Elapsed wallclock time:   1.4 minutes

Job exited normally.

Task and CPU statistics:
ID              CPUs  Tasks  CPU util                Start  Elapsed  Exit status
18226593           1            0.0 %  2026-06-03T14:52:45   86.0 s  0
18226593.batch     1      1    92.0 %  2026-06-03T14:52:45   86.0 s  0

Used CPU time:   1.3 CPU minutes
Unused CPU time: 6.9 CPU seconds

Memory statistics, in GiB:
ID               Alloc   Usage
18226593          16.0        
18226593.batch    16.0     3.6

Job 18226593 completed at Wed Jun 3 14:54:11 CEST 2026
