Starting job 18226591 on c2-32 on Saga at Wed Jun 3 14:52:14 CEST 2026

Started: Wed Jun  3 14:52:14 CEST 2026
Job: 18226591; task: 72
Host: c2-32
Trait: PASS.Sleep_Duration.Dashti2019
Sumstats: /cluster/projects/nn9114k/datngu/database/alkes_group_data/sumstats_107/PASS.Sleep_Duration.Dashti2019.sumstats.gz
*********************************************************************
* LD Score Regression (LDSC)
* Version 1.0.1
* (C) 2014-2019 Brendan Bulik-Sullivan and Hilary Finucane
* Broad Institute of MIT and Harvard / MIT Department of Mathematics
* GNU General Public License v3
*********************************************************************
Call: 
./ldsc.py \
--out /cluster/projects/nn9114k/datngu/projects/ofrei_ldsc/results/sldsc_sumstats_107/PASS.Sleep_Duration.Dashti2019.sldsc_sv \
--h2 /cluster/projects/nn9114k/datngu/database/alkes_group_data/sumstats_107/PASS.Sleep_Duration.Dashti2019.sumstats.gz \
--ref-ld-chr /cluster/projects/nn9114k/datngu/projects/ofrei_ldsc/ldsc_mixer_sv_reference/ldscore/chr \
--w-ld-chr /cluster/projects/nn9114k/datngu/projects/ofrei_ldsc/ldsc_mixer_sv_reference/weights/chr 

Beginning analysis at Wed Jun  3 14:52:28 2026
Reading summary statistics from /cluster/projects/nn9114k/datngu/database/alkes_group_data/sumstats_107/PASS.Sleep_Duration.Dashti2019.sumstats.gz ...
Read summary statistics for 1186994 SNPs.
Reading reference panel LD Score from /cluster/projects/nn9114k/datngu/projects/ofrei_ldsc/ldsc_mixer_sv_reference/ldscore/chr[1-22] ... (ldscore_fromlist)
Read reference panel LD Scores for 9299279 SNPs.
Removing partitioned LD Scores with zero variance.
Reading regression weight LD Score from /cluster/projects/nn9114k/datngu/projects/ofrei_ldsc/ldsc_mixer_sv_reference/weights/chr[1-22] ... (ldscore_fromlist)
Read regression weight LD Scores for 9299279 SNPs.
After merging with reference panel LD, 1171163 SNPs remain.
After merging with regression SNP LD, 1171163 SNPs remain.
Removed 0 SNPs with chi^2 > 446.118 (1171163 SNPs remain)
Total Observed scale h2: 0.0737 (0.0036)
Categories: outside_regionL2_0 within_regionL2_0
Observed scale h2: 0.0739 -0.0002
Observed scale h2 SE: 0.0037 0.0019
Proportion of SNPs: 0.9947 0.0053
Proportion of h2g: 1.0028 -0.0028
Enrichment: 1.0081 -0.5373
Coefficients: 1.2182e-08 -6.4931e-09
Coefficient SE: 6.1094e-10 5.7706e-08
Lambda GC: 1.4922
Mean Chi^2: 1.6147
Intercept: 1.1253 (0.0107)
Ratio: 0.2038 (0.0174)
Analysis finished at Wed Jun  3 14:53:46 2026
Total time elapsed: 1.0m:17.450000000000003s
Finished: Wed Jun  3 14:53:46 CEST 2026
LDSC log: /cluster/projects/nn9114k/datngu/projects/ofrei_ldsc/results/sldsc_sumstats_107/PASS.Sleep_Duration.Dashti2019.sldsc_sv.log

Job 18226591 consumed 0.1 billing hours from project nn9114k.

Submitted 2026-06-03T14:47:31; waited 4.7 minutes in the queue after becoming eligible to run.

Requested wallclock time: 6.0 hours
Elapsed wallclock time:   1.5 minutes

Job exited normally.

Task and CPU statistics:
ID              CPUs  Tasks  CPU util                Start  Elapsed  Exit status
18226591           1            0.0 %  2026-06-03T14:52:14   92.0 s  0
18226591.batch     1      1    86.8 %  2026-06-03T14:52:14   92.0 s  0

Used CPU time:   1.3 CPU minutes
Unused CPU time: 12.2 CPU seconds

Memory statistics, in GiB:
ID               Alloc   Usage
18226591          16.0        
18226591.batch    16.0     3.6

Job 18226591 completed at Wed Jun 3 14:53:47 CEST 2026
