Starting job 18226525 on c2-55 on Saga at Wed Jun 3 14:47:45 CEST 2026

Started: Wed Jun  3 14:47:46 CEST 2026
Job: 18226525; task: 8
Host: c2-55
Trait: PANUKBB.Breast_Cancer_female
Sumstats: /cluster/projects/nn9114k/datngu/database/alkes_group_data/sumstats_107/PANUKBB.Breast_Cancer_female.sumstats.gz
*********************************************************************
* LD Score Regression (LDSC)
* Version 1.0.1
* (C) 2014-2019 Brendan Bulik-Sullivan and Hilary Finucane
* Broad Institute of MIT and Harvard / MIT Department of Mathematics
* GNU General Public License v3
*********************************************************************
Call: 
./ldsc.py \
--out /cluster/projects/nn9114k/datngu/projects/ofrei_ldsc/results/sldsc_sumstats_107/PANUKBB.Breast_Cancer_female.sldsc_sv \
--h2 /cluster/projects/nn9114k/datngu/database/alkes_group_data/sumstats_107/PANUKBB.Breast_Cancer_female.sumstats.gz \
--ref-ld-chr /cluster/projects/nn9114k/datngu/projects/ofrei_ldsc/ldsc_mixer_sv_reference/ldscore/chr \
--w-ld-chr /cluster/projects/nn9114k/datngu/projects/ofrei_ldsc/ldsc_mixer_sv_reference/weights/chr 

Beginning analysis at Wed Jun  3 14:47:53 2026
Reading summary statistics from /cluster/projects/nn9114k/datngu/database/alkes_group_data/sumstats_107/PANUKBB.Breast_Cancer_female.sumstats.gz ...
Read summary statistics for 1185336 SNPs.
Reading reference panel LD Score from /cluster/projects/nn9114k/datngu/projects/ofrei_ldsc/ldsc_mixer_sv_reference/ldscore/chr[1-22] ... (ldscore_fromlist)
Read reference panel LD Scores for 9299279 SNPs.
Removing partitioned LD Scores with zero variance.
Reading regression weight LD Score from /cluster/projects/nn9114k/datngu/projects/ofrei_ldsc/ldsc_mixer_sv_reference/weights/chr[1-22] ... (ldscore_fromlist)
Read regression weight LD Scores for 9299279 SNPs.
After merging with reference panel LD, 1169649 SNPs remain.
After merging with regression SNP LD, 1169649 SNPs remain.
Removed 14 SNPs with chi^2 > 219.17000000000002 (1169635 SNPs remain)
Total Observed scale h2: 0.0303 (0.0042)
Categories: outside_regionL2_0 within_regionL2_0
Observed scale h2: 0.0282 0.002
Observed scale h2 SE: 0.0038 0.0024
Proportion of SNPs: 0.9947 0.0053
Proportion of h2g: 0.9324 0.0676
Enrichment: 0.9374 12.8192
Coefficients: 4.6493e-09 6.3583e-08
Coefficient SE: 6.3084e-10 7.6077e-08
Lambda GC: 1.0895
Mean Chi^2: 1.1342
Intercept: 1.0362 (0.0084)
Ratio: 0.2698 (0.0625)
Analysis finished at Wed Jun  3 14:49:16 2026
Total time elapsed: 1.0m:23.230000000000004s
Finished: Wed Jun  3 14:49:17 CEST 2026
LDSC log: /cluster/projects/nn9114k/datngu/projects/ofrei_ldsc/results/sldsc_sumstats_107/PANUKBB.Breast_Cancer_female.sldsc_sv.log

Job 18226525 consumed 0.1 billing hours from project nn9114k.

Submitted 2026-06-03T14:47:31; waited 14.0 seconds in the queue after becoming eligible to run.

Requested wallclock time: 6.0 hours
Elapsed wallclock time:   1.5 minutes

Job exited normally.

Task and CPU statistics:
ID              CPUs  Tasks  CPU util                Start  Elapsed  Exit status
18226525           1            0.0 %  2026-06-03T14:47:45   92.0 s  0
18226525.batch     1      1    92.3 %  2026-06-03T14:47:45   92.0 s  0

Used CPU time:   1.4 CPU minutes
Unused CPU time: 7.1 CPU seconds

Memory statistics, in GiB:
ID               Alloc   Usage
18226525          16.0        
18226525.batch    16.0     3.5

Job 18226525 completed at Wed Jun 3 14:49:17 CEST 2026
