Starting job 18226556 on c2-4 on Saga at Wed Jun 3 14:49:45 CEST 2026

Started: Wed Jun  3 14:49:45 CEST 2026
Job: 18226556; task: 38
Host: c2-4
Trait: PASS.Depression.Howard2019
Sumstats: /cluster/projects/nn9114k/datngu/database/alkes_group_data/sumstats_107/PASS.Depression.Howard2019.sumstats.gz
*********************************************************************
* LD Score Regression (LDSC)
* Version 1.0.1
* (C) 2014-2019 Brendan Bulik-Sullivan and Hilary Finucane
* Broad Institute of MIT and Harvard / MIT Department of Mathematics
* GNU General Public License v3
*********************************************************************
Call: 
./ldsc.py \
--out /cluster/projects/nn9114k/datngu/projects/ofrei_ldsc/results/sldsc_sumstats_107/PASS.Depression.Howard2019.sldsc_sv \
--h2 /cluster/projects/nn9114k/datngu/database/alkes_group_data/sumstats_107/PASS.Depression.Howard2019.sumstats.gz \
--ref-ld-chr /cluster/projects/nn9114k/datngu/projects/ofrei_ldsc/ldsc_mixer_sv_reference/ldscore/chr \
--w-ld-chr /cluster/projects/nn9114k/datngu/projects/ofrei_ldsc/ldsc_mixer_sv_reference/weights/chr 

Beginning analysis at Wed Jun  3 14:49:53 2026
Reading summary statistics from /cluster/projects/nn9114k/datngu/database/alkes_group_data/sumstats_107/PASS.Depression.Howard2019.sumstats.gz ...
Read summary statistics for 1161779 SNPs.
Reading reference panel LD Score from /cluster/projects/nn9114k/datngu/projects/ofrei_ldsc/ldsc_mixer_sv_reference/ldscore/chr[1-22] ... (ldscore_fromlist)
Read reference panel LD Scores for 9299279 SNPs.
Removing partitioned LD Scores with zero variance.
Reading regression weight LD Score from /cluster/projects/nn9114k/datngu/projects/ofrei_ldsc/ldsc_mixer_sv_reference/weights/chr[1-22] ... (ldscore_fromlist)
Read regression weight LD Scores for 9299279 SNPs.
After merging with reference panel LD, 1148189 SNPs remain.
After merging with regression SNP LD, 1148189 SNPs remain.
Removed 0 SNPs with chi^2 > 500.199 (1148189 SNPs remain)
Total Observed scale h2: 0.065 (0.0028)
Categories: outside_regionL2_0 within_regionL2_0
Observed scale h2: 0.0646 0.0004
Observed scale h2 SE: 0.0032 0.0014
Proportion of SNPs: 0.9947 0.0053
Proportion of h2g: 0.9934 0.0066
Enrichment: 0.9987 1.2454
Coefficients: 1.0635e-08 1.3263e-08
Coefficient SE: 5.2796e-10 4.4299e-08
Lambda GC: 1.4551
Mean Chi^2: 1.5889
Intercept: 1.0997 (0.0104)
Ratio: 0.1694 (0.0176)
Analysis finished at Wed Jun  3 14:51:17 2026
Total time elapsed: 1.0m:23.549999999999997s
Finished: Wed Jun  3 14:51:17 CEST 2026
LDSC log: /cluster/projects/nn9114k/datngu/projects/ofrei_ldsc/results/sldsc_sumstats_107/PASS.Depression.Howard2019.sldsc_sv.log

Job 18226556 consumed 0.1 billing hours from project nn9114k.

Submitted 2026-06-03T14:47:31; waited 2.2 minutes in the queue after becoming eligible to run.

Requested wallclock time: 6.0 hours
Elapsed wallclock time:   1.5 minutes

Job exited normally.

Task and CPU statistics:
ID              CPUs  Tasks  CPU util                Start  Elapsed  Exit status
18226556           1            0.0 %  2026-06-03T14:49:45   92.0 s  0
18226556.batch     1      1    94.1 %  2026-06-03T14:49:45   92.0 s  0

Used CPU time:   1.4 CPU minutes
Unused CPU time: 5.4 CPU seconds

Memory statistics, in GiB:
ID               Alloc   Usage
18226556          16.0        
18226556.batch    16.0     3.6

Job 18226556 completed at Wed Jun 3 14:51:18 CEST 2026
