Starting job 18226601 on c3-26 on Saga at Wed Jun 3 14:53:45 CEST 2026

Started: Wed Jun  3 14:53:45 CEST 2026
Job: 18226601; task: 79
Host: c3-26
Trait: PASS.Type_1_Diabetes.Chiou2021
Sumstats: /cluster/projects/nn9114k/datngu/database/alkes_group_data/sumstats_107/PASS.Type_1_Diabetes.Chiou2021.sumstats.gz
*********************************************************************
* LD Score Regression (LDSC)
* Version 1.0.1
* (C) 2014-2019 Brendan Bulik-Sullivan and Hilary Finucane
* Broad Institute of MIT and Harvard / MIT Department of Mathematics
* GNU General Public License v3
*********************************************************************
Call: 
./ldsc.py \
--out /cluster/projects/nn9114k/datngu/projects/ofrei_ldsc/results/sldsc_sumstats_107/PASS.Type_1_Diabetes.Chiou2021.sldsc_sv \
--h2 /cluster/projects/nn9114k/datngu/database/alkes_group_data/sumstats_107/PASS.Type_1_Diabetes.Chiou2021.sumstats.gz \
--ref-ld-chr /cluster/projects/nn9114k/datngu/projects/ofrei_ldsc/ldsc_mixer_sv_reference/ldscore/chr \
--w-ld-chr /cluster/projects/nn9114k/datngu/projects/ofrei_ldsc/ldsc_mixer_sv_reference/weights/chr 

Beginning analysis at Wed Jun  3 14:53:53 2026
Reading summary statistics from /cluster/projects/nn9114k/datngu/database/alkes_group_data/sumstats_107/PASS.Type_1_Diabetes.Chiou2021.sumstats.gz ...
Read summary statistics for 1192414 SNPs.
Dropped 2722 SNPs with duplicated rs numbers.
Reading reference panel LD Score from /cluster/projects/nn9114k/datngu/projects/ofrei_ldsc/ldsc_mixer_sv_reference/ldscore/chr[1-22] ... (ldscore_fromlist)
Read reference panel LD Scores for 9299279 SNPs.
Removing partitioned LD Scores with zero variance.
Reading regression weight LD Score from /cluster/projects/nn9114k/datngu/projects/ofrei_ldsc/ldsc_mixer_sv_reference/weights/chr[1-22] ... (ldscore_fromlist)
Read regression weight LD Scores for 9299279 SNPs.
After merging with reference panel LD, 1170837 SNPs remain.
After merging with regression SNP LD, 1170837 SNPs remain.
Removed 10 SNPs with chi^2 > 520.58 (1170827 SNPs remain)
Total Observed scale h2: 0.0361 (0.0046)
Categories: outside_regionL2_0 within_regionL2_0
Observed scale h2: 0.0262 0.0099
Observed scale h2 SE: 0.0053 0.0052
Proportion of SNPs: 0.9947 0.0053
Proportion of h2g: 0.725 0.275
Enrichment: 0.7289 52.1512
Coefficients: 4.3122e-09 3.0853e-07
Coefficient SE: 8.7224e-10 1.6296e-07
Lambda GC: 1.2012
Mean Chi^2: 1.3774
Intercept: 1.1321 (0.0166)
Ratio: 0.35 (0.044)
Analysis finished at Wed Jun  3 14:55:08 2026
Total time elapsed: 1.0m:14.930000000000007s
Finished: Wed Jun  3 14:55:08 CEST 2026
LDSC log: /cluster/projects/nn9114k/datngu/projects/ofrei_ldsc/results/sldsc_sumstats_107/PASS.Type_1_Diabetes.Chiou2021.sldsc_sv.log

Job 18226601 consumed 0.1 billing hours from project nn9114k.

Submitted 2026-06-03T14:47:31; waited 6.2 minutes in the queue after becoming eligible to run.

Requested wallclock time: 6.0 hours
Elapsed wallclock time:   1.4 minutes

Job exited normally.

Task and CPU statistics:
ID              CPUs  Tasks  CPU util                Start  Elapsed  Exit status
18226601           1            0.0 %  2026-06-03T14:53:45   83.0 s  0
18226601.batch     1      1    93.2 %  2026-06-03T14:53:45   83.0 s  0

Used CPU time:   1.3 CPU minutes
Unused CPU time: 5.7 CPU seconds

Memory statistics, in GiB:
ID               Alloc   Usage
18226601          16.0        
18226601.batch    16.0     3.6

Job 18226601 completed at Wed Jun 3 14:55:08 CEST 2026
