Starting job 18226612 on c2-29 on Saga at Wed Jun 3 14:53:45 CEST 2026

Started: Wed Jun  3 14:53:45 CEST 2026
Job: 18226612; task: 89
Host: c2-29
Trait: UKB_460K.biochemistry_Phosphate
Sumstats: /cluster/projects/nn9114k/datngu/database/alkes_group_data/sumstats_107/UKB_460K.biochemistry_Phosphate.sumstats.gz
*********************************************************************
* LD Score Regression (LDSC)
* Version 1.0.1
* (C) 2014-2019 Brendan Bulik-Sullivan and Hilary Finucane
* Broad Institute of MIT and Harvard / MIT Department of Mathematics
* GNU General Public License v3
*********************************************************************
Call: 
./ldsc.py \
--out /cluster/projects/nn9114k/datngu/projects/ofrei_ldsc/results/sldsc_sumstats_107/UKB_460K.biochemistry_Phosphate.sldsc_sv \
--h2 /cluster/projects/nn9114k/datngu/database/alkes_group_data/sumstats_107/UKB_460K.biochemistry_Phosphate.sumstats.gz \
--ref-ld-chr /cluster/projects/nn9114k/datngu/projects/ofrei_ldsc/ldsc_mixer_sv_reference/ldscore/chr \
--w-ld-chr /cluster/projects/nn9114k/datngu/projects/ofrei_ldsc/ldsc_mixer_sv_reference/weights/chr 

Beginning analysis at Wed Jun  3 14:53:53 2026
Reading summary statistics from /cluster/projects/nn9114k/datngu/database/alkes_group_data/sumstats_107/UKB_460K.biochemistry_Phosphate.sumstats.gz ...
Read summary statistics for 1187344 SNPs.
Reading reference panel LD Score from /cluster/projects/nn9114k/datngu/projects/ofrei_ldsc/ldsc_mixer_sv_reference/ldscore/chr[1-22] ... (ldscore_fromlist)
Read reference panel LD Scores for 9299279 SNPs.
Removing partitioned LD Scores with zero variance.
Reading regression weight LD Score from /cluster/projects/nn9114k/datngu/projects/ofrei_ldsc/ldsc_mixer_sv_reference/weights/chr[1-22] ... (ldscore_fromlist)
Read regression weight LD Scores for 9299279 SNPs.
After merging with reference panel LD, 1171404 SNPs remain.
After merging with regression SNP LD, 1171404 SNPs remain.
Removed 71 SNPs with chi^2 > 397.56100000000004 (1171333 SNPs remain)
Total Observed scale h2: 0.1297 (0.0095)
Categories: outside_regionL2_0 within_regionL2_0
Observed scale h2: 0.1215 0.0082
Observed scale h2 SE: 0.0097 0.0076
Proportion of SNPs: 0.9947 0.0053
Proportion of h2g: 0.9366 0.0634
Enrichment: 0.9416 12.02
Coefficients: 2.0010e-08 2.5545e-07
Coefficient SE: 1.5943e-09 2.3592e-07
Lambda GC: 1.5017
Mean Chi^2: 1.9468
Intercept: 1.2342 (0.0236)
Ratio: 0.2474 (0.025)
Analysis finished at Wed Jun  3 14:55:09 2026
Total time elapsed: 1.0m:16.75s
Finished: Wed Jun  3 14:55:10 CEST 2026
LDSC log: /cluster/projects/nn9114k/datngu/projects/ofrei_ldsc/results/sldsc_sumstats_107/UKB_460K.biochemistry_Phosphate.sldsc_sv.log

Job 18226612 consumed 0.1 billing hours from project nn9114k.

Submitted 2026-06-03T14:47:31; waited 6.2 minutes in the queue after becoming eligible to run.

Requested wallclock time: 6.0 hours
Elapsed wallclock time:   1.4 minutes

Job exited normally.

Task and CPU statistics:
ID              CPUs  Tasks  CPU util                Start  Elapsed  Exit status
18226612           1            0.0 %  2026-06-03T14:53:45   85.0 s  0
18226612.batch     1      1    93.1 %  2026-06-03T14:53:45   85.0 s  0

Used CPU time:   1.3 CPU minutes
Unused CPU time: 5.9 CPU seconds

Memory statistics, in GiB:
ID               Alloc   Usage
18226612          16.0        
18226612.batch    16.0     3.5

Job 18226612 completed at Wed Jun 3 14:55:10 CEST 2026
