Starting job 18226540 on c3-25 on Saga at Wed Jun 3 14:49:14 CEST 2026

Started: Wed Jun  3 14:49:14 CEST 2026
Job: 18226540; task: 22
Host: c3-25
Trait: PASS.Autism.PGC2013
Sumstats: /cluster/projects/nn9114k/datngu/database/alkes_group_data/sumstats_107/PASS.Autism.PGC2013.sumstats.gz
*********************************************************************
* LD Score Regression (LDSC)
* Version 1.0.1
* (C) 2014-2019 Brendan Bulik-Sullivan and Hilary Finucane
* Broad Institute of MIT and Harvard / MIT Department of Mathematics
* GNU General Public License v3
*********************************************************************
Call: 
./ldsc.py \
--out /cluster/projects/nn9114k/datngu/projects/ofrei_ldsc/results/sldsc_sumstats_107/PASS.Autism.PGC2013.sldsc_sv \
--h2 /cluster/projects/nn9114k/datngu/database/alkes_group_data/sumstats_107/PASS.Autism.PGC2013.sumstats.gz \
--ref-ld-chr /cluster/projects/nn9114k/datngu/projects/ofrei_ldsc/ldsc_mixer_sv_reference/ldscore/chr \
--w-ld-chr /cluster/projects/nn9114k/datngu/projects/ofrei_ldsc/ldsc_mixer_sv_reference/weights/chr 

Beginning analysis at Wed Jun  3 14:49:22 2026
Reading summary statistics from /cluster/projects/nn9114k/datngu/database/alkes_group_data/sumstats_107/PASS.Autism.PGC2013.sumstats.gz ...
Read summary statistics for 1173302 SNPs.
Reading reference panel LD Score from /cluster/projects/nn9114k/datngu/projects/ofrei_ldsc/ldsc_mixer_sv_reference/ldscore/chr[1-22] ... (ldscore_fromlist)
Read reference panel LD Scores for 9299279 SNPs.
Removing partitioned LD Scores with zero variance.
Reading regression weight LD Score from /cluster/projects/nn9114k/datngu/projects/ofrei_ldsc/ldsc_mixer_sv_reference/weights/chr[1-22] ... (ldscore_fromlist)
Read regression weight LD Scores for 9299279 SNPs.
After merging with reference panel LD, 1164981 SNPs remain.
After merging with regression SNP LD, 1164981 SNPs remain.
Removed 0 SNPs with chi^2 > 80 (1164981 SNPs remain)
Total Observed scale h2: 0.3573 (0.0581)
Categories: outside_regionL2_0 within_regionL2_0
Observed scale h2: 0.3856 -0.0283
Observed scale h2 SE: 0.0598 0.0333
Proportion of SNPs: 0.9947 0.0053
Proportion of h2g: 1.0792 -0.0792
Enrichment: 1.0849 -15.0219
Coefficients: 6.3536e-08 -8.7972e-07
Coefficient SE: 9.8456e-09 1.0360e-06
Lambda GC: 1.0466
Mean Chi^2: 1.0558
Intercept: 0.9945 (0.0065)
Ratio < 0 (usually indicates GC correction).
Analysis finished at Wed Jun  3 14:50:36 2026
Total time elapsed: 1.0m:14.269999999999996s
Finished: Wed Jun  3 14:50:36 CEST 2026
LDSC log: /cluster/projects/nn9114k/datngu/projects/ofrei_ldsc/results/sldsc_sumstats_107/PASS.Autism.PGC2013.sldsc_sv.log

Job 18226540 consumed 0.1 billing hours from project nn9114k.

Submitted 2026-06-03T14:47:31; waited 1.7 minutes in the queue after becoming eligible to run.

Requested wallclock time: 6.0 hours
Elapsed wallclock time:   1.4 minutes

Job exited normally.

Task and CPU statistics:
ID              CPUs  Tasks  CPU util                Start  Elapsed  Exit status
18226540           1            0.0 %  2026-06-03T14:49:14   82.0 s  0
18226540.batch     1      1    93.4 %  2026-06-03T14:49:14   82.0 s  0

Used CPU time:   1.3 CPU minutes
Unused CPU time: 5.4 CPU seconds

Memory statistics, in GiB:
ID               Alloc   Usage
18226540          16.0        
18226540.batch    16.0     3.6

Job 18226540 completed at Wed Jun 3 14:50:36 CEST 2026
