Starting job 18226552 on c2-33 on Saga at Wed Jun 3 14:49:45 CEST 2026

Started: Wed Jun  3 14:49:45 CEST 2026
Job: 18226552; task: 34
Host: c2-33
Trait: PASS.Coronary_Artery_Disease.Aragam2022
Sumstats: /cluster/projects/nn9114k/datngu/database/alkes_group_data/sumstats_107/PASS.Coronary_Artery_Disease.Aragam2022.sumstats.gz
*********************************************************************
* LD Score Regression (LDSC)
* Version 1.0.1
* (C) 2014-2019 Brendan Bulik-Sullivan and Hilary Finucane
* Broad Institute of MIT and Harvard / MIT Department of Mathematics
* GNU General Public License v3
*********************************************************************
Call: 
./ldsc.py \
--out /cluster/projects/nn9114k/datngu/projects/ofrei_ldsc/results/sldsc_sumstats_107/PASS.Coronary_Artery_Disease.Aragam2022.sldsc_sv \
--h2 /cluster/projects/nn9114k/datngu/database/alkes_group_data/sumstats_107/PASS.Coronary_Artery_Disease.Aragam2022.sumstats.gz \
--ref-ld-chr /cluster/projects/nn9114k/datngu/projects/ofrei_ldsc/ldsc_mixer_sv_reference/ldscore/chr \
--w-ld-chr /cluster/projects/nn9114k/datngu/projects/ofrei_ldsc/ldsc_mixer_sv_reference/weights/chr 

Beginning analysis at Wed Jun  3 14:49:53 2026
Reading summary statistics from /cluster/projects/nn9114k/datngu/database/alkes_group_data/sumstats_107/PASS.Coronary_Artery_Disease.Aragam2022.sumstats.gz ...
Read summary statistics for 1190287 SNPs.
Reading reference panel LD Score from /cluster/projects/nn9114k/datngu/projects/ofrei_ldsc/ldsc_mixer_sv_reference/ldscore/chr[1-22] ... (ldscore_fromlist)
Read reference panel LD Scores for 9299279 SNPs.
Removing partitioned LD Scores with zero variance.
Reading regression weight LD Score from /cluster/projects/nn9114k/datngu/projects/ofrei_ldsc/ldsc_mixer_sv_reference/weights/chr[1-22] ... (ldscore_fromlist)
Read regression weight LD Scores for 9299279 SNPs.
After merging with reference panel LD, 1171411 SNPs remain.
After merging with regression SNP LD, 1171411 SNPs remain.
Removed 0 SNPs with chi^2 > 1347.242 (1171411 SNPs remain)
Total Observed scale h2: 0.0333 (0.0025)
Categories: outside_regionL2_0 within_regionL2_0
Observed scale h2: 0.0314 0.0019
Observed scale h2 SE: 0.0023 0.0012
Proportion of SNPs: 0.9947 0.0053
Proportion of h2g: 0.9421 0.0579
Enrichment: 0.9471 10.9775
Coefficients: 5.1757e-09 5.9989e-08
Coefficient SE: 3.7970e-10 3.6429e-08
Lambda GC: 1.4118
Mean Chi^2: 1.7529
Intercept: 1.1275 (0.0168)
Ratio: 0.1693 (0.0223)
Analysis finished at Wed Jun  3 14:51:14 2026
Total time elapsed: 1.0m:20.83s
Finished: Wed Jun  3 14:51:14 CEST 2026
LDSC log: /cluster/projects/nn9114k/datngu/projects/ofrei_ldsc/results/sldsc_sumstats_107/PASS.Coronary_Artery_Disease.Aragam2022.sldsc_sv.log

Job 18226552 consumed 0.1 billing hours from project nn9114k.

Submitted 2026-06-03T14:47:31; waited 2.2 minutes in the queue after becoming eligible to run.

Requested wallclock time: 6.0 hours
Elapsed wallclock time:   1.5 minutes

Job exited normally.

Task and CPU statistics:
ID              CPUs  Tasks  CPU util                Start  Elapsed  Exit status
18226552           1            0.0 %  2026-06-03T14:49:45   89.0 s  0
18226552.batch     1      1    93.7 %  2026-06-03T14:49:45   89.0 s  0

Used CPU time:   1.4 CPU minutes
Unused CPU time: 5.6 CPU seconds

Memory statistics, in GiB:
ID               Alloc   Usage
18226552          16.0        
18226552.batch    16.0     3.6

Job 18226552 completed at Wed Jun 3 14:51:14 CEST 2026
