Starting job 18226592 on c2-29 on Saga at Wed Jun 3 14:52:14 CEST 2026

Started: Wed Jun  3 14:52:14 CEST 2026
Job: 18226592; task: 73
Host: c2-29
Trait: PASS.Snoring.Campos2020
Sumstats: /cluster/projects/nn9114k/datngu/database/alkes_group_data/sumstats_107/PASS.Snoring.Campos2020.sumstats.gz
*********************************************************************
* LD Score Regression (LDSC)
* Version 1.0.1
* (C) 2014-2019 Brendan Bulik-Sullivan and Hilary Finucane
* Broad Institute of MIT and Harvard / MIT Department of Mathematics
* GNU General Public License v3
*********************************************************************
Call: 
./ldsc.py \
--out /cluster/projects/nn9114k/datngu/projects/ofrei_ldsc/results/sldsc_sumstats_107/PASS.Snoring.Campos2020.sldsc_sv \
--h2 /cluster/projects/nn9114k/datngu/database/alkes_group_data/sumstats_107/PASS.Snoring.Campos2020.sumstats.gz \
--ref-ld-chr /cluster/projects/nn9114k/datngu/projects/ofrei_ldsc/ldsc_mixer_sv_reference/ldscore/chr \
--w-ld-chr /cluster/projects/nn9114k/datngu/projects/ofrei_ldsc/ldsc_mixer_sv_reference/weights/chr 

Beginning analysis at Wed Jun  3 14:52:28 2026
Reading summary statistics from /cluster/projects/nn9114k/datngu/database/alkes_group_data/sumstats_107/PASS.Snoring.Campos2020.sumstats.gz ...
Read summary statistics for 1181863 SNPs.
Reading reference panel LD Score from /cluster/projects/nn9114k/datngu/projects/ofrei_ldsc/ldsc_mixer_sv_reference/ldscore/chr[1-22] ... (ldscore_fromlist)
Read reference panel LD Scores for 9299279 SNPs.
Removing partitioned LD Scores with zero variance.
Reading regression weight LD Score from /cluster/projects/nn9114k/datngu/projects/ofrei_ldsc/ldsc_mixer_sv_reference/weights/chr[1-22] ... (ldscore_fromlist)
Read regression weight LD Scores for 9299279 SNPs.
After merging with reference panel LD, 1167722 SNPs remain.
After merging with regression SNP LD, 1167722 SNPs remain.
Removed 0 SNPs with chi^2 > 408.317 (1167722 SNPs remain)
Total Observed scale h2: 0.0659 (0.0028)
Categories: outside_regionL2_0 within_regionL2_0
Observed scale h2: 0.0636 0.0023
Observed scale h2 SE: 0.0029 0.0016
Proportion of SNPs: 0.9947 0.0053
Proportion of h2g: 0.9651 0.0349
Enrichment: 0.9703 6.6103
Coefficients: 1.0475e-08 7.1365e-08
Coefficient SE: 4.7974e-10 4.9723e-08
Lambda GC: 1.4064
Mean Chi^2: 1.506
Intercept: 1.1158 (0.0097)
Ratio: 0.229 (0.0191)
Analysis finished at Wed Jun  3 14:53:45 2026
Total time elapsed: 1.0m:16.689999999999998s
Finished: Wed Jun  3 14:53:45 CEST 2026
LDSC log: /cluster/projects/nn9114k/datngu/projects/ofrei_ldsc/results/sldsc_sumstats_107/PASS.Snoring.Campos2020.sldsc_sv.log

Job 18226592 consumed 0.1 billing hours from project nn9114k.

Submitted 2026-06-03T14:47:31; waited 4.7 minutes in the queue after becoming eligible to run.

Requested wallclock time: 6.0 hours
Elapsed wallclock time:   1.5 minutes

Job exited normally.

Task and CPU statistics:
ID              CPUs  Tasks  CPU util                Start  Elapsed  Exit status
18226592           1            0.0 %  2026-06-03T14:52:14   91.0 s  0
18226592.batch     1      1    87.2 %  2026-06-03T14:52:14   91.0 s  0

Used CPU time:   1.3 CPU minutes
Unused CPU time: 11.7 CPU seconds

Memory statistics, in GiB:
ID               Alloc   Usage
18226592          16.0        
18226592.batch    16.0     3.6

Job 18226592 completed at Wed Jun 3 14:53:46 CEST 2026
