Starting job 18226623 on c2-56 on Saga at Wed Jun 3 14:55:14 CEST 2026

Started: Wed Jun  3 14:55:14 CEST 2026
Job: 18226623; task: 100
Host: c2-56
Trait: UKB_460K.bp_DIASTOLICadjMEDz
Sumstats: /cluster/projects/nn9114k/datngu/database/alkes_group_data/sumstats_107/UKB_460K.bp_DIASTOLICadjMEDz.sumstats.gz
*********************************************************************
* LD Score Regression (LDSC)
* Version 1.0.1
* (C) 2014-2019 Brendan Bulik-Sullivan and Hilary Finucane
* Broad Institute of MIT and Harvard / MIT Department of Mathematics
* GNU General Public License v3
*********************************************************************
Call: 
./ldsc.py \
--out /cluster/projects/nn9114k/datngu/projects/ofrei_ldsc/results/sldsc_sumstats_107/UKB_460K.bp_DIASTOLICadjMEDz.sldsc_sv \
--h2 /cluster/projects/nn9114k/datngu/database/alkes_group_data/sumstats_107/UKB_460K.bp_DIASTOLICadjMEDz.sumstats.gz \
--ref-ld-chr /cluster/projects/nn9114k/datngu/projects/ofrei_ldsc/ldsc_mixer_sv_reference/ldscore/chr \
--w-ld-chr /cluster/projects/nn9114k/datngu/projects/ofrei_ldsc/ldsc_mixer_sv_reference/weights/chr 

Beginning analysis at Wed Jun  3 14:55:22 2026
Reading summary statistics from /cluster/projects/nn9114k/datngu/database/alkes_group_data/sumstats_107/UKB_460K.bp_DIASTOLICadjMEDz.sumstats.gz ...
Read summary statistics for 1187056 SNPs.
Reading reference panel LD Score from /cluster/projects/nn9114k/datngu/projects/ofrei_ldsc/ldsc_mixer_sv_reference/ldscore/chr[1-22] ... (ldscore_fromlist)
Read reference panel LD Scores for 9299279 SNPs.
Removing partitioned LD Scores with zero variance.
Reading regression weight LD Score from /cluster/projects/nn9114k/datngu/projects/ofrei_ldsc/ldsc_mixer_sv_reference/weights/chr[1-22] ... (ldscore_fromlist)
Read regression weight LD Scores for 9299279 SNPs.
After merging with reference panel LD, 1171188 SNPs remain.
After merging with regression SNP LD, 1171188 SNPs remain.
Removed 6 SNPs with chi^2 > 422.771 (1171182 SNPs remain)
Total Observed scale h2: 0.2553 (0.0115)
Categories: outside_regionL2_0 within_regionL2_0
Observed scale h2: 0.2373 0.0181
Observed scale h2 SE: 0.0112 0.0065
Proportion of SNPs: 0.9947 0.0053
Proportion of h2g: 0.9292 0.0708
Enrichment: 0.9342 13.4219
Coefficients: 3.9092e-08 5.6167e-07
Coefficient SE: 1.8463e-09 2.0218e-07
Lambda GC: 2.0518
Mean Chi^2: 2.8631
Intercept: 1.4187 (0.0238)
Ratio: 0.2247 (0.0128)
Analysis finished at Wed Jun  3 14:56:39 2026
Total time elapsed: 1.0m:17.480000000000004s
Finished: Wed Jun  3 14:56:40 CEST 2026
LDSC log: /cluster/projects/nn9114k/datngu/projects/ofrei_ldsc/results/sldsc_sumstats_107/UKB_460K.bp_DIASTOLICadjMEDz.sldsc_sv.log

Job 18226623 consumed 0.1 billing hours from project nn9114k.

Submitted 2026-06-03T14:47:31; waited 7.7 minutes in the queue after becoming eligible to run.

Requested wallclock time: 6.0 hours
Elapsed wallclock time:   1.4 minutes

Job exited normally.

Task and CPU statistics:
ID              CPUs  Tasks  CPU util                Start  Elapsed  Exit status
18226623           1            0.0 %  2026-06-03T14:55:14   86.0 s  0
18226623.batch     1      1    92.9 %  2026-06-03T14:55:14   86.0 s  0

Used CPU time:   1.3 CPU minutes
Unused CPU time: 6.1 CPU seconds

Memory statistics, in GiB:
ID               Alloc   Usage
18226623          16.0        
18226623.batch    16.0     3.6

Job 18226623 completed at Wed Jun 3 14:56:40 CEST 2026
