Starting job 18226575 on c2-33 on Saga at Wed Jun 3 14:51:15 CEST 2026

Started: Wed Jun  3 14:51:15 CEST 2026
Job: 18226575; task: 56
Host: c2-33
Trait: PASS.Intelligence.SavageJansen2018
Sumstats: /cluster/projects/nn9114k/datngu/database/alkes_group_data/sumstats_107/PASS.Intelligence.SavageJansen2018.sumstats.gz
*********************************************************************
* LD Score Regression (LDSC)
* Version 1.0.1
* (C) 2014-2019 Brendan Bulik-Sullivan and Hilary Finucane
* Broad Institute of MIT and Harvard / MIT Department of Mathematics
* GNU General Public License v3
*********************************************************************
Call: 
./ldsc.py \
--out /cluster/projects/nn9114k/datngu/projects/ofrei_ldsc/results/sldsc_sumstats_107/PASS.Intelligence.SavageJansen2018.sldsc_sv \
--h2 /cluster/projects/nn9114k/datngu/database/alkes_group_data/sumstats_107/PASS.Intelligence.SavageJansen2018.sumstats.gz \
--ref-ld-chr /cluster/projects/nn9114k/datngu/projects/ofrei_ldsc/ldsc_mixer_sv_reference/ldscore/chr \
--w-ld-chr /cluster/projects/nn9114k/datngu/projects/ofrei_ldsc/ldsc_mixer_sv_reference/weights/chr 

Beginning analysis at Wed Jun  3 14:51:24 2026
Reading summary statistics from /cluster/projects/nn9114k/datngu/database/alkes_group_data/sumstats_107/PASS.Intelligence.SavageJansen2018.sumstats.gz ...
Read summary statistics for 1134136 SNPs.
Reading reference panel LD Score from /cluster/projects/nn9114k/datngu/projects/ofrei_ldsc/ldsc_mixer_sv_reference/ldscore/chr[1-22] ... (ldscore_fromlist)
Read reference panel LD Scores for 9299279 SNPs.
Removing partitioned LD Scores with zero variance.
Reading regression weight LD Score from /cluster/projects/nn9114k/datngu/projects/ofrei_ldsc/ldsc_mixer_sv_reference/weights/chr[1-22] ... (ldscore_fromlist)
Read regression weight LD Scores for 9299279 SNPs.
After merging with reference panel LD, 1122886 SNPs remain.
After merging with regression SNP LD, 1122886 SNPs remain.
Removed 0 SNPs with chi^2 > 269.867 (1122886 SNPs remain)
Total Observed scale h2: 0.2157 (0.0085)
Categories: outside_regionL2_0 within_regionL2_0
Observed scale h2: 0.22   -0.0043
Observed scale h2 SE: 0.0088 0.0042
Proportion of SNPs: 0.9947 0.0053
Proportion of h2g: 1.0201 -0.0201
Enrichment: 1.0255 -3.8121
Coefficients: 3.6254e-08 -1.3477e-07
Coefficient SE: 1.4508e-09 1.2903e-07
Lambda GC: 1.753
Mean Chi^2: 2.0745
Intercept: 1.2067 (0.0132)
Ratio: 0.1924 (0.0123)
Analysis finished at Wed Jun  3 14:52:44 2026
Total time elapsed: 1.0m:20.400000000000006s
Finished: Wed Jun  3 14:52:44 CEST 2026
LDSC log: /cluster/projects/nn9114k/datngu/projects/ofrei_ldsc/results/sldsc_sumstats_107/PASS.Intelligence.SavageJansen2018.sldsc_sv.log

Job 18226575 consumed 0.1 billing hours from project nn9114k.

Submitted 2026-06-03T14:47:31; waited 3.7 minutes in the queue after becoming eligible to run.

Requested wallclock time: 6.0 hours
Elapsed wallclock time:   1.5 minutes

Job exited normally.

Task and CPU statistics:
ID              CPUs  Tasks  CPU util                Start  Elapsed  Exit status
18226575           1            0.0 %  2026-06-03T14:51:15   89.0 s  0
18226575.batch     1      1    93.1 %  2026-06-03T14:51:15   89.0 s  0

Used CPU time:   1.4 CPU minutes
Unused CPU time: 6.1 CPU seconds

Memory statistics, in GiB:
ID               Alloc   Usage
18226575          16.0        
18226575.batch    16.0     3.6

Job 18226575 completed at Wed Jun 3 14:52:45 CEST 2026
