Starting job 18226618 on c2-55 on Saga at Wed Jun 3 14:54:45 CEST 2026

Started: Wed Jun  3 14:54:45 CEST 2026
Job: 18226618; task: 95
Host: c2-55
Trait: UKB_460K.blood_RED_COUNT
Sumstats: /cluster/projects/nn9114k/datngu/database/alkes_group_data/sumstats_107/UKB_460K.blood_RED_COUNT.sumstats.gz
*********************************************************************
* LD Score Regression (LDSC)
* Version 1.0.1
* (C) 2014-2019 Brendan Bulik-Sullivan and Hilary Finucane
* Broad Institute of MIT and Harvard / MIT Department of Mathematics
* GNU General Public License v3
*********************************************************************
Call: 
./ldsc.py \
--out /cluster/projects/nn9114k/datngu/projects/ofrei_ldsc/results/sldsc_sumstats_107/UKB_460K.blood_RED_COUNT.sldsc_sv \
--h2 /cluster/projects/nn9114k/datngu/database/alkes_group_data/sumstats_107/UKB_460K.blood_RED_COUNT.sumstats.gz \
--ref-ld-chr /cluster/projects/nn9114k/datngu/projects/ofrei_ldsc/ldsc_mixer_sv_reference/ldscore/chr \
--w-ld-chr /cluster/projects/nn9114k/datngu/projects/ofrei_ldsc/ldsc_mixer_sv_reference/weights/chr 

Beginning analysis at Wed Jun  3 14:54:55 2026
Reading summary statistics from /cluster/projects/nn9114k/datngu/database/alkes_group_data/sumstats_107/UKB_460K.blood_RED_COUNT.sumstats.gz ...
Read summary statistics for 1187056 SNPs.
Reading reference panel LD Score from /cluster/projects/nn9114k/datngu/projects/ofrei_ldsc/ldsc_mixer_sv_reference/ldscore/chr[1-22] ... (ldscore_fromlist)
Read reference panel LD Scores for 9299279 SNPs.
Removing partitioned LD Scores with zero variance.
Reading regression weight LD Score from /cluster/projects/nn9114k/datngu/projects/ofrei_ldsc/ldsc_mixer_sv_reference/weights/chr[1-22] ... (ldscore_fromlist)
Read regression weight LD Scores for 9299279 SNPs.
After merging with reference panel LD, 1171188 SNPs remain.
After merging with regression SNP LD, 1171188 SNPs remain.
Removed 286 SNPs with chi^2 > 445.17400000000004 (1170902 SNPs remain)
Total Observed scale h2: 0.2841 (0.0159)
Categories: outside_regionL2_0 within_regionL2_0
Observed scale h2: 0.2654 0.0188
Observed scale h2 SE: 0.0169 0.0108
Proportion of SNPs: 0.9947 0.0053
Proportion of h2g: 0.934 0.066
Enrichment: 0.939 12.518
Coefficients: 4.3724e-08 5.8293e-07
Coefficient SE: 2.7828e-09 3.3459e-07
Lambda GC: 1.942
Mean Chi^2: 3.252
Intercept: 1.5441 (0.0544)
Ratio: 0.2416 (0.0241)
Analysis finished at Wed Jun  3 14:56:21 2026
Total time elapsed: 1.0m:25.53s
Finished: Wed Jun  3 14:56:21 CEST 2026
LDSC log: /cluster/projects/nn9114k/datngu/projects/ofrei_ldsc/results/sldsc_sumstats_107/UKB_460K.blood_RED_COUNT.sldsc_sv.log

Job 18226618 consumed 0.1 billing hours from project nn9114k.

Submitted 2026-06-03T14:47:31; waited 7.2 minutes in the queue after becoming eligible to run.

Requested wallclock time: 6.0 hours
Elapsed wallclock time:   1.6 minutes

Job exited normally.

Task and CPU statistics:
ID              CPUs  Tasks  CPU util                Start  Elapsed  Exit status
18226618           1            0.0 %  2026-06-03T14:54:45   96.0 s  0
18226618.batch     1      1    92.3 %  2026-06-03T14:54:45   96.0 s  0

Used CPU time:   1.5 CPU minutes
Unused CPU time: 7.4 CPU seconds

Memory statistics, in GiB:
ID               Alloc   Usage
18226618          16.0        
18226618.batch    16.0     3.5

Job 18226618 completed at Wed Jun 3 14:56:21 CEST 2026
