Starting job 18226569 on c2-29 on Saga at Wed Jun 3 14:50:45 CEST 2026

Started: Wed Jun  3 14:50:45 CEST 2026
Job: 18226569; task: 51
Host: c2-29
Trait: PASS.HDL.Teslovich2010
Sumstats: /cluster/projects/nn9114k/datngu/database/alkes_group_data/sumstats_107/PASS.HDL.Teslovich2010.sumstats.gz
*********************************************************************
* LD Score Regression (LDSC)
* Version 1.0.1
* (C) 2014-2019 Brendan Bulik-Sullivan and Hilary Finucane
* Broad Institute of MIT and Harvard / MIT Department of Mathematics
* GNU General Public License v3
*********************************************************************
Call: 
./ldsc.py \
--out /cluster/projects/nn9114k/datngu/projects/ofrei_ldsc/results/sldsc_sumstats_107/PASS.HDL.Teslovich2010.sldsc_sv \
--h2 /cluster/projects/nn9114k/datngu/database/alkes_group_data/sumstats_107/PASS.HDL.Teslovich2010.sumstats.gz \
--ref-ld-chr /cluster/projects/nn9114k/datngu/projects/ofrei_ldsc/ldsc_mixer_sv_reference/ldscore/chr \
--w-ld-chr /cluster/projects/nn9114k/datngu/projects/ofrei_ldsc/ldsc_mixer_sv_reference/weights/chr 

Beginning analysis at Wed Jun  3 14:50:53 2026
Reading summary statistics from /cluster/projects/nn9114k/datngu/database/alkes_group_data/sumstats_107/PASS.HDL.Teslovich2010.sumstats.gz ...
Read summary statistics for 1019108 SNPs.
Reading reference panel LD Score from /cluster/projects/nn9114k/datngu/projects/ofrei_ldsc/ldsc_mixer_sv_reference/ldscore/chr[1-22] ... (ldscore_fromlist)
Read reference panel LD Scores for 9299279 SNPs.
Removing partitioned LD Scores with zero variance.
Reading regression weight LD Score from /cluster/projects/nn9114k/datngu/projects/ofrei_ldsc/ldsc_mixer_sv_reference/weights/chr[1-22] ... (ldscore_fromlist)
Read regression weight LD Scores for 9299279 SNPs.
After merging with reference panel LD, 1014817 SNPs remain.
After merging with regression SNP LD, 1014817 SNPs remain.
Removed 186 SNPs with chi^2 > 99.9 (1014631 SNPs remain)
Total Observed scale h2: 0.1066 (0.0112)
Categories: outside_regionL2_0 within_regionL2_0
Observed scale h2: 0.0997 0.0069
Observed scale h2 SE: 0.0105 0.0068
Proportion of SNPs: 0.9947 0.0053
Proportion of h2g: 0.9355 0.0645
Enrichment: 0.9405 12.2333
Coefficients: 1.6423e-08 2.1363e-07
Coefficient SE: 1.7373e-09 2.1237e-07
Lambda GC: 1.017
Mean Chi^2: 1.1101
Intercept: 0.9454 (0.0139)
Ratio < 0 (usually indicates GC correction).
Analysis finished at Wed Jun  3 14:52:08 2026
Total time elapsed: 1.0m:15.439999999999998s
Finished: Wed Jun  3 14:52:08 CEST 2026
LDSC log: /cluster/projects/nn9114k/datngu/projects/ofrei_ldsc/results/sldsc_sumstats_107/PASS.HDL.Teslovich2010.sldsc_sv.log

Job 18226569 consumed 0.1 billing hours from project nn9114k.

Submitted 2026-06-03T14:47:31; waited 3.2 minutes in the queue after becoming eligible to run.

Requested wallclock time: 6.0 hours
Elapsed wallclock time:   1.4 minutes

Job exited normally.

Task and CPU statistics:
ID              CPUs  Tasks  CPU util                Start  Elapsed  Exit status
18226569           1            0.0 %  2026-06-03T14:50:45   83.0 s  0
18226569.batch     1      1    94.9 %  2026-06-03T14:50:45   83.0 s  0

Used CPU time:   1.3 CPU minutes
Unused CPU time: 4.2 CPU seconds

Memory statistics, in GiB:
ID               Alloc   Usage
18226569          16.0        
18226569.batch    16.0     3.6

Job 18226569 completed at Wed Jun 3 14:52:09 CEST 2026
