Starting job 18226627 on c5-60 on Saga at Wed Jun 3 14:55:45 CEST 2026

Started: Wed Jun  3 14:55:45 CEST 2026
Job: 18226627; task: 104
Host: c5-60
Trait: UKB_460K.pigment_SUNBURN
Sumstats: /cluster/projects/nn9114k/datngu/database/alkes_group_data/sumstats_107/UKB_460K.pigment_SUNBURN.sumstats.gz
*********************************************************************
* LD Score Regression (LDSC)
* Version 1.0.1
* (C) 2014-2019 Brendan Bulik-Sullivan and Hilary Finucane
* Broad Institute of MIT and Harvard / MIT Department of Mathematics
* GNU General Public License v3
*********************************************************************
Call: 
./ldsc.py \
--out /cluster/projects/nn9114k/datngu/projects/ofrei_ldsc/results/sldsc_sumstats_107/UKB_460K.pigment_SUNBURN.sldsc_sv \
--h2 /cluster/projects/nn9114k/datngu/database/alkes_group_data/sumstats_107/UKB_460K.pigment_SUNBURN.sumstats.gz \
--ref-ld-chr /cluster/projects/nn9114k/datngu/projects/ofrei_ldsc/ldsc_mixer_sv_reference/ldscore/chr \
--w-ld-chr /cluster/projects/nn9114k/datngu/projects/ofrei_ldsc/ldsc_mixer_sv_reference/weights/chr 

Beginning analysis at Wed Jun  3 14:55:55 2026
Reading summary statistics from /cluster/projects/nn9114k/datngu/database/alkes_group_data/sumstats_107/UKB_460K.pigment_SUNBURN.sumstats.gz ...
Read summary statistics for 1187056 SNPs.
Reading reference panel LD Score from /cluster/projects/nn9114k/datngu/projects/ofrei_ldsc/ldsc_mixer_sv_reference/ldscore/chr[1-22] ... (ldscore_fromlist)
Read reference panel LD Scores for 9299279 SNPs.
Removing partitioned LD Scores with zero variance.
Reading regression weight LD Score from /cluster/projects/nn9114k/datngu/projects/ofrei_ldsc/ldsc_mixer_sv_reference/weights/chr[1-22] ... (ldscore_fromlist)
Read regression weight LD Scores for 9299279 SNPs.
After merging with reference panel LD, 1171188 SNPs remain.
After merging with regression SNP LD, 1171188 SNPs remain.
Removed 247 SNPs with chi^2 > 344.229 (1170941 SNPs remain)
Total Observed scale h2: 0.0777 (0.0087)
Categories: outside_regionL2_0 within_regionL2_0
Observed scale h2: 0.0696 0.0082
Observed scale h2 SE: 0.0089 0.0064
Proportion of SNPs: 0.9947 0.0053
Proportion of h2g: 0.8951 0.1049
Enrichment: 0.8998 19.8956
Coefficients: 1.1461e-08 2.5341e-07
Coefficient SE: 1.4723e-09 1.9989e-07
Lambda GC: 1.3491
Mean Chi^2: 1.5702
Intercept: 1.1773 (0.0404)
Ratio: 0.311 (0.0708)
Analysis finished at Wed Jun  3 14:57:14 2026
Total time elapsed: 1.0m:19.239999999999995s
Finished: Wed Jun  3 14:57:14 CEST 2026
LDSC log: /cluster/projects/nn9114k/datngu/projects/ofrei_ldsc/results/sldsc_sumstats_107/UKB_460K.pigment_SUNBURN.sldsc_sv.log

Job 18226627 consumed 0.1 billing hours from project nn9114k.

Submitted 2026-06-03T14:47:31; waited 8.2 minutes in the queue after becoming eligible to run.

Requested wallclock time: 6.0 hours
Elapsed wallclock time:   1.5 minutes

Job exited normally.

Task and CPU statistics:
ID              CPUs  Tasks  CPU util                Start  Elapsed  Exit status
18226627           1            0.0 %  2026-06-03T14:55:45   89.0 s  0
18226627.batch     1      1    92.1 %  2026-06-03T14:55:45   89.0 s  0

Used CPU time:   1.4 CPU minutes
Unused CPU time: 7.0 CPU seconds

Memory statistics, in GiB:
ID               Alloc   Usage
18226627          16.0        
18226627.batch    16.0     3.6

Job 18226627 completed at Wed Jun 3 14:57:14 CEST 2026
