Starting job 18226602 on c3-25 on Saga at Wed Jun 3 14:53:45 CEST 2026

Started: Wed Jun  3 14:53:45 CEST 2026
Job: 18226602; task: 80
Host: c3-25
Trait: PASS.Type_2_Diabetes.Xue2018
Sumstats: /cluster/projects/nn9114k/datngu/database/alkes_group_data/sumstats_107/PASS.Type_2_Diabetes.Xue2018.sumstats.gz
*********************************************************************
* LD Score Regression (LDSC)
* Version 1.0.1
* (C) 2014-2019 Brendan Bulik-Sullivan and Hilary Finucane
* Broad Institute of MIT and Harvard / MIT Department of Mathematics
* GNU General Public License v3
*********************************************************************
Call: 
./ldsc.py \
--out /cluster/projects/nn9114k/datngu/projects/ofrei_ldsc/results/sldsc_sumstats_107/PASS.Type_2_Diabetes.Xue2018.sldsc_sv \
--h2 /cluster/projects/nn9114k/datngu/database/alkes_group_data/sumstats_107/PASS.Type_2_Diabetes.Xue2018.sumstats.gz \
--ref-ld-chr /cluster/projects/nn9114k/datngu/projects/ofrei_ldsc/ldsc_mixer_sv_reference/ldscore/chr \
--w-ld-chr /cluster/projects/nn9114k/datngu/projects/ofrei_ldsc/ldsc_mixer_sv_reference/weights/chr 

Beginning analysis at Wed Jun  3 14:53:53 2026
Reading summary statistics from /cluster/projects/nn9114k/datngu/database/alkes_group_data/sumstats_107/PASS.Type_2_Diabetes.Xue2018.sumstats.gz ...
Read summary statistics for 1001594 SNPs.
Reading reference panel LD Score from /cluster/projects/nn9114k/datngu/projects/ofrei_ldsc/ldsc_mixer_sv_reference/ldscore/chr[1-22] ... (ldscore_fromlist)
Read reference panel LD Scores for 9299279 SNPs.
Removing partitioned LD Scores with zero variance.
Reading regression weight LD Score from /cluster/projects/nn9114k/datngu/projects/ofrei_ldsc/ldsc_mixer_sv_reference/weights/chr[1-22] ... (ldscore_fromlist)
Read regression weight LD Scores for 9299279 SNPs.
After merging with reference panel LD, 996519 SNPs remain.
After merging with regression SNP LD, 996519 SNPs remain.
Removed 6 SNPs with chi^2 > 605.056 (996513 SNPs remain)
Total Observed scale h2: 0.0509 (0.0037)
Categories: outside_regionL2_0 within_regionL2_0
Observed scale h2: 5.0864e-02 5.6866e-05
Observed scale h2 SE: 0.0039 0.0023
Proportion of SNPs: 0.9947 0.0053
Proportion of h2g: 0.9989 0.0011
Enrichment: 1.0042 0.2118
Coefficients: 8.3803e-09 1.7677e-09
Coefficient SE: 6.3549e-10 7.1796e-08
Lambda GC: 1.4487
Mean Chi^2: 1.6772
Intercept: 1.2031 (0.0255)
Ratio: 0.2999 (0.0376)
Analysis finished at Wed Jun  3 14:55:06 2026
Total time elapsed: 1.0m:13.420000000000002s
Finished: Wed Jun  3 14:55:06 CEST 2026
LDSC log: /cluster/projects/nn9114k/datngu/projects/ofrei_ldsc/results/sldsc_sumstats_107/PASS.Type_2_Diabetes.Xue2018.sldsc_sv.log

Job 18226602 consumed 0.1 billing hours from project nn9114k.

Submitted 2026-06-03T14:47:31; waited 6.2 minutes in the queue after becoming eligible to run.

Requested wallclock time: 6.0 hours
Elapsed wallclock time:   1.4 minutes

Job exited normally.

Task and CPU statistics:
ID              CPUs  Tasks  CPU util                Start  Elapsed  Exit status
18226602           1            0.0 %  2026-06-03T14:53:45   81.0 s  0
18226602.batch     1      1    93.4 %  2026-06-03T14:53:45   81.0 s  0

Used CPU time:   1.3 CPU minutes
Unused CPU time: 5.3 CPU seconds

Memory statistics, in GiB:
ID               Alloc   Usage
18226602          16.0        
18226602.batch    16.0     3.6

Job 18226602 completed at Wed Jun 3 14:55:07 CEST 2026
